[2020-11-25 10:48:28 171 2564] <app>version: 5.31.70.7
[2020-11-25 10:48:28 172 2564] orderfee: 1.00
[2020-11-25 10:48:28 172 2564] <app><tradeDir>: D:\PyCharm 2020.2.3\pythonProject\Rohon_managementplatform_web\demo\trader\FUT_RHA
[2020-11-25 10:48:29 433 2564] Thread(MP_TimerThread(Rohon_TimerManager))[0x4150] create by thread[0x2564] suspend
[2020-11-25 10:48:29 433 2564] <app><TraderDllType>[1699][version:5]
[2020-11-25 10:48:29 433 4150] [0x0150eb10]create THREAD[4150:10800](MP_TimerThread(Rohon_TimerManager))
[2020-11-25 10:48:29 433 4150] THREAD[0x4150:10800](MP_TimerThread(Rohon_TimerManager)) runing
[2020-11-25 10:48:29 435 2564] <app><MDDllType>[1788][version:5]
[2020-11-25 10:48:29 489 2564] Thread(CheckUpdateThread)[0x2980] create by thread[0x2564] suspend
[2020-11-25 10:48:29 489 2980] [0x015133b0]create THREAD[2980:10800](CheckUpdateThread)
[2020-11-25 10:48:29 489 2980] THREAD[0x2980:10800](CheckUpdateThread) runing
[2020-11-25 10:48:29 489 2564] Thread(SockTranferWorkThread)[0x4cf0] create by thread[0x2564] suspend
[2020-11-25 10:48:29 489 2564] Thread(SockConnectWorkThread)[0x4220] create by thread[0x2564] suspend
[2020-11-25 10:48:29 490 4cf0] [0x01514ad0]create THREAD[4cf0:10800](SockTranferWorkThread)
[2020-11-25 10:48:29 490 4cf0] THREAD[0x4cf0:10800](SockTranferWorkThread) runing
[2020-11-25 10:48:29 490 4220] [0x015149c0]create THREAD[4220:10800](SockConnectWorkThread)
[2020-11-25 10:48:29 490 4220] THREAD[0x4220:10800](SockConnectWorkThread) runing
[2020-11-25 10:48:29 839 2564] <debug>init loginDlg over
[2020-11-25 10:48:38 224 35f0] [警告] !!!!!!!线程[0x00002980:CheckUpdateThread] 9 秒无响应,状态：运行 !!!!!!!
[2020-11-25 10:48:39 002 2980] <error>Connect server[-210.22.96.59] fail!
[2020-11-25 10:48:39 019 2980] <error>Fail to get the update server info.
[2020-11-25 10:48:39 120 2980] thread[2980](CheckUpdateThread) WaitFor self.
[2020-11-25 10:48:39 120 2980] THREAD[0x2980:10800](CheckUpdateThread) exit.
[2020-11-25 10:48:48 296 35f0] [警告] !!!!!!!线程[0x00002980:CheckUpdateThread] 19 秒无响应,状态：运行 !!!!!!!
[2020-11-25 10:48:58 371 35f0] [警告] !!!!!!!线程[0x00002980:CheckUpdateThread] 29 秒无响应,状态：运行 !!!!!!!
[2020-11-25 10:49:08 445 35f0] [警告] !!!!!!!线程[0x00002980:CheckUpdateThread] 39 秒无响应,状态：运行 !!!!!!!
[2020-11-25 10:49:18 518 35f0] [警告] !!!!!!!线程[0x00002980:CheckUpdateThread] 49 秒无响应,状态：运行 !!!!!!!
[2020-11-25 10:49:28 599 35f0] [警告] !!!!!!!线程[0x00002980:CheckUpdateThread] 59 秒无响应,状态：运行 !!!!!!!
[2020-11-25 10:49:33 890 2564] ~CLoginDlg
[2020-11-25 10:49:33 977 2564] ExitInstance()!
[2020-11-25 10:49:33 977 2564] Release preload!
[2020-11-25 10:49:33 977 2564] Release TradeApi!
[2020-11-25 10:49:33 977 2564] Release MDAPI!
[2020-11-25 10:49:33 977 2564] Release DB!
[2020-11-25 10:49:33 978 2564] Release Ar DB!
[2020-11-25 10:49:33 981 2564] Release TraderConfig!
[2020-11-25 10:49:33 981 2564] Release Public!
[2020-11-25 10:49:33 982 2564] Release DefaultFont!
[2020-11-25 10:49:33 982 2564] Release Log!
[2020-11-25 10:49:36 105 1f70] <app>version: 5.31.70.7
[2020-11-25 10:49:36 105 1f70] orderfee: 1.00
[2020-11-25 10:49:36 105 1f70] <app><tradeDir>: D:\PyCharm 2020.2.3\pythonProject\Rohon_managementplatform_web\demo\trader\FUT_RHA
[2020-11-25 10:49:36 679 1f70] Thread(MP_TimerThread(Rohon_TimerManager))[0x227c] create by thread[0x1f70] suspend
[2020-11-25 10:49:36 679 1f70] <app><TraderDllType>[1699][version:5]
[2020-11-25 10:49:36 683 1f70] <app><MDDllType>[1788][version:5]
[2020-11-25 10:49:36 683 227c] [0x015aebc0]create THREAD[227c:18796](MP_TimerThread(Rohon_TimerManager))
[2020-11-25 10:49:36 683 227c] THREAD[0x227c:18796](MP_TimerThread(Rohon_TimerManager)) runing
[2020-11-25 10:49:36 722 1f70] Thread(CheckUpdateThread)[0x1cf0] create by thread[0x1f70] suspend
[2020-11-25 10:49:36 722 1cf0] [0x015b3450]create THREAD[1cf0:18796](CheckUpdateThread)
[2020-11-25 10:49:36 722 1cf0] THREAD[0x1cf0:18796](CheckUpdateThread) runing
[2020-11-25 10:49:36 722 1f70] Thread(SockTranferWorkThread)[0x5874] create by thread[0x1f70] suspend
[2020-11-25 10:49:36 722 1f70] Thread(SockConnectWorkThread)[0x522c] create by thread[0x1f70] suspend
[2020-11-25 10:49:36 723 5874] [0x015b4b70]create THREAD[5874:18796](SockTranferWorkThread)
[2020-11-25 10:49:36 723 5874] THREAD[0x5874:18796](SockTranferWorkThread) runing
[2020-11-25 10:49:36 723 522c] [0x015b4a60]create THREAD[522c:18796](SockConnectWorkThread)
[2020-11-25 10:49:36 723 522c] THREAD[0x522c:18796](SockConnectWorkThread) runing
[2020-11-25 10:49:37 001 1f70] <debug>init loginDlg over
[2020-11-25 10:49:38 737 1cf0] <error>Connect server[-210.22.96.59] fail!
[2020-11-25 10:49:38 737 1cf0] <error>Fail to get the update server info.
[2020-11-25 10:49:38 838 1cf0] thread[1cf0](CheckUpdateThread) WaitFor self.
[2020-11-25 10:49:38 838 1cf0] THREAD[0x1cf0:18796](CheckUpdateThread) exit.
[2020-11-25 10:49:46 178 5ab8] [警告] !!!!!!!线程[0x00001cf0:CheckUpdateThread] 10 秒无响应,状态：运行 !!!!!!!
[2020-11-25 10:49:53 274 1f70] ~CLoginDlg
[2020-11-25 10:49:53 274 1f70] ExitInstance()!
[2020-11-25 10:49:53 274 1f70] Release preload!
[2020-11-25 10:49:53 274 1f70] Release TradeApi!
[2020-11-25 10:49:53 274 1f70] Release MDAPI!
[2020-11-25 10:49:53 274 1f70] Release DB!
[2020-11-25 10:49:53 274 1f70] Release Ar DB!
[2020-11-25 10:49:53 274 1f70] Release TraderConfig!
[2020-11-25 10:49:53 274 1f70] Release Public!
[2020-11-25 10:49:53 274 1f70] Release DefaultFont!
[2020-11-25 10:49:53 274 1f70] Release Log!
[2020-11-25 10:49:55 192 403c] <app>version: 5.31.70.7
[2020-11-25 10:49:55 193 403c] orderfee: 1.00
[2020-11-25 10:49:55 193 403c] <app><tradeDir>: D:\PyCharm 2020.2.3\pythonProject\Rohon_managementplatform_web\demo\trader\FUT_RHA
[2020-11-25 10:49:55 741 403c] Thread(MP_TimerThread(Rohon_TimerManager))[0x4438] create by thread[0x403c] suspend
[2020-11-25 10:49:55 741 403c] <app><TraderDllType>[1699][version:5]
[2020-11-25 10:49:55 741 4438] [0x0153ebc0]create THREAD[4438:22464](MP_TimerThread(Rohon_TimerManager))
[2020-11-25 10:49:55 741 4438] THREAD[0x4438:22464](MP_TimerThread(Rohon_TimerManager)) runing
[2020-11-25 10:49:55 742 403c] <app><MDDllType>[1788][version:5]
[2020-11-25 10:49:55 783 403c] Thread(CheckUpdateThread)[0x5674] create by thread[0x403c] suspend
[2020-11-25 10:49:55 783 5674] [0x01543450]create THREAD[5674:22464](CheckUpdateThread)
[2020-11-25 10:49:55 783 5674] THREAD[0x5674:22464](CheckUpdateThread) runing
[2020-11-25 10:49:55 783 403c] Thread(SockTranferWorkThread)[0x2ffc] create by thread[0x403c] suspend
[2020-11-25 10:49:55 783 403c] Thread(SockConnectWorkThread)[0x5bb8] create by thread[0x403c] suspend
[2020-11-25 10:49:55 784 2ffc] [0x01544b70]create THREAD[2ffc:22464](SockTranferWorkThread)
[2020-11-25 10:49:55 784 2ffc] THREAD[0x2ffc:22464](SockTranferWorkThread) runing
[2020-11-25 10:49:55 784 5bb8] [0x01544a60]create THREAD[5bb8:22464](SockConnectWorkThread)
[2020-11-25 10:49:55 784 5bb8] THREAD[0x5bb8:22464](SockConnectWorkThread) runing
[2020-11-25 10:49:56 060 403c] <debug>init loginDlg over
[2020-11-25 10:49:57 792 5674] <error>Connect server[-210.22.96.59] fail!
[2020-11-25 10:49:57 792 5674] <error>Fail to get the update server info.
[2020-11-25 10:49:57 894 5674] thread[5674](CheckUpdateThread) WaitFor self.
[2020-11-25 10:49:57 894 5674] THREAD[0x5674:22464](CheckUpdateThread) exit.
[2020-11-25 10:50:05 265 37ac] [警告] !!!!!!!线程[0x00005674:CheckUpdateThread] 10 秒无响应,状态：运行 !!!!!!!
[2020-11-25 10:50:14 992 403c] ~CLoginDlg
[2020-11-25 10:50:14 992 403c] ExitInstance()!
[2020-11-25 10:50:14 992 403c] Release preload!
[2020-11-25 10:50:14 992 403c] Release TradeApi!
[2020-11-25 10:50:14 992 403c] Release MDAPI!
[2020-11-25 10:50:14 992 403c] Release DB!
[2020-11-25 10:50:14 992 403c] Release Ar DB!
[2020-11-25 10:50:14 992 403c] Release TraderConfig!
[2020-11-25 10:50:14 992 403c] Release Public!
[2020-11-25 10:50:14 992 403c] Release DefaultFont!
[2020-11-25 10:50:14 992 403c] Release Log!
[2020-11-25 10:50:17 051 3fd0] <app>version: 5.31.70.7
[2020-11-25 10:50:17 052 3fd0] orderfee: 1.00
[2020-11-25 10:50:17 052 3fd0] <app><tradeDir>: D:\PyCharm 2020.2.3\pythonProject\Rohon_managementplatform_web\demo\trader\FUT_RHA
[2020-11-25 10:50:17 637 3fd0] Thread(MP_TimerThread(Rohon_TimerManager))[0x583c] create by thread[0x3fd0] suspend
[2020-11-25 10:50:17 637 3fd0] <app><TraderDllType>[1699][version:5]
[2020-11-25 10:50:17 637 583c] [0x0160ebc0]create THREAD[583c:22740](MP_TimerThread(Rohon_TimerManager))
[2020-11-25 10:50:17 637 583c] THREAD[0x583c:22740](MP_TimerThread(Rohon_TimerManager)) runing
[2020-11-25 10:50:17 639 3fd0] <app><MDDllType>[1788][version:5]
[2020-11-25 10:50:17 681 3fd0] Thread(CheckUpdateThread)[0x2384] create by thread[0x3fd0] suspend
[2020-11-25 10:50:17 681 2384] [0x01613450]create THREAD[2384:22740](CheckUpdateThread)
[2020-11-25 10:50:17 681 2384] THREAD[0x2384:22740](CheckUpdateThread) runing
[2020-11-25 10:50:17 682 3fd0] Thread(SockTranferWorkThread)[0x3cf0] create by thread[0x3fd0] suspend
[2020-11-25 10:50:17 682 3fd0] Thread(SockConnectWorkThread)[0x4e68] create by thread[0x3fd0] suspend
[2020-11-25 10:50:17 683 3cf0] [0x01614b70]create THREAD[3cf0:22740](SockTranferWorkThread)
[2020-11-25 10:50:17 683 3cf0] THREAD[0x3cf0:22740](SockTranferWorkThread) runing
[2020-11-25 10:50:17 683 4e68] [0x01614a60]create THREAD[4e68:22740](SockConnectWorkThread)
[2020-11-25 10:50:17 683 4e68] THREAD[0x4e68:22740](SockConnectWorkThread) runing
[2020-11-25 10:50:17 988 3fd0] <debug>init loginDlg over
[2020-11-25 10:50:27 124 2e00] [警告] !!!!!!!线程[0x00002384:CheckUpdateThread] 10 秒无响应,状态：运行 !!!!!!!
[2020-11-25 10:50:36 698 2384] <error>Connect server[-210.22.96.59] fail!
[2020-11-25 10:50:36 698 2384] <error>Fail to get the update server info.
[2020-11-25 10:50:36 800 2384] thread[2384](CheckUpdateThread) WaitFor self.
[2020-11-25 10:50:36 800 2384] THREAD[0x2384:22740](CheckUpdateThread) exit.
[2020-11-25 10:50:37 199 2e00] [警告] !!!!!!!线程[0x00002384:CheckUpdateThread] 20 秒无响应,状态：运行 !!!!!!!
[2020-11-25 10:50:47 273 2e00] [警告] !!!!!!!线程[0x00002384:CheckUpdateThread] 30 秒无响应,状态：运行 !!!!!!!
[2020-11-25 10:50:57 350 2e00] [警告] !!!!!!!线程[0x00002384:CheckUpdateThread] 40 秒无响应,状态：运行 !!!!!!!
[2020-11-25 10:51:07 423 2e00] [警告] !!!!!!!线程[0x00002384:CheckUpdateThread] 50 秒无响应,状态：运行 !!!!!!!
[2020-11-25 10:51:17 496 2e00] [警告] !!!!!!!线程[0x00002384:CheckUpdateThread] 60 秒无响应,状态：运行 !!!!!!!
[2020-11-25 10:51:27 570 2e00] [警告] !!!!!!!线程[0x00002384:CheckUpdateThread] 70 秒无响应,状态：运行 !!!!!!!
[2020-11-25 10:51:37 645 2e00] [警告] !!!!!!!线程[0x00002384:CheckUpdateThread] 80 秒无响应,状态：运行 !!!!!!!
[2020-11-25 10:51:47 718 2e00] [警告] !!!!!!!线程[0x00002384:CheckUpdateThread] 90 秒无响应,状态：运行 !!!!!!!
[2020-11-25 10:51:57 792 2e00] [警告] !!!!!!!线程[0x00002384:CheckUpdateThread] 100 秒无响应,状态：运行 !!!!!!!
[2020-11-25 10:52:07 869 2e00] [警告] !!!!!!!线程[0x00002384:CheckUpdateThread] 110 秒无响应,状态：运行 !!!!!!!
[2020-11-25 10:52:17 944 2e00] [警告] !!!!!!!线程[0x00002384:CheckUpdateThread] 120 秒无响应,状态：运行 !!!!!!!
[2020-11-25 10:52:28 017 2e00] [警告] !!!!!!!线程[0x00002384:CheckUpdateThread] 131 秒无响应,状态：运行 !!!!!!!
[2020-11-25 10:52:37 483 3fd0] ~CLoginDlg
[2020-11-25 10:52:37 483 3fd0] ExitInstance()!
[2020-11-25 10:52:37 483 3fd0] Release preload!
[2020-11-25 10:52:37 483 3fd0] Release TradeApi!
[2020-11-25 10:52:37 483 3fd0] Release MDAPI!
[2020-11-25 10:52:37 483 3fd0] Release DB!
[2020-11-25 10:52:37 483 3fd0] Release Ar DB!
[2020-11-25 10:52:37 483 3fd0] Release TraderConfig!
[2020-11-25 10:52:37 483 3fd0] Release Public!
[2020-11-25 10:52:37 483 3fd0] Release DefaultFont!
[2020-11-25 10:52:37 483 3fd0] Release Log!
[2020-11-25 10:52:39 459 5b08] <app>version: 5.31.70.7
[2020-11-25 10:52:39 459 5b08] orderfee: 1.00
[2020-11-25 10:52:39 459 5b08] <app><tradeDir>: D:\PyCharm 2020.2.3\pythonProject\Rohon_managementplatform_web\demo\trader\FUT_RHA
[2020-11-25 10:52:40 033 5b08] Thread(MP_TimerThread(Rohon_TimerManager))[0x5890] create by thread[0x5b08] suspend
[2020-11-25 10:52:40 033 5b08] <app><TraderDllType>[1699][version:5]
[2020-11-25 10:52:40 034 5890] [0x0158ebc0]create THREAD[5890:19120](MP_TimerThread(Rohon_TimerManager))
[2020-11-25 10:52:40 034 5890] THREAD[0x5890:19120](MP_TimerThread(Rohon_TimerManager)) runing
[2020-11-25 10:52:40 035 5b08] <app><MDDllType>[1788][version:5]
[2020-11-25 10:52:40 073 5b08] Thread(CheckUpdateThread)[0x496c] create by thread[0x5b08] suspend
[2020-11-25 10:52:40 073 496c] [0x01593450]create THREAD[496c:19120](CheckUpdateThread)
[2020-11-25 10:52:40 074 496c] THREAD[0x496c:19120](CheckUpdateThread) runing
[2020-11-25 10:52:40 074 5b08] Thread(SockTranferWorkThread)[0x4c68] create by thread[0x5b08] suspend
[2020-11-25 10:52:40 074 5b08] Thread(SockConnectWorkThread)[0x5034] create by thread[0x5b08] suspend
[2020-11-25 10:52:40 074 4c68] [0x01594b70]create THREAD[4c68:19120](SockTranferWorkThread)
[2020-11-25 10:52:40 074 4c68] THREAD[0x4c68:19120](SockTranferWorkThread) runing
[2020-11-25 10:52:40 074 5034] [0x01594a60]create THREAD[5034:19120](SockConnectWorkThread)
[2020-11-25 10:52:40 074 5034] THREAD[0x5034:19120](SockConnectWorkThread) runing
[2020-11-25 10:52:40 343 5b08] <debug>init loginDlg over
[2020-11-25 10:52:49 536 57b0] [警告] !!!!!!!线程[0x0000496c:CheckUpdateThread] 9 秒无响应,状态：运行 !!!!!!!
[2020-11-25 10:52:55 589 496c] <error>Connect server[-210.22.96.59] fail!
[2020-11-25 10:52:55 589 496c] <error>Fail to get the update server info.
[2020-11-25 10:52:55 690 496c] thread[496c](CheckUpdateThread) WaitFor self.
[2020-11-25 10:52:55 690 496c] THREAD[0x496c:19120](CheckUpdateThread) exit.
[2020-11-25 10:52:59 610 57b0] [警告] !!!!!!!线程[0x0000496c:CheckUpdateThread] 19 秒无响应,状态：运行 !!!!!!!
[2020-11-25 10:53:09 691 57b0] [警告] !!!!!!!线程[0x0000496c:CheckUpdateThread] 29 秒无响应,状态：运行 !!!!!!!
[2020-11-25 10:53:19 765 57b0] [警告] !!!!!!!线程[0x0000496c:CheckUpdateThread] 39 秒无响应,状态：运行 !!!!!!!
[2020-11-25 10:53:29 841 57b0] [警告] !!!!!!!线程[0x0000496c:CheckUpdateThread] 49 秒无响应,状态：运行 !!!!!!!
[2020-11-25 10:53:39 917 57b0] [警告] !!!!!!!线程[0x0000496c:CheckUpdateThread] 59 秒无响应,状态：运行 !!!!!!!
[2020-11-25 10:53:49 990 57b0] [警告] !!!!!!!线程[0x0000496c:CheckUpdateThread] 69 秒无响应,状态：运行 !!!!!!!
[2020-11-25 10:53:50 989 5b08] ~CLoginDlg
[2020-11-25 10:53:50 989 5b08] ExitInstance()!
[2020-11-25 10:53:50 989 5b08] Release preload!
[2020-11-25 10:53:50 989 5b08] Release TradeApi!
[2020-11-25 10:53:50 989 5b08] Release MDAPI!
[2020-11-25 10:53:50 989 5b08] Release DB!
[2020-11-25 10:53:50 989 5b08] Release Ar DB!
[2020-11-25 10:53:50 989 5b08] Release TraderConfig!
[2020-11-25 10:53:50 989 5b08] Release Public!
[2020-11-25 10:53:50 989 5b08] Release DefaultFont!
[2020-11-25 10:53:50 989 5b08] Release Log!
[2020-11-25 10:54:20 917 523c] <app>version: 5.31.70.7
[2020-11-25 10:54:20 917 523c] orderfee: 1.00
[2020-11-25 10:54:20 917 523c] <app><tradeDir>: D:\PyCharm 2020.2.3\pythonProject\Rohon_managementplatform_web\demo\trader\FUT_RHA
[2020-11-25 10:54:21 520 523c] Thread(MP_TimerThread(Rohon_TimerManager))[0x32a4] create by thread[0x523c] suspend
[2020-11-25 10:54:21 520 523c] <app><TraderDllType>[1699][version:5]
[2020-11-25 10:54:21 520 32a4] [0x0152ebc0]create THREAD[32a4:804](MP_TimerThread(Rohon_TimerManager))
[2020-11-25 10:54:21 520 32a4] THREAD[0x32a4:804](MP_TimerThread(Rohon_TimerManager)) runing
[2020-11-25 10:54:21 522 523c] <app><MDDllType>[1788][version:5]
[2020-11-25 10:54:21 559 523c] Thread(CheckUpdateThread)[0x20c] create by thread[0x523c] suspend
[2020-11-25 10:54:21 559 020c] [0x01533450]create THREAD[20c:804](CheckUpdateThread)
[2020-11-25 10:54:21 559 020c] THREAD[0x20c:804](CheckUpdateThread) runing
[2020-11-25 10:54:21 559 523c] Thread(SockTranferWorkThread)[0x3770] create by thread[0x523c] suspend
[2020-11-25 10:54:21 559 523c] Thread(SockConnectWorkThread)[0x594] create by thread[0x523c] suspend
[2020-11-25 10:54:21 560 3770] [0x01534b70]create THREAD[3770:804](SockTranferWorkThread)
[2020-11-25 10:54:21 560 0594] [0x01534a60]create THREAD[594:804](SockConnectWorkThread)
[2020-11-25 10:54:21 560 0594] THREAD[0x594:804](SockConnectWorkThread) runing
[2020-11-25 10:54:21 560 3770] THREAD[0x3770:804](SockTranferWorkThread) runing
[2020-11-25 10:54:21 835 523c] <debug>init loginDlg over
[2020-11-25 10:54:30 997 5490] [警告] !!!!!!!线程[0x0000020c:CheckUpdateThread] 9 秒无响应,状态：运行 !!!!!!!
[2020-11-25 10:54:37 076 020c] <error>Connect server[-210.22.96.59] fail!
[2020-11-25 10:54:37 076 020c] <error>Fail to get the update server info.
[2020-11-25 10:54:37 177 020c] thread[20c](CheckUpdateThread) WaitFor self.
[2020-11-25 10:54:37 177 020c] THREAD[0x20c:804](CheckUpdateThread) exit.
[2020-11-25 10:54:41 081 5490] [警告] !!!!!!!线程[0x0000020c:CheckUpdateThread] 20 秒无响应,状态：运行 !!!!!!!
[2020-11-25 10:54:51 155 5490] [警告] !!!!!!!线程[0x0000020c:CheckUpdateThread] 30 秒无响应,状态：运行 !!!!!!!
[2020-11-25 10:54:57 373 523c] ~CLoginDlg
[2020-11-25 10:54:57 373 523c] ExitInstance()!
[2020-11-25 10:54:57 373 523c] Release preload!
[2020-11-25 10:54:57 373 523c] Release TradeApi!
[2020-11-25 10:54:57 373 523c] Release MDAPI!
[2020-11-25 10:54:57 373 523c] Release DB!
[2020-11-25 10:54:57 373 523c] Release Ar DB!
[2020-11-25 10:54:57 373 523c] Release TraderConfig!
[2020-11-25 10:54:57 373 523c] Release Public!
[2020-11-25 10:54:57 373 523c] Release DefaultFont!
[2020-11-25 10:54:57 373 523c] Release Log!
[2020-11-25 10:54:59 639 2398] <app>version: 5.31.70.7
[2020-11-25 10:54:59 639 2398] orderfee: 1.00
[2020-11-25 10:54:59 639 2398] <app><tradeDir>: D:\PyCharm 2020.2.3\pythonProject\Rohon_managementplatform_web\demo\trader\FUT_RHA
[2020-11-25 10:55:00 205 2398] Thread(MP_TimerThread(Rohon_TimerManager))[0x28f4] create by thread[0x2398] suspend
[2020-11-25 10:55:00 205 2398] <app><TraderDllType>[1699][version:5]
[2020-11-25 10:55:00 205 28f4] [0x015eebc0]create THREAD[28f4:22888](MP_TimerThread(Rohon_TimerManager))
[2020-11-25 10:55:00 205 28f4] THREAD[0x28f4:22888](MP_TimerThread(Rohon_TimerManager)) runing
[2020-11-25 10:55:00 207 2398] <app><MDDllType>[1788][version:5]
[2020-11-25 10:55:00 248 2398] Thread(CheckUpdateThread)[0x2384] create by thread[0x2398] suspend
[2020-11-25 10:55:00 248 2384] [0x015f3450]create THREAD[2384:22888](CheckUpdateThread)
[2020-11-25 10:55:00 248 2384] THREAD[0x2384:22888](CheckUpdateThread) runing
[2020-11-25 10:55:00 248 2398] Thread(SockTranferWorkThread)[0x351c] create by thread[0x2398] suspend
[2020-11-25 10:55:00 248 2398] Thread(SockConnectWorkThread)[0x4518] create by thread[0x2398] suspend
[2020-11-25 10:55:00 250 351c] [0x015f4b70]create THREAD[351c:22888](SockTranferWorkThread)
[2020-11-25 10:55:00 250 351c] THREAD[0x351c:22888](SockTranferWorkThread) runing
[2020-11-25 10:55:00 250 4518] [0x015f4a60]create THREAD[4518:22888](SockConnectWorkThread)
[2020-11-25 10:55:00 250 4518] THREAD[0x4518:22888](SockConnectWorkThread) runing
[2020-11-25 10:55:00 524 2398] <debug>init loginDlg over
[2020-11-25 10:55:03 185 2398] LoginDlg - BnClickedLogin
[2020-11-25 10:55:03 185 2398] style error !
[2020-11-25 10:55:03 349 2398] <app><MdBrokerID>[Rohon]
[2020-11-25 10:55:03 349 2398] On _Init one
[2020-11-25 10:55:03 349 2398] Thread(RohonMarket)[0x4b28] create by thread[0x2398] suspend
[2020-11-25 10:55:03 349 2398] 成功分配第1个定时资源组(每组256个资源)
[2020-11-25 10:55:03 349 4b28] [0x015f5330]create THREAD[4b28:22888](RohonMarket)
[2020-11-25 10:55:03 349 4b28] THREAD[0x4b28:22888](RohonMarket) runing
[2020-11-25 10:55:03 391 2398] [CTP]MDRegisterSpi
[2020-11-25 10:55:03 391 2398] [Init] [tcp://120.136.169.26:41215]
[2020-11-25 10:55:03 391 2398] [CTP]MD Init
[2020-11-25 10:55:03 391 2398] [CTP]MD Init completed!
[2020-11-25 10:55:03 391 2398] <app><TradeBrokerID>[Rohon]
[2020-11-25 10:55:03 391 2398] [version] RHTrader [5] [1699]
[2020-11-25 10:55:03 425 3cf0] [CTP] On MDFrontConnected
[2020-11-25 10:55:03 425 3cf0] [CTP] MD ReqUserLogin
[2020-11-25 10:55:03 430 3cf0] On MDRspUserLogin()
[2020-11-25 10:55:03 430 3cf0] MD Front[0] LoginTime=,SHFETime=
[2020-11-25 10:55:03 430 3cf0] unsub all
[2020-11-25 10:55:03 430 3cf0] sub all
[2020-11-25 10:55:06 056 2398] [Init] [tcp://192.168.1.50:10001]
[2020-11-25 10:55:08 268 2384] <error>Connect server[-210.22.96.59] fail!
[2020-11-25 10:55:08 268 2384] <error>Fail to get the update server info.
[2020-11-25 10:55:08 369 2384] thread[2384](CheckUpdateThread) WaitFor self.
[2020-11-25 10:55:08 369 2384] THREAD[0x2384:22888](CheckUpdateThread) exit.
[2020-11-25 10:55:09 714 5944] [警告] !!!!!!!线程[0x00002384:CheckUpdateThread] 9 秒无响应,状态：运行 !!!!!!!
[2020-11-25 10:55:19 788 5944] [警告] !!!!!!!线程[0x00002384:CheckUpdateThread] 19 秒无响应,状态：运行 !!!!!!!
[2020-11-25 10:55:29 862 5944] [警告] !!!!!!!线程[0x00002384:CheckUpdateThread] 29 秒无响应,状态：运行 !!!!!!!
[2020-11-25 10:55:39 936 5944] [警告] !!!!!!!线程[0x00002384:CheckUpdateThread] 39 秒无响应,状态：运行 !!!!!!!
[2020-11-25 10:55:50 008 5944] [警告] !!!!!!!线程[0x00002384:CheckUpdateThread] 50 秒无响应,状态：运行 !!!!!!!
[2020-11-25 10:56:00 081 5944] [警告] !!!!!!!线程[0x00002384:CheckUpdateThread] 60 秒无响应,状态：运行 !!!!!!!
[2020-11-25 10:56:05 009 2398] ~CLoginDlg
[2020-11-25 10:56:05 009 2398] ExitInstance()!
[2020-11-25 10:56:05 009 2398] Release preload!
[2020-11-25 10:56:05 009 2398] Release TradeApi!
[2020-11-25 10:56:05 009 2398] TradeAPI Release 
[2020-11-25 10:56:05 009 2398] Release MDAPI!
[2020-11-25 10:56:05 023 4b28] THREAD[0x4b28:22888](RohonMarket) exit.
[2020-11-25 10:56:05 023 2398] thread[4b28](RohonMarket) state=-1 WaitFor(end) return 0.
[2020-11-25 10:56:05 023 2398] !!ClearTimer(identify=0x2) 失败,对象不匹配,real id=0x1!!
[2020-11-25 10:56:05 023 2398] thread[4b28](RohonMarket) state=-1 WaitFor return 0.
[2020-11-25 10:56:05 023 2398] Thread[0x2398] kill thread(0x4b28)
[2020-11-25 10:56:05 023 2398] Release DB!
[2020-11-25 10:56:05 023 2398] Release Ar DB!
[2020-11-25 10:56:05 023 2398] Release TraderConfig!
[2020-11-25 10:56:05 023 2398] Release Public!
[2020-11-25 10:56:05 023 2398] Release DefaultFont!
[2020-11-25 10:56:05 023 2398] Release Log!
[2020-11-25 10:56:11 146 4350] <app>version: 5.31.70.7
[2020-11-25 10:56:11 147 4350] orderfee: 1.00
[2020-11-25 10:56:11 147 4350] <app><tradeDir>: D:\PyCharm 2020.2.3\pythonProject\Rohon_managementplatform_web\demo\trader\FUT_RHA
[2020-11-25 10:56:11 735 4350] Thread(MP_TimerThread(Rohon_TimerManager))[0x28b0] create by thread[0x4350] suspend
[2020-11-25 10:56:11 735 4350] <app><TraderDllType>[1699][version:5]
[2020-11-25 10:56:11 735 28b0] [0x0150ebc0]create THREAD[28b0:22564](MP_TimerThread(Rohon_TimerManager))
[2020-11-25 10:56:11 735 28b0] THREAD[0x28b0:22564](MP_TimerThread(Rohon_TimerManager)) runing
[2020-11-25 10:56:11 736 4350] <app><MDDllType>[1788][version:5]
[2020-11-25 10:56:11 776 4350] Thread(CheckUpdateThread)[0x46e8] create by thread[0x4350] suspend
[2020-11-25 10:56:11 776 46e8] [0x01513450]create THREAD[46e8:22564](CheckUpdateThread)
[2020-11-25 10:56:11 776 46e8] THREAD[0x46e8:22564](CheckUpdateThread) runing
[2020-11-25 10:56:11 777 4350] Thread(SockTranferWorkThread)[0x592c] create by thread[0x4350] suspend
[2020-11-25 10:56:11 777 4350] Thread(SockConnectWorkThread)[0x46c4] create by thread[0x4350] suspend
[2020-11-25 10:56:11 777 592c] [0x01514b70]create THREAD[592c:22564](SockTranferWorkThread)
[2020-11-25 10:56:11 777 592c] THREAD[0x592c:22564](SockTranferWorkThread) runing
[2020-11-25 10:56:11 777 46c4] [0x01514a60]create THREAD[46c4:22564](SockConnectWorkThread)
[2020-11-25 10:56:11 777 46c4] THREAD[0x46c4:22564](SockConnectWorkThread) runing
[2020-11-25 10:56:12 072 4350] <debug>init loginDlg over
[2020-11-25 10:56:14 768 4350] LoginDlg - BnClickedLogin
[2020-11-25 10:56:14 768 4350] style error !
[2020-11-25 10:56:14 926 4350] <app><MdBrokerID>[Rohon]
[2020-11-25 10:56:14 926 4350] On _Init one
[2020-11-25 10:56:14 926 4350] Thread(RohonMarket)[0x22f4] create by thread[0x4350] suspend
[2020-11-25 10:56:14 926 4350] 成功分配第1个定时资源组(每组256个资源)
[2020-11-25 10:56:14 927 22f4] [0x01515340]create THREAD[22f4:22564](RohonMarket)
[2020-11-25 10:56:14 927 22f4] THREAD[0x22f4:22564](RohonMarket) runing
[2020-11-25 10:56:14 927 4350] [CTP]MDRegisterSpi
[2020-11-25 10:56:14 927 4350] [Init] [tcp://120.136.169.26:41215]
[2020-11-25 10:56:14 927 4350] [CTP]MD Init
[2020-11-25 10:56:14 927 4350] [CTP]MD Init completed!
[2020-11-25 10:56:14 927 4350] <app><TradeBrokerID>[Rohon]
[2020-11-25 10:56:14 927 4350] [version] RHTrader [5] [1699]
[2020-11-25 10:56:14 958 15a8] [CTP] On MDFrontConnected
[2020-11-25 10:56:14 958 15a8] [CTP] MD ReqUserLogin
[2020-11-25 10:56:14 962 15a8] On MDRspUserLogin()
[2020-11-25 10:56:14 962 15a8] MD Front[0] LoginTime=,SHFETime=
[2020-11-25 10:56:14 962 15a8] unsub all
[2020-11-25 10:56:14 962 15a8] sub all
[2020-11-25 10:56:17 493 4350] [Init] [tcp://192.168.1.50:10001]
[2020-11-25 10:56:21 219 23ac] [警告] !!!!!!!线程[0x000046e8:CheckUpdateThread] 10 秒无响应,状态：运行 !!!!!!!
[2020-11-25 10:56:23 789 46e8] <error>Connect server[-210.22.96.59] fail!
[2020-11-25 10:56:23 789 46e8] <error>Fail to get the update server info.
[2020-11-25 10:56:23 889 46e8] thread[46e8](CheckUpdateThread) WaitFor self.
[2020-11-25 10:56:23 889 46e8] THREAD[0x46e8:22564](CheckUpdateThread) exit.
[2020-11-25 10:56:31 292 23ac] [警告] !!!!!!!线程[0x000046e8:CheckUpdateThread] 20 秒无响应,状态：运行 !!!!!!!
[2020-11-25 10:56:32 811 4350] <app><tradeDir>: D:\PyCharm 2020.2.3\pythonProject\Rohon_managementplatform_web\demo\trader\FUT_RHA
[2020-11-25 10:56:41 365 23ac] [警告] !!!!!!!线程[0x000046e8:CheckUpdateThread] 30 秒无响应,状态：运行 !!!!!!!
[2020-11-25 10:56:42 037 4350] [version] RHTrader [5] [1699]
[2020-11-25 10:56:43 360 4350] [Init] [tcp://192.168.1.50:10001]
[2020-11-25 10:56:48 366 4350] TradeAPI Release 
[2020-11-25 10:56:51 439 23ac] [警告] !!!!!!!线程[0x000046e8:CheckUpdateThread] 40 秒无响应,状态：运行 !!!!!!!
[2020-11-25 10:56:52 349 4350] On _Init one
[2020-11-25 10:56:52 350 4350] [CTP]MDRegisterSpi
[2020-11-25 10:56:52 350 4350] [Init] [tcp://120.136.169.26:41215]
[2020-11-25 10:56:52 350 4350] [CTP]MD Init
[2020-11-25 10:56:52 350 4350] [CTP]MD Init completed!
[2020-11-25 10:56:52 382 57f4] [CTP] On MDFrontConnected
[2020-11-25 10:56:55 215 4350] On _Init one
[2020-11-25 10:56:55 216 4350] [CTP]MDRegisterSpi
[2020-11-25 10:56:55 216 4350] [Init] [tcp://120.136.169.26:41215]
[2020-11-25 10:56:55 216 4350] [CTP]MD Init
[2020-11-25 10:56:55 216 4350] [CTP]MD Init completed!
[2020-11-25 10:56:55 246 0f0c] [CTP] On MDFrontConnected
[2020-11-25 10:56:55 606 4350] On _Init one
[2020-11-25 10:56:55 606 4350] [CTP]MDRegisterSpi
[2020-11-25 10:56:55 606 4350] [Init] [tcp://120.136.169.26:41215]
[2020-11-25 10:56:55 606 4350] [CTP]MD Init
[2020-11-25 10:56:55 606 4350] [CTP]MD Init completed!
[2020-11-25 10:56:55 631 5920] [CTP] On MDFrontConnected
[2020-11-25 10:57:00 359 4350] ~CLoginDlg
[2020-11-25 10:57:00 359 4350] ExitInstance()!
[2020-11-25 10:57:00 359 4350] Release preload!
[2020-11-25 10:57:00 359 4350] Release TradeApi!
[2020-11-25 10:57:00 359 4350] TradeAPI Release 
[2020-11-25 10:57:00 359 4350] Release MDAPI!
[2020-11-25 10:57:00 373 22f4] THREAD[0x22f4:22564](RohonMarket) exit.
[2020-11-25 10:57:00 373 4350] thread[22f4](RohonMarket) state=-1 WaitFor(end) return 0.
[2020-11-25 10:57:00 373 4350] !!ClearTimer(identify=0x2) 失败,对象不匹配,real id=0x1!!
[2020-11-25 10:57:00 373 4350] thread[22f4](RohonMarket) state=-1 WaitFor return 0.
[2020-11-25 10:57:00 373 4350] Thread[0x4350] kill thread(0x22f4)
[2020-11-25 10:57:00 373 4350] Release DB!
[2020-11-25 10:57:00 373 4350] Release Ar DB!
[2020-11-25 10:57:00 373 4350] Release TraderConfig!
[2020-11-25 10:57:00 373 4350] Release Public!
[2020-11-25 10:57:00 373 4350] Release DefaultFont!
[2020-11-25 10:57:00 373 4350] Release Log!
[2020-11-25 10:59:35 007 4a04] <app>version: 5.31.70.7
[2020-11-25 10:59:35 008 4a04] orderfee: 1.00
[2020-11-25 10:59:35 008 4a04] <app><tradeDir>: D:\PyCharm 2020.2.3\pythonProject\Rohon_managementplatform_web\demo\trader\FUT_RHA
[2020-11-25 10:59:35 604 4a04] Thread(MP_TimerThread(Rohon_TimerManager))[0x4d44] create by thread[0x4a04] suspend
[2020-11-25 10:59:35 604 4a04] <app><TraderDllType>[1699][version:5]
[2020-11-25 10:59:35 604 4d44] [0x0164ebc0]create THREAD[4d44:11080](MP_TimerThread(Rohon_TimerManager))
[2020-11-25 10:59:35 604 4d44] THREAD[0x4d44:11080](MP_TimerThread(Rohon_TimerManager)) runing
[2020-11-25 10:59:35 606 4a04] <app><MDDllType>[1788][version:5]
[2020-11-25 10:59:35 644 4a04] Thread(CheckUpdateThread)[0x35f0] create by thread[0x4a04] suspend
[2020-11-25 10:59:35 645 35f0] [0x01653450]create THREAD[35f0:11080](CheckUpdateThread)
[2020-11-25 10:59:35 645 35f0] THREAD[0x35f0:11080](CheckUpdateThread) runing
[2020-11-25 10:59:35 645 4a04] Thread(SockTranferWorkThread)[0x3264] create by thread[0x4a04] suspend
[2020-11-25 10:59:35 645 4a04] Thread(SockConnectWorkThread)[0x2ff0] create by thread[0x4a04] suspend
[2020-11-25 10:59:35 645 3264] [0x01654b70]create THREAD[3264:11080](SockTranferWorkThread)
[2020-11-25 10:59:35 645 3264] THREAD[0x3264:11080](SockTranferWorkThread) runing
[2020-11-25 10:59:35 646 2ff0] [0x01654a60]create THREAD[2ff0:11080](SockConnectWorkThread)
[2020-11-25 10:59:35 646 2ff0] THREAD[0x2ff0:11080](SockConnectWorkThread) runing
[2020-11-25 10:59:35 911 4a04] <debug>init loginDlg over
[2020-11-25 10:59:38 568 4a04] LoginDlg - BnClickedLogin
[2020-11-25 10:59:38 568 4a04] style error !
[2020-11-25 10:59:38 641 4a04] <app><MdBrokerID>[Rohon]
[2020-11-25 10:59:38 641 4a04] On _Init one
[2020-11-25 10:59:38 641 4a04] Thread(RohonMarket)[0x5a84] create by thread[0x4a04] suspend
[2020-11-25 10:59:38 642 4a04] 成功分配第1个定时资源组(每组256个资源)
[2020-11-25 10:59:38 642 5a84] [0x01655340]create THREAD[5a84:11080](RohonMarket)
[2020-11-25 10:59:38 642 5a84] THREAD[0x5a84:11080](RohonMarket) runing
[2020-11-25 10:59:38 642 4a04] [CTP]MDRegisterSpi
[2020-11-25 10:59:38 642 4a04] [Init] [tcp://120.136.169.26:41215]
[2020-11-25 10:59:38 642 4a04] [CTP]MD Init
[2020-11-25 10:59:38 642 4a04] [CTP]MD Init completed!
[2020-11-25 10:59:38 642 4a04] <app><TradeBrokerID>[Rohon]
[2020-11-25 10:59:38 642 4a04] [version] RHTrader [5] [1699]
[2020-11-25 10:59:38 671 2098] [CTP] On MDFrontConnected
[2020-11-25 10:59:38 671 2098] [CTP] MD ReqUserLogin
[2020-11-25 10:59:38 675 2098] On MDRspUserLogin()
[2020-11-25 10:59:38 675 2098] MD Front[0] LoginTime=,SHFETime=
[2020-11-25 10:59:38 675 2098] unsub all
[2020-11-25 10:59:38 675 2098] sub all
[2020-11-25 10:59:41 040 4a04] [Init] [tcp://192.168.1.50:10001]
[2020-11-25 10:59:41 468 4a04] ~CLoginDlg
[2020-11-25 10:59:41 468 4a04] ExitInstance()!
[2020-11-25 10:59:41 468 4a04] Release preload!
[2020-11-25 10:59:41 468 4a04] Release TradeApi!
[2020-11-25 10:59:41 468 4a04] TradeAPI Release 
[2020-11-25 10:59:41 469 2ff0] <warn> connect res changed from[0x047d0a10:262149] to [262144]
[2020-11-25 10:59:41 469 4a04] Release MDAPI!
[2020-11-25 10:59:41 479 5a84] THREAD[0x5a84:11080](RohonMarket) exit.
[2020-11-25 10:59:41 479 4a04] thread[5a84](RohonMarket) state=-1 WaitFor(end) return 0.
[2020-11-25 10:59:41 479 4a04] !!ClearTimer(identify=0x2) 失败,对象不匹配,real id=0x1!!
[2020-11-25 10:59:41 479 4a04] thread[5a84](RohonMarket) state=-1 WaitFor return 0.
[2020-11-25 10:59:41 479 4a04] Thread[0x4a04] kill thread(0x5a84)
[2020-11-25 10:59:41 479 4a04] Release DB!
[2020-11-25 10:59:41 479 4a04] Release Ar DB!
[2020-11-25 10:59:41 480 4a04] Release TraderConfig!
[2020-11-25 10:59:41 480 4a04] Release Public!
[2020-11-25 10:59:41 480 4a04] Release DefaultFont!
[2020-11-25 10:59:41 480 4a04] Release Log!
