[2020-11-23 15:58:49 448 44fc] <app>version: 5.31.70.7
[2020-11-23 15:58:49 449 44fc] orderfee: 1.00
[2020-11-23 15:58:49 449 44fc] <app><tradeDir>: D:\PyCharm 2020.2.3\pythonProject\Rohon_managementplatform_web\demo\trader\FUT_RHA
[2020-11-23 15:58:49 696 44fc] Thread(MP_TimerThread(Rohon_TimerManager))[0x2564] create by thread[0x44fc] suspend
[2020-11-23 15:58:49 696 44fc] <app><TraderDllType>[1699][version:5]
[2020-11-23 15:58:49 696 2564] [0x0150ebc0]create THREAD[2564:11252](MP_TimerThread(Rohon_TimerManager))
[2020-11-23 15:58:49 696 2564] THREAD[0x2564:11252](MP_TimerThread(Rohon_TimerManager)) runing
[2020-11-23 15:58:49 698 44fc] <app><MDDllType>[1788][version:5]
[2020-11-23 15:58:49 729 44fc] Thread(CheckUpdateThread)[0x4ba4] create by thread[0x44fc] suspend
[2020-11-23 15:58:49 729 4ba4] [0x01513450]create THREAD[4ba4:11252](CheckUpdateThread)
[2020-11-23 15:58:49 729 4ba4] THREAD[0x4ba4:11252](CheckUpdateThread) runing
[2020-11-23 15:58:49 729 44fc] Thread(SockTranferWorkThread)[0x4a88] create by thread[0x44fc] suspend
[2020-11-23 15:58:49 729 44fc] Thread(SockConnectWorkThread)[0x1294] create by thread[0x44fc] suspend
[2020-11-23 15:58:49 729 4a88] [0x01514b70]create THREAD[4a88:11252](SockTranferWorkThread)
[2020-11-23 15:58:49 729 4a88] THREAD[0x4a88:11252](SockTranferWorkThread) runing
[2020-11-23 15:58:49 729 1294] [0x01514a60]create THREAD[1294:11252](SockConnectWorkThread)
[2020-11-23 15:58:49 729 1294] THREAD[0x1294:11252](SockConnectWorkThread) runing
[2020-11-23 15:58:49 790 44fc] <debug>init loginDlg over
[2020-11-23 15:58:52 014 44fc] LoginDlg - BnClickedLogin
[2020-11-23 15:58:53 242 4ba4] <error>Connect server[-210.22.96.59] fail!
[2020-11-23 15:58:53 242 4ba4] <error>Fail to get the update server info.
[2020-11-23 15:58:53 343 4ba4] thread[4ba4](CheckUpdateThread) WaitFor self.
[2020-11-23 15:58:53 343 4ba4] THREAD[0x4ba4:11252](CheckUpdateThread) exit.
[2020-11-23 15:58:59 521 4bb0] [警告] !!!!!!!线程[0x00004ba4:CheckUpdateThread] 10 秒无响应,状态：运行 !!!!!!!
[2020-11-23 15:59:09 594 4bb0] [警告] !!!!!!!线程[0x00004ba4:CheckUpdateThread] 20 秒无响应,状态：运行 !!!!!!!
[2020-11-23 15:59:17 735 44fc] ~CLoginDlg
[2020-11-23 15:59:17 735 44fc] ExitInstance()!
[2020-11-23 15:59:17 735 44fc] Release preload!
[2020-11-23 15:59:17 735 44fc] Release TradeApi!
[2020-11-23 15:59:17 735 44fc] Release MDAPI!
[2020-11-23 15:59:17 735 44fc] Release DB!
[2020-11-23 15:59:17 736 44fc] Release Ar DB!
[2020-11-23 15:59:17 736 44fc] Release TraderConfig!
[2020-11-23 15:59:17 736 44fc] Release Public!
[2020-11-23 15:59:17 736 44fc] Release DefaultFont!
[2020-11-23 15:59:17 736 44fc] Release Log!
[2020-11-23 15:59:19 482 48b8] <app>version: 5.31.70.7
[2020-11-23 15:59:19 482 48b8] orderfee: 1.00
[2020-11-23 15:59:19 482 48b8] <app><tradeDir>: D:\PyCharm 2020.2.3\pythonProject\Rohon_managementplatform_web\demo\trader\FUT_RHA
[2020-11-23 15:59:19 727 48b8] Thread(MP_TimerThread(Rohon_TimerManager))[0x5e0] create by thread[0x48b8] suspend
[2020-11-23 15:59:19 727 48b8] <app><TraderDllType>[1699][version:5]
[2020-11-23 15:59:19 727 05e0] [0x0153ebc0]create THREAD[5e0:9672](MP_TimerThread(Rohon_TimerManager))
[2020-11-23 15:59:19 727 05e0] THREAD[0x5e0:9672](MP_TimerThread(Rohon_TimerManager)) runing
[2020-11-23 15:59:19 729 48b8] <app><MDDllType>[1788][version:5]
[2020-11-23 15:59:19 733 48b8] Thread(CheckUpdateThread)[0x448c] create by thread[0x48b8] suspend
[2020-11-23 15:59:19 733 448c] [0x01543450]create THREAD[448c:9672](CheckUpdateThread)
[2020-11-23 15:59:19 733 448c] THREAD[0x448c:9672](CheckUpdateThread) runing
[2020-11-23 15:59:19 734 48b8] Thread(SockTranferWorkThread)[0x4b20] create by thread[0x48b8] suspend
[2020-11-23 15:59:19 734 48b8] Thread(SockConnectWorkThread)[0x4b2c] create by thread[0x48b8] suspend
[2020-11-23 15:59:19 734 4b20] [0x01544b70]create THREAD[4b20:9672](SockTranferWorkThread)
[2020-11-23 15:59:19 734 4b20] THREAD[0x4b20:9672](SockTranferWorkThread) runing
[2020-11-23 15:59:19 734 4b2c] [0x01544a60]create THREAD[4b2c:9672](SockConnectWorkThread)
[2020-11-23 15:59:19 734 4b2c] THREAD[0x4b2c:9672](SockConnectWorkThread) runing
[2020-11-23 15:59:19 794 48b8] <debug>init loginDlg over
[2020-11-23 15:59:21 744 448c] <error>Connect server[-210.22.96.59] fail!
[2020-11-23 15:59:21 744 448c] <error>Fail to get the update server info.
[2020-11-23 15:59:21 844 448c] thread[448c](CheckUpdateThread) WaitFor self.
[2020-11-23 15:59:21 844 448c] THREAD[0x448c:9672](CheckUpdateThread) exit.
[2020-11-23 15:59:21 931 48b8] LoginDlg - BnClickedLogin
[2020-11-23 15:59:29 554 3b64] [警告] !!!!!!!线程[0x0000448c:CheckUpdateThread] 10 秒无响应,状态：运行 !!!!!!!
[2020-11-23 15:59:30 058 48b8] ~CLoginDlg
[2020-11-23 15:59:30 058 48b8] ExitInstance()!
[2020-11-23 15:59:30 058 48b8] Release preload!
[2020-11-23 15:59:30 058 48b8] Release TradeApi!
[2020-11-23 15:59:30 058 48b8] Release MDAPI!
[2020-11-23 15:59:30 058 48b8] Release DB!
[2020-11-23 15:59:30 058 48b8] Release Ar DB!
[2020-11-23 15:59:30 059 48b8] Release TraderConfig!
[2020-11-23 15:59:30 059 48b8] Release Public!
[2020-11-23 15:59:30 059 48b8] Release DefaultFont!
[2020-11-23 15:59:30 059 48b8] Release Log!
[2020-11-23 15:59:32 432 469c] <app>version: 5.31.70.7
[2020-11-23 15:59:32 432 469c] orderfee: 1.00
[2020-11-23 15:59:32 432 469c] <app><tradeDir>: D:\PyCharm 2020.2.3\pythonProject\Rohon_managementplatform_web\demo\trader\FUT_RHA
[2020-11-23 15:59:32 677 469c] Thread(MP_TimerThread(Rohon_TimerManager))[0x476c] create by thread[0x469c] suspend
[2020-11-23 15:59:32 677 469c] <app><TraderDllType>[1699][version:5]
[2020-11-23 15:59:32 677 476c] [0x0151ebc0]create THREAD[476c:17576](MP_TimerThread(Rohon_TimerManager))
[2020-11-23 15:59:32 677 476c] THREAD[0x476c:17576](MP_TimerThread(Rohon_TimerManager)) runing
[2020-11-23 15:59:32 679 469c] <app><MDDllType>[1788][version:5]
[2020-11-23 15:59:32 683 469c] Thread(CheckUpdateThread)[0x4340] create by thread[0x469c] suspend
[2020-11-23 15:59:32 683 4340] [0x01523450]create THREAD[4340:17576](CheckUpdateThread)
[2020-11-23 15:59:32 683 4340] THREAD[0x4340:17576](CheckUpdateThread) runing
[2020-11-23 15:59:32 683 469c] Thread(SockTranferWorkThread)[0x463c] create by thread[0x469c] suspend
[2020-11-23 15:59:32 683 469c] Thread(SockConnectWorkThread)[0x4344] create by thread[0x469c] suspend
[2020-11-23 15:59:32 684 463c] [0x01524b70]create THREAD[463c:17576](SockTranferWorkThread)
[2020-11-23 15:59:32 684 463c] THREAD[0x463c:17576](SockTranferWorkThread) runing
[2020-11-23 15:59:32 684 4344] [0x01524a60]create THREAD[4344:17576](SockConnectWorkThread)
[2020-11-23 15:59:32 684 4344] THREAD[0x4344:17576](SockConnectWorkThread) runing
[2020-11-23 15:59:32 753 469c] <debug>init loginDlg over
[2020-11-23 15:59:40 197 4340] <error>Connect server[-210.22.96.59] fail!
[2020-11-23 15:59:40 197 4340] <error>Fail to get the update server info.
[2020-11-23 15:59:40 298 4340] thread[4340](CheckUpdateThread) WaitFor self.
[2020-11-23 15:59:40 298 4340] THREAD[0x4340:17576](CheckUpdateThread) exit.
[2020-11-23 15:59:42 506 1e7c] [警告] !!!!!!!线程[0x00004340:CheckUpdateThread] 10 秒无响应,状态：运行 !!!!!!!
[2020-11-23 15:59:52 579 1e7c] [警告] !!!!!!!线程[0x00004340:CheckUpdateThread] 20 秒无响应,状态：运行 !!!!!!!
[2020-11-23 15:59:57 618 469c] ~CLoginDlg
[2020-11-23 15:59:57 618 469c] ExitInstance()!
[2020-11-23 15:59:57 618 469c] Release preload!
[2020-11-23 15:59:57 618 469c] Release TradeApi!
[2020-11-23 15:59:57 618 469c] Release MDAPI!
[2020-11-23 15:59:57 618 469c] Release DB!
[2020-11-23 15:59:57 619 469c] Release Ar DB!
[2020-11-23 15:59:57 619 469c] Release TraderConfig!
[2020-11-23 15:59:57 619 469c] Release Public!
[2020-11-23 15:59:57 619 469c] Release DefaultFont!
[2020-11-23 15:59:57 619 469c] Release Log!
