[2020-11-23 16:46:07 177 4e68] <app>version: 5.31.70.7
[2020-11-23 16:46:07 177 4e68] orderfee: 1.00
[2020-11-23 16:46:07 177 4e68] <app><tradeDir>: D:\PyCharm 2020.2.3\pythonProject\Rohon_managementplatform_web\demo\trader\FUT_RHA
[2020-11-23 16:46:07 484 4e68] Thread(MP_TimerThread(Rohon_TimerManager))[0x3fb0] create by thread[0x4e68] suspend
[2020-11-23 16:46:07 484 4e68] <app><TraderDllType>[1699][version:5]
[2020-11-23 16:46:07 484 3fb0] [0x015debc0]create THREAD[3fb0:15516](MP_TimerThread(Rohon_TimerManager))
[2020-11-23 16:46:07 484 3fb0] THREAD[0x3fb0:15516](MP_TimerThread(Rohon_TimerManager)) runing
[2020-11-23 16:46:07 485 4e68] <app><MDDllType>[1788][version:5]
[2020-11-23 16:46:07 495 4e68] Thread(CheckUpdateThread)[0x24c8] create by thread[0x4e68] suspend
[2020-11-23 16:46:07 495 24c8] [0x015e3450]create THREAD[24c8:15516](CheckUpdateThread)
[2020-11-23 16:46:07 495 24c8] THREAD[0x24c8:15516](CheckUpdateThread) runing
[2020-11-23 16:46:07 495 4e68] Thread(SockTranferWorkThread)[0x45d4] create by thread[0x4e68] suspend
[2020-11-23 16:46:07 495 4e68] Thread(SockConnectWorkThread)[0x3e90] create by thread[0x4e68] suspend
[2020-11-23 16:46:07 496 45d4] [0x015e4b70]create THREAD[45d4:15516](SockTranferWorkThread)
[2020-11-23 16:46:07 496 45d4] THREAD[0x45d4:15516](SockTranferWorkThread) runing
[2020-11-23 16:46:07 496 3e90] [0x015e4a60]create THREAD[3e90:15516](SockConnectWorkThread)
[2020-11-23 16:46:07 496 3e90] THREAD[0x3e90:15516](SockConnectWorkThread) runing
[2020-11-23 16:46:07 604 4e68] <debug>init loginDlg over
[2020-11-23 16:46:09 512 24c8] <error>Connect server[-210.22.96.59] fail!
[2020-11-23 16:46:09 512 24c8] <error>Fail to get the update server info.
[2020-11-23 16:46:09 613 24c8] thread[24c8](CheckUpdateThread) WaitFor self.
[2020-11-23 16:46:09 613 24c8] THREAD[0x24c8:15516](CheckUpdateThread) exit.
[2020-11-23 16:46:10 085 4e68] LoginDlg - BnClickedLogin
[2020-11-23 16:46:10 085 4e68] style error !
[2020-11-23 16:46:10 158 4e68] <app><MdBrokerID>[Rohon]
[2020-11-23 16:46:10 158 4e68] On _Init one
[2020-11-23 16:46:10 158 4e68] Thread(RohonMarket)[0x4c14] create by thread[0x4e68] suspend
[2020-11-23 16:46:10 158 4e68] 成功分配第1个定时资源组(每组256个资源)
[2020-11-23 16:46:10 158 4c14] [0x015e53e0]create THREAD[4c14:15516](RohonMarket)
[2020-11-23 16:46:10 159 4c14] THREAD[0x4c14:15516](RohonMarket) runing
[2020-11-23 16:46:10 159 4e68] [CTP]MDRegisterSpi
[2020-11-23 16:46:10 159 4e68] [Init] [tcp://120.136.169.26:41215]
[2020-11-23 16:46:10 159 4e68] [CTP]MD Init
[2020-11-23 16:46:10 159 4e68] [CTP]MD Init completed!
[2020-11-23 16:46:10 159 4e68] <app><TradeBrokerID>[Rohon]
[2020-11-23 16:46:10 159 4e68] [version] RHTrader [5] [1699]
[2020-11-23 16:46:10 187 4818] [CTP] On MDFrontConnected
[2020-11-23 16:46:10 187 4818] [CTP] MD ReqUserLogin
[2020-11-23 16:46:10 190 4818] On MDRspUserLogin()
[2020-11-23 16:46:10 190 4818] MD Front[0] LoginTime=,SHFETime=
[2020-11-23 16:46:10 190 4818] unsub all
[2020-11-23 16:46:10 190 4818] sub all
[2020-11-23 16:46:12 574 4e68] [Init] [tcp://192.168.1.50:10001]
[2020-11-23 16:46:12 632 45d4] OnFrontConnected
[2020-11-23 16:46:12 632 4e68] [0x00000001] ReqUserLogin
[2020-11-23 16:46:12 633 45d4] [RSPLOG][0x00000001] [123456] [融航柜台系统] [1606118751] [15] [20201123 16:46:09]
[2020-11-23 16:46:12 633 45d4] TradeAPI LoginTime=16:46:09,SHFETime=16:46:09,DCE=16:46:09,CZCE=16:46:09,CFFEX=16:46:09
[2020-11-23 16:46:12 637 4e68] [20201123] Trade Server Login Success!
[2020-11-23 16:46:12 644 45d4] OnRtnInstrumentStatus, 交易所-[SHFE], 状态-[][2]
[2020-11-23 16:46:12 644 45d4] wnd is not ready, push
[2020-11-23 16:46:12 644 45d4] OnRtnInstrumentStatus, 交易所-[CFFEX], 状态-[][2]
[2020-11-23 16:46:12 644 45d4] wnd is not ready, push
[2020-11-23 16:46:12 644 45d4] OnRtnInstrumentStatus, 交易所-[DCE], 状态-[][2]
[2020-11-23 16:46:12 644 45d4] wnd is not ready, push
[2020-11-23 16:46:12 644 45d4] OnRtnInstrumentStatus, 交易所-[CZCE], 状态-[][2]
[2020-11-23 16:46:12 644 45d4] wnd is not ready, push
[2020-11-23 16:46:12 644 45d4] OnRtnInstrumentStatus, 交易所-[INE], 状态-[][]
[2020-11-23 16:46:12 644 45d4] wnd is not ready, push
[2020-11-23 16:46:12 644 45d4] [RTNTIP] [0:0] 您目前的风险级别已达到追保，请立即追加保证金或减仓
[2020-11-23 16:46:12 644 45d4] <error> data process fatal error!!remote addr[192.168.1.50:10001]
[2020-11-23 16:46:12 649 4e68] Begin doModal LoginDlg...
[2020-11-23 16:46:12 650 4e68] Begin Query Basic Info...
[2020-11-23 16:46:12 674 4e68] Begin Read Data...
[2020-11-23 16:46:12 674 4e68] [Info] Init
[2020-11-23 16:46:12 674 4e68] End CQryInfoDlg OnInitDialog...
[2020-11-23 16:46:12 683 4880] Reset pricetick [IPS CF007&CY007][5.000]
[2020-11-23 16:46:12 683 4880] Reset pricetick [IPS CF009&CY009][5.000]
[2020-11-23 16:46:12 683 4880] Reset pricetick [IPS CF011&CY011][5.000]
[2020-11-23 16:46:12 683 4880] Reset pricetick [IPS CF101&CY101][5.000]
[2020-11-23 16:46:12 683 4880] Reset pricetick [IPS CF103&CY103][5.000]
[2020-11-23 16:46:12 683 4880] Reset pricetick [IPS CF105&CY105][5.000]
[2020-11-23 16:46:12 700 4880] Reset pricetick [SPD AP007&AP010][1.000]
[2020-11-23 16:46:12 700 4880] Reset pricetick [SPD AP007&AP011][1.000]
[2020-11-23 16:46:12 700 4880] Reset pricetick [SPD AP007&AP012][1.000]
[2020-11-23 16:46:12 700 4880] Reset pricetick [SPD AP007&AP101][1.000]
[2020-11-23 16:46:12 700 4880] Reset pricetick [SPD AP007&AP103][1.000]
[2020-11-23 16:46:12 700 4880] Reset pricetick [SPD AP007&AP105][1.000]
[2020-11-23 16:46:12 700 4880] Reset pricetick [SPD AP010&AP011][1.000]
[2020-11-23 16:46:12 700 4880] Reset pricetick [SPD AP010&AP012][1.000]
[2020-11-23 16:46:12 700 4880] Reset pricetick [SPD AP010&AP101][1.000]
[2020-11-23 16:46:12 700 4880] Reset pricetick [SPD AP010&AP103][1.000]
[2020-11-23 16:46:12 700 4880] Reset pricetick [SPD AP010&AP105][1.000]
[2020-11-23 16:46:12 700 4880] Reset pricetick [SPD AP011&AP012][1.000]
[2020-11-23 16:46:12 700 4880] Reset pricetick [SPD AP011&AP101][1.000]
[2020-11-23 16:46:12 700 4880] Reset pricetick [SPD AP011&AP103][1.000]
[2020-11-23 16:46:12 700 4880] Reset pricetick [SPD AP011&AP105][1.000]
[2020-11-23 16:46:12 700 4880] Reset pricetick [SPD AP012&AP101][1.000]
[2020-11-23 16:46:12 700 4880] Reset pricetick [SPD AP012&AP103][1.000]
[2020-11-23 16:46:12 700 4880] Reset pricetick [SPD AP012&AP105][1.000]
[2020-11-23 16:46:12 700 4880] Reset pricetick [SPD AP101&AP103][1.000]
[2020-11-23 16:46:12 700 4880] Reset pricetick [SPD AP101&AP105][1.000]
[2020-11-23 16:46:12 700 4880] Reset pricetick [SPD AP103&AP105][1.000]
[2020-11-23 16:46:12 700 4880] Reset pricetick [SPD CF007&CF009][5.000]
[2020-11-23 16:46:12 700 4880] Reset pricetick [SPD CF007&CF011][5.000]
[2020-11-23 16:46:12 700 4880] Reset pricetick [SPD CF007&CF101][5.000]
[2020-11-23 16:46:12 700 4880] Reset pricetick [SPD CF007&CF103][5.000]
[2020-11-23 16:46:12 700 4880] Reset pricetick [SPD CF007&CF105][5.000]
[2020-11-23 16:46:12 700 4880] Reset pricetick [SPD CF009&CF011][5.000]
[2020-11-23 16:46:12 700 4880] Reset pricetick [SPD CF009&CF101][5.000]
[2020-11-23 16:46:12 700 4880] Reset pricetick [SPD CF009&CF103][5.000]
[2020-11-23 16:46:12 700 4880] Reset pricetick [SPD CF009&CF105][5.000]
[2020-11-23 16:46:12 700 4880] Reset pricetick [SPD CF011&CF101][5.000]
[2020-11-23 16:46:12 700 4880] Reset pricetick [SPD CF011&CF103][5.000]
[2020-11-23 16:46:12 701 4880] Reset pricetick [SPD CF011&CF105][5.000]
[2020-11-23 16:46:12 701 4880] Reset pricetick [SPD CF101&CF103][5.000]
[2020-11-23 16:46:12 701 4880] Reset pricetick [SPD CF101&CF105][5.000]
[2020-11-23 16:46:12 701 4880] Reset pricetick [SPD CF103&CF105][5.000]
[2020-11-23 16:46:12 701 4880] Reset pricetick [SPD CJ007&CJ009][5.000]
[2020-11-23 16:46:12 701 4880] Reset pricetick [SPD CJ007&CJ012][5.000]
[2020-11-23 16:46:12 701 4880] Reset pricetick [SPD CJ007&CJ101][5.000]
[2020-11-23 16:46:12 701 4880] Reset pricetick [SPD CJ007&CJ103][5.000]
[2020-11-23 16:46:12 701 4880] Reset pricetick [SPD CJ007&CJ105][5.000]
[2020-11-23 16:46:12 701 4880] Reset pricetick [SPD CJ009&CJ012][5.000]
[2020-11-23 16:46:12 701 4880] Reset pricetick [SPD CJ009&CJ101][5.000]
[2020-11-23 16:46:12 701 4880] Reset pricetick [SPD CJ009&CJ103][5.000]
[2020-11-23 16:46:12 701 4880] Reset pricetick [SPD CJ009&CJ105][5.000]
[2020-11-23 16:46:12 701 4880] Reset pricetick [SPD CJ012&CJ101][5.000]
[2020-11-23 16:46:12 701 4880] Reset pricetick [SPD CJ012&CJ103][5.000]
[2020-11-23 16:46:12 701 4880] Reset pricetick [SPD CJ012&CJ105][5.000]
[2020-11-23 16:46:12 701 4880] Reset pricetick [SPD CJ101&CJ103][5.000]
[2020-11-23 16:46:12 701 4880] Reset pricetick [SPD CJ101&CJ105][5.000]
[2020-11-23 16:46:12 701 4880] Reset pricetick [SPD CJ103&CJ105][5.000]
[2020-11-23 16:46:12 701 4880] Reset pricetick [SPD CY006&CY007][5.000]
[2020-11-23 16:46:12 701 4880] Reset pricetick [SPD CY006&CY008][5.000]
[2020-11-23 16:46:12 701 4880] Reset pricetick [SPD CY006&CY009][5.000]
[2020-11-23 16:46:12 701 4880] Reset pricetick [SPD CY006&CY010][5.000]
[2020-11-23 16:46:12 701 4880] Reset pricetick [SPD CY006&CY011][5.000]
[2020-11-23 16:46:12 701 4880] Reset pricetick [SPD CY006&CY012][5.000]
[2020-11-23 16:46:12 701 4880] Reset pricetick [SPD CY006&CY101][5.000]
[2020-11-23 16:46:12 701 4880] Reset pricetick [SPD CY006&CY102][5.000]
[2020-11-23 16:46:12 701 4880] Reset pricetick [SPD CY006&CY103][5.000]
[2020-11-23 16:46:12 701 4880] Reset pricetick [SPD CY006&CY104][5.000]
[2020-11-23 16:46:12 701 4880] Reset pricetick [SPD CY006&CY105][5.000]
[2020-11-23 16:46:12 701 4880] Reset pricetick [SPD CY007&CY008][5.000]
[2020-11-23 16:46:12 701 4880] Reset pricetick [SPD CY007&CY009][5.000]
[2020-11-23 16:46:12 702 4880] Reset pricetick [SPD CY007&CY010][5.000]
[2020-11-23 16:46:12 702 4880] Reset pricetick [SPD CY007&CY011][5.000]
[2020-11-23 16:46:12 702 4880] Reset pricetick [SPD CY007&CY012][5.000]
[2020-11-23 16:46:12 702 4880] Reset pricetick [SPD CY007&CY101][5.000]
[2020-11-23 16:46:12 702 4880] Reset pricetick [SPD CY007&CY102][5.000]
[2020-11-23 16:46:12 702 4880] Reset pricetick [SPD CY007&CY103][5.000]
[2020-11-23 16:46:12 702 4880] Reset pricetick [SPD CY007&CY104][5.000]
[2020-11-23 16:46:12 702 4880] Reset pricetick [SPD CY007&CY105][5.000]
[2020-11-23 16:46:12 702 4880] Reset pricetick [SPD CY008&CY009][5.000]
[2020-11-23 16:46:12 702 4880] Reset pricetick [SPD CY008&CY010][5.000]
[2020-11-23 16:46:12 702 4880] Reset pricetick [SPD CY008&CY011][5.000]
[2020-11-23 16:46:12 702 4880] Reset pricetick [SPD CY008&CY012][5.000]
[2020-11-23 16:46:12 702 4880] Reset pricetick [SPD CY008&CY101][5.000]
[2020-11-23 16:46:12 702 4880] Reset pricetick [SPD CY008&CY102][5.000]
[2020-11-23 16:46:12 702 4880] Reset pricetick [SPD CY008&CY103][5.000]
[2020-11-23 16:46:12 702 4880] Reset pricetick [SPD CY008&CY104][5.000]
[2020-11-23 16:46:12 702 4880] Reset pricetick [SPD CY008&CY105][5.000]
[2020-11-23 16:46:12 702 4880] Reset pricetick [SPD CY009&CY010][5.000]
[2020-11-23 16:46:12 702 4880] Reset pricetick [SPD CY009&CY011][5.000]
[2020-11-23 16:46:12 702 4880] Reset pricetick [SPD CY009&CY012][5.000]
[2020-11-23 16:46:12 702 4880] Reset pricetick [SPD CY009&CY101][5.000]
[2020-11-23 16:46:12 702 4880] Reset pricetick [SPD CY009&CY102][5.000]
[2020-11-23 16:46:12 702 4880] Reset pricetick [SPD CY009&CY103][5.000]
[2020-11-23 16:46:12 702 4880] Reset pricetick [SPD CY009&CY104][5.000]
[2020-11-23 16:46:12 702 4880] Reset pricetick [SPD CY009&CY105][5.000]
[2020-11-23 16:46:12 702 4880] Reset pricetick [SPD CY010&CY011][5.000]
[2020-11-23 16:46:12 702 4880] Reset pricetick [SPD CY010&CY012][5.000]
[2020-11-23 16:46:12 702 4880] Reset pricetick [SPD CY010&CY101][5.000]
[2020-11-23 16:46:12 702 4880] Reset pricetick [SPD CY010&CY102][5.000]
[2020-11-23 16:46:12 702 4880] Reset pricetick [SPD CY010&CY103][5.000]
[2020-11-23 16:46:12 702 4880] Reset pricetick [SPD CY010&CY104][5.000]
[2020-11-23 16:46:12 702 4880] Reset pricetick [SPD CY010&CY105][5.000]
[2020-11-23 16:46:12 702 4880] Reset pricetick [SPD CY011&CY012][5.000]
[2020-11-23 16:46:12 702 4880] Reset pricetick [SPD CY011&CY101][5.000]
[2020-11-23 16:46:12 703 4880] Reset pricetick [SPD CY011&CY102][5.000]
[2020-11-23 16:46:12 703 4880] Reset pricetick [SPD CY011&CY103][5.000]
[2020-11-23 16:46:12 703 4880] Reset pricetick [SPD CY011&CY104][5.000]
[2020-11-23 16:46:12 703 4880] Reset pricetick [SPD CY011&CY105][5.000]
[2020-11-23 16:46:12 703 4880] Reset pricetick [SPD CY012&CY101][5.000]
[2020-11-23 16:46:12 703 4880] Reset pricetick [SPD CY012&CY102][5.000]
[2020-11-23 16:46:12 703 4880] Reset pricetick [SPD CY012&CY103][5.000]
[2020-11-23 16:46:12 703 4880] Reset pricetick [SPD CY012&CY104][5.000]
[2020-11-23 16:46:12 703 4880] Reset pricetick [SPD CY012&CY105][5.000]
[2020-11-23 16:46:12 703 4880] Reset pricetick [SPD CY101&CY102][5.000]
[2020-11-23 16:46:12 703 4880] Reset pricetick [SPD CY101&CY103][5.000]
[2020-11-23 16:46:12 703 4880] Reset pricetick [SPD CY101&CY104][5.000]
[2020-11-23 16:46:12 703 4880] Reset pricetick [SPD CY101&CY105][5.000]
[2020-11-23 16:46:12 703 4880] Reset pricetick [SPD CY102&CY103][5.000]
[2020-11-23 16:46:12 703 4880] Reset pricetick [SPD CY102&CY104][5.000]
[2020-11-23 16:46:12 703 4880] Reset pricetick [SPD CY102&CY105][5.000]
[2020-11-23 16:46:12 703 4880] Reset pricetick [SPD CY103&CY104][5.000]
[2020-11-23 16:46:12 703 4880] Reset pricetick [SPD CY103&CY105][5.000]
[2020-11-23 16:46:12 703 4880] Reset pricetick [SPD CY104&CY105][5.000]
[2020-11-23 16:46:12 703 4880] Reset pricetick [SPD FG006&FG007][1.000]
[2020-11-23 16:46:12 703 4880] Reset pricetick [SPD FG006&FG008][1.000]
[2020-11-23 16:46:12 703 4880] Reset pricetick [SPD FG006&FG009][1.000]
[2020-11-23 16:46:12 703 4880] Reset pricetick [SPD FG006&FG010][1.000]
[2020-11-23 16:46:12 703 4880] Reset pricetick [SPD FG006&FG011][1.000]
[2020-11-23 16:46:12 703 4880] Reset pricetick [SPD FG006&FG012][1.000]
[2020-11-23 16:46:12 703 4880] Reset pricetick [SPD FG006&FG101][1.000]
[2020-11-23 16:46:12 703 4880] Reset pricetick [SPD FG006&FG102][1.000]
[2020-11-23 16:46:12 703 4880] Reset pricetick [SPD FG006&FG103][1.000]
[2020-11-23 16:46:12 703 4880] Reset pricetick [SPD FG006&FG104][1.000]
[2020-11-23 16:46:12 703 4880] Reset pricetick [SPD FG006&FG105][1.000]
[2020-11-23 16:46:12 703 4880] Reset pricetick [SPD FG007&FG008][1.000]
[2020-11-23 16:46:12 704 4880] Reset pricetick [SPD FG007&FG009][1.000]
[2020-11-23 16:46:12 704 4880] Reset pricetick [SPD FG007&FG010][1.000]
[2020-11-23 16:46:12 704 4880] Reset pricetick [SPD FG007&FG011][1.000]
[2020-11-23 16:46:12 704 4880] Reset pricetick [SPD FG007&FG012][1.000]
[2020-11-23 16:46:12 704 4880] Reset pricetick [SPD FG007&FG101][1.000]
[2020-11-23 16:46:12 704 4880] Reset pricetick [SPD FG007&FG102][1.000]
[2020-11-23 16:46:12 704 4880] Reset pricetick [SPD FG007&FG103][1.000]
[2020-11-23 16:46:12 704 4880] Reset pricetick [SPD FG007&FG104][1.000]
[2020-11-23 16:46:12 704 4880] Reset pricetick [SPD FG007&FG105][1.000]
[2020-11-23 16:46:12 704 4880] Reset pricetick [SPD FG008&FG009][1.000]
[2020-11-23 16:46:12 704 4880] Reset pricetick [SPD FG008&FG010][1.000]
[2020-11-23 16:46:12 704 4880] Reset pricetick [SPD FG008&FG011][1.000]
[2020-11-23 16:46:12 704 4880] Reset pricetick [SPD FG008&FG012][1.000]
[2020-11-23 16:46:12 704 4880] Reset pricetick [SPD FG008&FG101][1.000]
[2020-11-23 16:46:12 704 4880] Reset pricetick [SPD FG008&FG102][1.000]
[2020-11-23 16:46:12 704 4880] Reset pricetick [SPD FG008&FG103][1.000]
[2020-11-23 16:46:12 704 4880] Reset pricetick [SPD FG008&FG104][1.000]
[2020-11-23 16:46:12 704 4880] Reset pricetick [SPD FG008&FG105][1.000]
[2020-11-23 16:46:12 704 4880] Reset pricetick [SPD FG009&FG010][1.000]
[2020-11-23 16:46:12 704 4880] Reset pricetick [SPD FG009&FG011][1.000]
[2020-11-23 16:46:12 704 4880] Reset pricetick [SPD FG009&FG012][1.000]
[2020-11-23 16:46:12 704 4880] Reset pricetick [SPD FG009&FG101][1.000]
[2020-11-23 16:46:12 704 4880] Reset pricetick [SPD FG009&FG102][1.000]
[2020-11-23 16:46:12 704 4880] Reset pricetick [SPD FG009&FG103][1.000]
[2020-11-23 16:46:12 704 4880] Reset pricetick [SPD FG009&FG104][1.000]
[2020-11-23 16:46:12 704 4880] Reset pricetick [SPD FG009&FG105][1.000]
[2020-11-23 16:46:12 704 4880] Reset pricetick [SPD FG010&FG011][1.000]
[2020-11-23 16:46:12 704 4880] Reset pricetick [SPD FG010&FG012][1.000]
[2020-11-23 16:46:12 705 4880] Reset pricetick [SPD FG010&FG101][1.000]
[2020-11-23 16:46:12 705 4880] Reset pricetick [SPD FG010&FG102][1.000]
[2020-11-23 16:46:12 705 4880] Reset pricetick [SPD FG010&FG103][1.000]
[2020-11-23 16:46:12 705 4880] Reset pricetick [SPD FG010&FG104][1.000]
[2020-11-23 16:46:12 705 4880] Reset pricetick [SPD FG010&FG105][1.000]
[2020-11-23 16:46:12 705 4880] Reset pricetick [SPD FG011&FG012][1.000]
[2020-11-23 16:46:12 705 4880] Reset pricetick [SPD FG011&FG101][1.000]
[2020-11-23 16:46:12 705 4880] Reset pricetick [SPD FG011&FG102][1.000]
[2020-11-23 16:46:12 705 4880] Reset pricetick [SPD FG011&FG103][1.000]
[2020-11-23 16:46:12 705 4880] Reset pricetick [SPD FG011&FG104][1.000]
[2020-11-23 16:46:12 705 4880] Reset pricetick [SPD FG011&FG105][1.000]
[2020-11-23 16:46:12 705 4880] Reset pricetick [SPD FG012&FG101][1.000]
[2020-11-23 16:46:12 705 4880] Reset pricetick [SPD FG012&FG102][1.000]
[2020-11-23 16:46:12 705 4880] Reset pricetick [SPD FG012&FG103][1.000]
[2020-11-23 16:46:12 705 4880] Reset pricetick [SPD FG012&FG104][1.000]
[2020-11-23 16:46:12 705 4880] Reset pricetick [SPD FG012&FG105][1.000]
[2020-11-23 16:46:12 705 4880] Reset pricetick [SPD FG101&FG102][1.000]
[2020-11-23 16:46:12 705 4880] Reset pricetick [SPD FG101&FG103][1.000]
[2020-11-23 16:46:12 705 4880] Reset pricetick [SPD FG101&FG104][1.000]
[2020-11-23 16:46:12 705 4880] Reset pricetick [SPD FG101&FG105][1.000]
[2020-11-23 16:46:12 705 4880] Reset pricetick [SPD FG102&FG103][1.000]
[2020-11-23 16:46:12 705 4880] Reset pricetick [SPD FG102&FG104][1.000]
[2020-11-23 16:46:12 705 4880] Reset pricetick [SPD FG102&FG105][1.000]
[2020-11-23 16:46:12 705 4880] Reset pricetick [SPD FG103&FG104][1.000]
[2020-11-23 16:46:12 705 4880] Reset pricetick [SPD FG103&FG105][1.000]
[2020-11-23 16:46:12 705 4880] Reset pricetick [SPD FG104&FG105][1.000]
[2020-11-23 16:46:12 705 4880] Reset pricetick [SPD JR007&JR009][1.000]
[2020-11-23 16:46:12 705 4880] Reset pricetick [SPD JR007&JR011][1.000]
[2020-11-23 16:46:12 705 4880] Reset pricetick [SPD JR007&JR101][1.000]
[2020-11-23 16:46:12 705 4880] Reset pricetick [SPD JR007&JR103][1.000]
[2020-11-23 16:46:12 705 4880] Reset pricetick [SPD JR007&JR105][1.000]
[2020-11-23 16:46:12 705 4880] Reset pricetick [SPD JR009&JR011][1.000]
[2020-11-23 16:46:12 706 4880] Reset pricetick [SPD JR009&JR101][1.000]
[2020-11-23 16:46:12 706 4880] Reset pricetick [SPD JR009&JR103][1.000]
[2020-11-23 16:46:12 706 4880] Reset pricetick [SPD JR009&JR105][1.000]
[2020-11-23 16:46:12 706 4880] Reset pricetick [SPD JR011&JR101][1.000]
[2020-11-23 16:46:12 706 4880] Reset pricetick [SPD JR011&JR103][1.000]
[2020-11-23 16:46:12 706 4880] Reset pricetick [SPD JR011&JR105][1.000]
[2020-11-23 16:46:12 706 4880] Reset pricetick [SPD JR101&JR103][1.000]
[2020-11-23 16:46:12 706 4880] Reset pricetick [SPD JR101&JR105][1.000]
[2020-11-23 16:46:12 706 4880] Reset pricetick [SPD JR103&JR105][1.000]
[2020-11-23 16:46:12 706 4880] Reset pricetick [SPD MA006&MA007][1.000]
[2020-11-23 16:46:12 706 4880] Reset pricetick [SPD MA006&MA008][1.000]
[2020-11-23 16:46:12 706 4880] Reset pricetick [SPD MA006&MA009][1.000]
[2020-11-23 16:46:12 706 4880] Reset pricetick [SPD MA006&MA010][1.000]
[2020-11-23 16:46:12 706 4880] Reset pricetick [SPD MA006&MA011][1.000]
[2020-11-23 16:46:12 706 4880] Reset pricetick [SPD MA006&MA012][1.000]
[2020-11-23 16:46:12 706 4880] Reset pricetick [SPD MA006&MA101][1.000]
[2020-11-23 16:46:12 706 4880] Reset pricetick [SPD MA006&MA102][1.000]
[2020-11-23 16:46:12 706 4880] Reset pricetick [SPD MA006&MA103][1.000]
[2020-11-23 16:46:12 706 4880] Reset pricetick [SPD MA006&MA104][1.000]
[2020-11-23 16:46:12 706 4880] Reset pricetick [SPD MA006&MA105][1.000]
[2020-11-23 16:46:12 706 4880] Reset pricetick [SPD MA007&MA008][1.000]
[2020-11-23 16:46:12 706 4880] Reset pricetick [SPD MA007&MA009][1.000]
[2020-11-23 16:46:12 706 4880] Reset pricetick [SPD MA007&MA010][1.000]
[2020-11-23 16:46:12 706 4880] Reset pricetick [SPD MA007&MA011][1.000]
[2020-11-23 16:46:12 706 4880] Reset pricetick [SPD MA007&MA012][1.000]
[2020-11-23 16:46:12 706 4880] Reset pricetick [SPD MA007&MA101][1.000]
[2020-11-23 16:46:12 706 4880] Reset pricetick [SPD MA007&MA102][1.000]
[2020-11-23 16:46:12 706 4880] Reset pricetick [SPD MA007&MA103][1.000]
[2020-11-23 16:46:12 706 4880] Reset pricetick [SPD MA007&MA104][1.000]
[2020-11-23 16:46:12 706 4880] Reset pricetick [SPD MA007&MA105][1.000]
[2020-11-23 16:46:12 706 4880] Reset pricetick [SPD MA008&MA009][1.000]
[2020-11-23 16:46:12 706 4880] Reset pricetick [SPD MA008&MA010][1.000]
[2020-11-23 16:46:12 706 4880] Reset pricetick [SPD MA008&MA011][1.000]
[2020-11-23 16:46:12 708 4880] Reset pricetick [SPD MA008&MA012][1.000]
[2020-11-23 16:46:12 708 4880] Reset pricetick [SPD MA008&MA101][1.000]
[2020-11-23 16:46:12 708 4880] Reset pricetick [SPD MA008&MA102][1.000]
[2020-11-23 16:46:12 708 4880] Reset pricetick [SPD MA008&MA103][1.000]
[2020-11-23 16:46:12 708 4880] Reset pricetick [SPD MA008&MA104][1.000]
[2020-11-23 16:46:12 708 4880] Reset pricetick [SPD MA008&MA105][1.000]
[2020-11-23 16:46:12 708 4880] Reset pricetick [SPD MA009&MA010][1.000]
[2020-11-23 16:46:12 708 4880] Reset pricetick [SPD MA009&MA011][1.000]
[2020-11-23 16:46:12 708 4880] Reset pricetick [SPD MA009&MA012][1.000]
[2020-11-23 16:46:12 708 4880] Reset pricetick [SPD MA009&MA101][1.000]
[2020-11-23 16:46:12 708 4880] Reset pricetick [SPD MA009&MA102][1.000]
[2020-11-23 16:46:12 708 4880] Reset pricetick [SPD MA009&MA103][1.000]
[2020-11-23 16:46:12 708 4880] Reset pricetick [SPD MA009&MA104][1.000]
[2020-11-23 16:46:12 708 4880] Reset pricetick [SPD MA009&MA105][1.000]
[2020-11-23 16:46:12 708 4880] Reset pricetick [SPD MA010&MA011][1.000]
[2020-11-23 16:46:12 708 4880] Reset pricetick [SPD MA010&MA012][1.000]
[2020-11-23 16:46:12 708 4880] Reset pricetick [SPD MA010&MA101][1.000]
[2020-11-23 16:46:12 708 4880] Reset pricetick [SPD MA010&MA102][1.000]
[2020-11-23 16:46:12 708 4880] Reset pricetick [SPD MA010&MA103][1.000]
[2020-11-23 16:46:12 708 4880] Reset pricetick [SPD MA010&MA104][1.000]
[2020-11-23 16:46:12 708 4880] Reset pricetick [SPD MA010&MA105][1.000]
[2020-11-23 16:46:12 708 4880] Reset pricetick [SPD MA011&MA012][1.000]
[2020-11-23 16:46:12 708 4880] Reset pricetick [SPD MA011&MA101][1.000]
[2020-11-23 16:46:12 708 4880] Reset pricetick [SPD MA011&MA102][1.000]
[2020-11-23 16:46:12 708 4880] Reset pricetick [SPD MA011&MA103][1.000]
[2020-11-23 16:46:12 708 4880] Reset pricetick [SPD MA011&MA104][1.000]
[2020-11-23 16:46:12 708 4880] Reset pricetick [SPD MA011&MA105][1.000]
[2020-11-23 16:46:12 708 4880] Reset pricetick [SPD MA012&MA101][1.000]
[2020-11-23 16:46:12 708 4880] Reset pricetick [SPD MA012&MA102][1.000]
[2020-11-23 16:46:12 708 4880] Reset pricetick [SPD MA012&MA103][1.000]
[2020-11-23 16:46:12 708 4880] Reset pricetick [SPD MA012&MA104][1.000]
[2020-11-23 16:46:12 708 4880] Reset pricetick [SPD MA012&MA105][1.000]
[2020-11-23 16:46:12 708 4880] Reset pricetick [SPD MA101&MA102][1.000]
[2020-11-23 16:46:12 708 4880] Reset pricetick [SPD MA101&MA103][1.000]
[2020-11-23 16:46:12 709 4880] Reset pricetick [SPD MA101&MA104][1.000]
[2020-11-23 16:46:12 709 4880] Reset pricetick [SPD MA101&MA105][1.000]
[2020-11-23 16:46:12 709 4880] Reset pricetick [SPD MA102&MA103][1.000]
[2020-11-23 16:46:12 709 4880] Reset pricetick [SPD MA102&MA104][1.000]
[2020-11-23 16:46:12 709 4880] Reset pricetick [SPD MA102&MA105][1.000]
[2020-11-23 16:46:12 709 4880] Reset pricetick [SPD MA103&MA104][1.000]
[2020-11-23 16:46:12 709 4880] Reset pricetick [SPD MA103&MA105][1.000]
[2020-11-23 16:46:12 709 4880] Reset pricetick [SPD MA104&MA105][1.000]
[2020-11-23 16:46:12 709 4880] Reset pricetick [SPD OI007&OI009][1.000]
[2020-11-23 16:46:12 709 4880] Reset pricetick [SPD OI007&OI011][1.000]
[2020-11-23 16:46:12 709 4880] Reset pricetick [SPD OI007&OI101][1.000]
[2020-11-23 16:46:12 709 4880] Reset pricetick [SPD OI007&OI103][1.000]
[2020-11-23 16:46:12 709 4880] Reset pricetick [SPD OI007&OI105][1.000]
[2020-11-23 16:46:12 709 4880] Reset pricetick [SPD OI009&OI011][1.000]
[2020-11-23 16:46:12 709 4880] Reset pricetick [SPD OI009&OI101][1.000]
[2020-11-23 16:46:12 709 4880] Reset pricetick [SPD OI009&OI103][1.000]
[2020-11-23 16:46:12 709 4880] Reset pricetick [SPD OI009&OI105][1.000]
[2020-11-23 16:46:12 709 4880] Reset pricetick [SPD OI011&OI101][1.000]
[2020-11-23 16:46:12 709 4880] Reset pricetick [SPD OI011&OI103][1.000]
[2020-11-23 16:46:12 709 4880] Reset pricetick [SPD OI011&OI105][1.000]
[2020-11-23 16:46:12 709 4880] Reset pricetick [SPD OI101&OI103][1.000]
[2020-11-23 16:46:12 709 4880] Reset pricetick [SPD OI101&OI105][1.000]
[2020-11-23 16:46:12 709 4880] Reset pricetick [SPD OI103&OI105][1.000]
[2020-11-23 16:46:12 709 4880] Reset pricetick [SPD PM007&PM009][1.000]
[2020-11-23 16:46:12 709 4880] Reset pricetick [SPD PM007&PM011][1.000]
[2020-11-23 16:46:12 709 4880] Reset pricetick [SPD PM007&PM101][1.000]
[2020-11-23 16:46:12 709 4880] Reset pricetick [SPD PM007&PM103][1.000]
[2020-11-23 16:46:12 709 4880] Reset pricetick [SPD PM007&PM105][1.000]
[2020-11-23 16:46:12 709 4880] Reset pricetick [SPD PM009&PM011][1.000]
[2020-11-23 16:46:12 709 4880] Reset pricetick [SPD PM009&PM101][1.000]
[2020-11-23 16:46:12 709 4880] Reset pricetick [SPD PM009&PM103][1.000]
[2020-11-23 16:46:12 710 4880] Reset pricetick [SPD PM009&PM105][1.000]
[2020-11-23 16:46:12 710 4880] Reset pricetick [SPD PM011&PM101][1.000]
[2020-11-23 16:46:12 710 4880] Reset pricetick [SPD PM011&PM103][1.000]
[2020-11-23 16:46:12 710 4880] Reset pricetick [SPD PM011&PM105][1.000]
[2020-11-23 16:46:12 710 4880] Reset pricetick [SPD PM101&PM103][1.000]
[2020-11-23 16:46:12 710 4880] Reset pricetick [SPD PM101&PM105][1.000]
[2020-11-23 16:46:12 710 4880] Reset pricetick [SPD PM103&PM105][1.000]
[2020-11-23 16:46:12 710 4880] Reset pricetick [SPD RI007&RI009][1.000]
[2020-11-23 16:46:12 710 4880] Reset pricetick [SPD RI007&RI011][1.000]
[2020-11-23 16:46:12 710 4880] Reset pricetick [SPD RI007&RI101][1.000]
[2020-11-23 16:46:12 710 4880] Reset pricetick [SPD RI007&RI103][1.000]
[2020-11-23 16:46:12 710 4880] Reset pricetick [SPD RI007&RI105][1.000]
[2020-11-23 16:46:12 710 4880] Reset pricetick [SPD RI009&RI011][1.000]
[2020-11-23 16:46:12 710 4880] Reset pricetick [SPD RI009&RI101][1.000]
[2020-11-23 16:46:12 710 4880] Reset pricetick [SPD RI009&RI103][1.000]
[2020-11-23 16:46:12 710 4880] Reset pricetick [SPD RI009&RI105][1.000]
[2020-11-23 16:46:12 710 4880] Reset pricetick [SPD RI011&RI101][1.000]
[2020-11-23 16:46:12 710 4880] Reset pricetick [SPD RI011&RI103][1.000]
[2020-11-23 16:46:12 710 4880] Reset pricetick [SPD RI011&RI105][1.000]
[2020-11-23 16:46:12 710 4880] Reset pricetick [SPD RI101&RI103][1.000]
[2020-11-23 16:46:12 710 4880] Reset pricetick [SPD RI101&RI105][1.000]
[2020-11-23 16:46:12 710 4880] Reset pricetick [SPD RI103&RI105][1.000]
[2020-11-23 16:46:12 710 4880] Reset pricetick [SPD RM007&RM008][1.000]
[2020-11-23 16:46:12 710 4880] Reset pricetick [SPD RM007&RM009][1.000]
[2020-11-23 16:46:12 710 4880] Reset pricetick [SPD RM007&RM011][1.000]
[2020-11-23 16:46:12 710 4880] Reset pricetick [SPD RM007&RM101][1.000]
[2020-11-23 16:46:12 710 4880] Reset pricetick [SPD RM007&RM103][1.000]
[2020-11-23 16:46:12 710 4880] Reset pricetick [SPD RM007&RM105][1.000]
[2020-11-23 16:46:12 710 4880] Reset pricetick [SPD RM008&RM009][1.000]
[2020-11-23 16:46:12 710 4880] Reset pricetick [SPD RM008&RM011][1.000]
[2020-11-23 16:46:12 710 4880] Reset pricetick [SPD RM008&RM101][1.000]
[2020-11-23 16:46:12 710 4880] Reset pricetick [SPD RM008&RM103][1.000]
[2020-11-23 16:46:12 710 4880] Reset pricetick [SPD RM008&RM105][1.000]
[2020-11-23 16:46:12 710 4880] Reset pricetick [SPD RM009&RM011][1.000]
[2020-11-23 16:46:12 711 4880] Reset pricetick [SPD RM009&RM101][1.000]
[2020-11-23 16:46:12 711 4880] Reset pricetick [SPD RM009&RM103][1.000]
[2020-11-23 16:46:12 711 4880] Reset pricetick [SPD RM009&RM105][1.000]
[2020-11-23 16:46:12 711 4880] Reset pricetick [SPD RM011&RM101][1.000]
[2020-11-23 16:46:12 711 4880] Reset pricetick [SPD RM011&RM103][1.000]
[2020-11-23 16:46:12 711 4880] Reset pricetick [SPD RM011&RM105][1.000]
[2020-11-23 16:46:12 711 4880] Reset pricetick [SPD RM101&RM103][1.000]
[2020-11-23 16:46:12 711 4880] Reset pricetick [SPD RM101&RM105][1.000]
[2020-11-23 16:46:12 711 4880] Reset pricetick [SPD RM103&RM105][1.000]
[2020-11-23 16:46:12 711 4880] Reset pricetick [SPD RS007&RS008][1.000]
[2020-11-23 16:46:12 711 4880] Reset pricetick [SPD RS007&RS009][1.000]
[2020-11-23 16:46:12 711 4880] Reset pricetick [SPD RS007&RS011][1.000]
[2020-11-23 16:46:12 711 4880] Reset pricetick [SPD RS008&RS009][1.000]
[2020-11-23 16:46:12 711 4880] Reset pricetick [SPD RS008&RS011][1.000]
[2020-11-23 16:46:12 711 4880] Reset pricetick [SPD RS009&RS011][1.000]
[2020-11-23 16:46:12 711 4880] Reset pricetick [SPD SA006&SA007][1.000]
[2020-11-23 16:46:12 711 4880] Reset pricetick [SPD SA006&SA008][1.000]
[2020-11-23 16:46:12 711 4880] Reset pricetick [SPD SA006&SA009][1.000]
[2020-11-23 16:46:12 711 4880] Reset pricetick [SPD SA006&SA010][1.000]
[2020-11-23 16:46:12 711 4880] Reset pricetick [SPD SA006&SA011][1.000]
[2020-11-23 16:46:12 711 4880] Reset pricetick [SPD SA006&SA012][1.000]
[2020-11-23 16:46:12 711 4880] Reset pricetick [SPD SA006&SA101][1.000]
[2020-11-23 16:46:12 711 4880] Reset pricetick [SPD SA006&SA102][1.000]
[2020-11-23 16:46:12 711 4880] Reset pricetick [SPD SA006&SA103][1.000]
[2020-11-23 16:46:12 711 4880] Reset pricetick [SPD SA006&SA104][1.000]
[2020-11-23 16:46:12 711 4880] Reset pricetick [SPD SA006&SA105][1.000]
[2020-11-23 16:46:12 711 4880] Reset pricetick [SPD SA007&SA008][1.000]
[2020-11-23 16:46:12 711 4880] Reset pricetick [SPD SA007&SA009][1.000]
[2020-11-23 16:46:12 711 4880] Reset pricetick [SPD SA007&SA010][1.000]
[2020-11-23 16:46:12 711 4880] Reset pricetick [SPD SA007&SA011][1.000]
[2020-11-23 16:46:12 711 4880] Reset pricetick [SPD SA007&SA012][1.000]
[2020-11-23 16:46:12 711 4880] Reset pricetick [SPD SA007&SA101][1.000]
[2020-11-23 16:46:12 711 4880] Reset pricetick [SPD SA007&SA102][1.000]
[2020-11-23 16:46:12 711 4880] Reset pricetick [SPD SA007&SA103][1.000]
[2020-11-23 16:46:12 711 4880] Reset pricetick [SPD SA007&SA104][1.000]
[2020-11-23 16:46:12 711 4880] Reset pricetick [SPD SA007&SA105][1.000]
[2020-11-23 16:46:12 711 4880] Reset pricetick [SPD SA008&SA009][1.000]
[2020-11-23 16:46:12 711 4880] Reset pricetick [SPD SA008&SA010][1.000]
[2020-11-23 16:46:12 711 4880] Reset pricetick [SPD SA008&SA011][1.000]
[2020-11-23 16:46:12 711 4880] Reset pricetick [SPD SA008&SA012][1.000]
[2020-11-23 16:46:12 711 4880] Reset pricetick [SPD SA008&SA101][1.000]
[2020-11-23 16:46:12 711 4880] Reset pricetick [SPD SA008&SA102][1.000]
[2020-11-23 16:46:12 711 4880] Reset pricetick [SPD SA008&SA103][1.000]
[2020-11-23 16:46:12 711 4880] Reset pricetick [SPD SA008&SA104][1.000]
[2020-11-23 16:46:12 711 4880] Reset pricetick [SPD SA008&SA105][1.000]
[2020-11-23 16:46:12 711 4880] Reset pricetick [SPD SA009&SA010][1.000]
[2020-11-23 16:46:12 711 4880] Reset pricetick [SPD SA009&SA011][1.000]
[2020-11-23 16:46:12 711 4880] Reset pricetick [SPD SA009&SA012][1.000]
[2020-11-23 16:46:12 711 4880] Reset pricetick [SPD SA009&SA101][1.000]
[2020-11-23 16:46:12 711 4880] Reset pricetick [SPD SA009&SA102][1.000]
[2020-11-23 16:46:12 711 4880] Reset pricetick [SPD SA009&SA103][1.000]
[2020-11-23 16:46:12 711 4880] Reset pricetick [SPD SA009&SA104][1.000]
[2020-11-23 16:46:12 711 4880] Reset pricetick [SPD SA009&SA105][1.000]
[2020-11-23 16:46:12 711 4880] Reset pricetick [SPD SA010&SA011][1.000]
[2020-11-23 16:46:12 711 4880] Reset pricetick [SPD SA010&SA012][1.000]
[2020-11-23 16:46:12 711 4880] Reset pricetick [SPD SA010&SA101][1.000]
[2020-11-23 16:46:12 711 4880] Reset pricetick [SPD SA010&SA102][1.000]
[2020-11-23 16:46:12 711 4880] Reset pricetick [SPD SA010&SA103][1.000]
[2020-11-23 16:46:12 711 4880] Reset pricetick [SPD SA010&SA104][1.000]
[2020-11-23 16:46:12 711 4880] Reset pricetick [SPD SA010&SA105][1.000]
[2020-11-23 16:46:12 711 4880] Reset pricetick [SPD SA011&SA012][1.000]
[2020-11-23 16:46:12 711 4880] Reset pricetick [SPD SA011&SA101][1.000]
[2020-11-23 16:46:12 711 4880] Reset pricetick [SPD SA011&SA102][1.000]
[2020-11-23 16:46:12 711 4880] Reset pricetick [SPD SA011&SA103][1.000]
[2020-11-23 16:46:12 711 4880] Reset pricetick [SPD SA011&SA104][1.000]
[2020-11-23 16:46:12 711 4880] Reset pricetick [SPD SA011&SA105][1.000]
[2020-11-23 16:46:12 712 4880] Reset pricetick [SPD SA012&SA101][1.000]
[2020-11-23 16:46:12 712 4880] Reset pricetick [SPD SA012&SA102][1.000]
[2020-11-23 16:46:12 712 4880] Reset pricetick [SPD SA012&SA103][1.000]
[2020-11-23 16:46:12 712 4880] Reset pricetick [SPD SA012&SA104][1.000]
[2020-11-23 16:46:12 712 4880] Reset pricetick [SPD SA012&SA105][1.000]
[2020-11-23 16:46:12 712 4880] Reset pricetick [SPD SA101&SA102][1.000]
[2020-11-23 16:46:12 712 4880] Reset pricetick [SPD SA101&SA103][1.000]
[2020-11-23 16:46:12 712 4880] Reset pricetick [SPD SA101&SA104][1.000]
[2020-11-23 16:46:12 712 4880] Reset pricetick [SPD SA101&SA105][1.000]
[2020-11-23 16:46:12 712 4880] Reset pricetick [SPD SA102&SA103][1.000]
[2020-11-23 16:46:12 712 4880] Reset pricetick [SPD SA102&SA104][1.000]
[2020-11-23 16:46:12 712 4880] Reset pricetick [SPD SA102&SA105][1.000]
[2020-11-23 16:46:12 712 4880] Reset pricetick [SPD SA103&SA104][1.000]
[2020-11-23 16:46:12 712 4880] Reset pricetick [SPD SA103&SA105][1.000]
[2020-11-23 16:46:12 712 4880] Reset pricetick [SPD SA104&SA105][1.000]
[2020-11-23 16:46:12 712 4880] Reset pricetick [SPD SF006&SF007][2.000]
[2020-11-23 16:46:12 712 4880] Reset pricetick [SPD SF006&SF008][2.000]
[2020-11-23 16:46:12 712 4880] Reset pricetick [SPD SF006&SF009][2.000]
[2020-11-23 16:46:12 712 4880] Reset pricetick [SPD SF006&SF010][2.000]
[2020-11-23 16:46:12 712 4880] Reset pricetick [SPD SF006&SF011][2.000]
[2020-11-23 16:46:12 712 4880] Reset pricetick [SPD SF006&SF012][2.000]
[2020-11-23 16:46:12 712 4880] Reset pricetick [SPD SF006&SF101][2.000]
[2020-11-23 16:46:12 712 4880] Reset pricetick [SPD SF006&SF102][2.000]
[2020-11-23 16:46:12 712 4880] Reset pricetick [SPD SF006&SF103][2.000]
[2020-11-23 16:46:12 712 4880] Reset pricetick [SPD SF006&SF104][2.000]
[2020-11-23 16:46:12 712 4880] Reset pricetick [SPD SF006&SF105][2.000]
[2020-11-23 16:46:12 712 4880] Reset pricetick [SPD SF007&SF008][2.000]
[2020-11-23 16:46:12 712 4880] Reset pricetick [SPD SF007&SF009][2.000]
[2020-11-23 16:46:12 712 4880] Reset pricetick [SPD SF007&SF010][2.000]
[2020-11-23 16:46:12 712 4880] Reset pricetick [SPD SF007&SF011][2.000]
[2020-11-23 16:46:12 712 4880] Reset pricetick [SPD SF007&SF012][2.000]
[2020-11-23 16:46:12 712 4880] Reset pricetick [SPD SF007&SF101][2.000]
[2020-11-23 16:46:12 712 4880] Reset pricetick [SPD SF007&SF102][2.000]
[2020-11-23 16:46:12 713 4880] Reset pricetick [SPD SF007&SF103][2.000]
[2020-11-23 16:46:12 713 4880] Reset pricetick [SPD SF007&SF104][2.000]
[2020-11-23 16:46:12 713 4880] Reset pricetick [SPD SF007&SF105][2.000]
[2020-11-23 16:46:12 713 4880] Reset pricetick [SPD SF008&SF009][2.000]
[2020-11-23 16:46:12 713 4880] Reset pricetick [SPD SF008&SF010][2.000]
[2020-11-23 16:46:12 713 4880] Reset pricetick [SPD SF008&SF011][2.000]
[2020-11-23 16:46:12 713 4880] Reset pricetick [SPD SF008&SF012][2.000]
[2020-11-23 16:46:12 713 4880] Reset pricetick [SPD SF008&SF101][2.000]
[2020-11-23 16:46:12 713 4880] Reset pricetick [SPD SF008&SF102][2.000]
[2020-11-23 16:46:12 713 4880] Reset pricetick [SPD SF008&SF103][2.000]
[2020-11-23 16:46:12 713 4880] Reset pricetick [SPD SF008&SF104][2.000]
[2020-11-23 16:46:12 713 4880] Reset pricetick [SPD SF008&SF105][2.000]
[2020-11-23 16:46:12 713 4880] Reset pricetick [SPD SF009&SF010][2.000]
[2020-11-23 16:46:12 713 4880] Reset pricetick [SPD SF009&SF011][2.000]
[2020-11-23 16:46:12 713 4880] Reset pricetick [SPD SF009&SF012][2.000]
[2020-11-23 16:46:12 713 4880] Reset pricetick [SPD SF009&SF101][2.000]
[2020-11-23 16:46:12 713 4880] Reset pricetick [SPD SF009&SF102][2.000]
[2020-11-23 16:46:12 713 4880] Reset pricetick [SPD SF009&SF103][2.000]
[2020-11-23 16:46:12 713 4880] Reset pricetick [SPD SF009&SF104][2.000]
[2020-11-23 16:46:12 713 4880] Reset pricetick [SPD SF009&SF105][2.000]
[2020-11-23 16:46:12 713 4880] Reset pricetick [SPD SF010&SF011][2.000]
[2020-11-23 16:46:12 713 4880] Reset pricetick [SPD SF010&SF012][2.000]
[2020-11-23 16:46:12 713 4880] Reset pricetick [SPD SF010&SF101][2.000]
[2020-11-23 16:46:12 713 4880] Reset pricetick [SPD SF010&SF102][2.000]
[2020-11-23 16:46:12 713 4880] Reset pricetick [SPD SF010&SF103][2.000]
[2020-11-23 16:46:12 713 4880] Reset pricetick [SPD SF010&SF104][2.000]
[2020-11-23 16:46:12 713 4880] Reset pricetick [SPD SF010&SF105][2.000]
[2020-11-23 16:46:12 713 4880] Reset pricetick [SPD SF011&SF012][2.000]
[2020-11-23 16:46:12 713 4880] Reset pricetick [SPD SF011&SF101][2.000]
[2020-11-23 16:46:12 713 4880] Reset pricetick [SPD SF011&SF102][2.000]
[2020-11-23 16:46:12 713 4880] Reset pricetick [SPD SF011&SF103][2.000]
[2020-11-23 16:46:12 713 4880] Reset pricetick [SPD SF011&SF104][2.000]
[2020-11-23 16:46:12 713 4880] Reset pricetick [SPD SF011&SF105][2.000]
[2020-11-23 16:46:12 714 4880] Reset pricetick [SPD SF012&SF101][2.000]
[2020-11-23 16:46:12 714 4880] Reset pricetick [SPD SF012&SF102][2.000]
[2020-11-23 16:46:12 714 4880] Reset pricetick [SPD SF012&SF103][2.000]
[2020-11-23 16:46:12 714 4880] Reset pricetick [SPD SF012&SF104][2.000]
[2020-11-23 16:46:12 714 4880] Reset pricetick [SPD SF012&SF105][2.000]
[2020-11-23 16:46:12 714 4880] Reset pricetick [SPD SF101&SF102][2.000]
[2020-11-23 16:46:12 714 4880] Reset pricetick [SPD SF101&SF103][2.000]
[2020-11-23 16:46:12 714 4880] Reset pricetick [SPD SF101&SF104][2.000]
[2020-11-23 16:46:12 714 4880] Reset pricetick [SPD SF101&SF105][2.000]
[2020-11-23 16:46:12 714 4880] Reset pricetick [SPD SF102&SF103][2.000]
[2020-11-23 16:46:12 714 4880] Reset pricetick [SPD SF102&SF104][2.000]
[2020-11-23 16:46:12 714 4880] Reset pricetick [SPD SF102&SF105][2.000]
[2020-11-23 16:46:12 714 4880] Reset pricetick [SPD SF103&SF104][2.000]
[2020-11-23 16:46:12 714 4880] Reset pricetick [SPD SF103&SF105][2.000]
[2020-11-23 16:46:12 714 4880] Reset pricetick [SPD SF104&SF105][2.000]
[2020-11-23 16:46:12 714 4880] Reset pricetick [SPD SM006&SM007][2.000]
[2020-11-23 16:46:12 714 4880] Reset pricetick [SPD SM006&SM008][2.000]
[2020-11-23 16:46:12 714 4880] Reset pricetick [SPD SM006&SM009][2.000]
[2020-11-23 16:46:12 714 4880] Reset pricetick [SPD SM006&SM010][2.000]
[2020-11-23 16:46:12 714 4880] Reset pricetick [SPD SM006&SM011][2.000]
[2020-11-23 16:46:12 714 4880] Reset pricetick [SPD SM006&SM012][2.000]
[2020-11-23 16:46:12 714 4880] Reset pricetick [SPD SM006&SM101][2.000]
[2020-11-23 16:46:12 714 4880] Reset pricetick [SPD SM006&SM102][2.000]
[2020-11-23 16:46:12 714 4880] Reset pricetick [SPD SM006&SM103][2.000]
[2020-11-23 16:46:12 714 4880] Reset pricetick [SPD SM006&SM104][2.000]
[2020-11-23 16:46:12 714 4880] Reset pricetick [SPD SM006&SM105][2.000]
[2020-11-23 16:46:12 714 4880] Reset pricetick [SPD SM007&SM008][2.000]
[2020-11-23 16:46:12 714 4880] Reset pricetick [SPD SM007&SM009][2.000]
[2020-11-23 16:46:12 714 4880] Reset pricetick [SPD SM007&SM010][2.000]
[2020-11-23 16:46:12 714 4880] Reset pricetick [SPD SM007&SM011][2.000]
[2020-11-23 16:46:12 714 4880] Reset pricetick [SPD SM007&SM012][2.000]
[2020-11-23 16:46:12 714 4880] Reset pricetick [SPD SM007&SM101][2.000]
[2020-11-23 16:46:12 714 4880] Reset pricetick [SPD SM007&SM102][2.000]
[2020-11-23 16:46:12 714 4880] Reset pricetick [SPD SM007&SM103][2.000]
[2020-11-23 16:46:12 715 4880] Reset pricetick [SPD SM007&SM104][2.000]
[2020-11-23 16:46:12 715 4880] Reset pricetick [SPD SM007&SM105][2.000]
[2020-11-23 16:46:12 715 4880] Reset pricetick [SPD SM008&SM009][2.000]
[2020-11-23 16:46:12 715 4880] Reset pricetick [SPD SM008&SM010][2.000]
[2020-11-23 16:46:12 715 4880] Reset pricetick [SPD SM008&SM011][2.000]
[2020-11-23 16:46:12 715 4880] Reset pricetick [SPD SM008&SM012][2.000]
[2020-11-23 16:46:12 715 4880] Reset pricetick [SPD SM008&SM101][2.000]
[2020-11-23 16:46:12 715 4880] Reset pricetick [SPD SM008&SM102][2.000]
[2020-11-23 16:46:12 715 4880] Reset pricetick [SPD SM008&SM103][2.000]
[2020-11-23 16:46:12 715 4880] Reset pricetick [SPD SM008&SM104][2.000]
[2020-11-23 16:46:12 715 4880] Reset pricetick [SPD SM008&SM105][2.000]
[2020-11-23 16:46:12 715 4880] Reset pricetick [SPD SM009&SM010][2.000]
[2020-11-23 16:46:12 715 4880] Reset pricetick [SPD SM009&SM011][2.000]
[2020-11-23 16:46:12 715 4880] Reset pricetick [SPD SM009&SM012][2.000]
[2020-11-23 16:46:12 715 4880] Reset pricetick [SPD SM009&SM101][2.000]
[2020-11-23 16:46:12 715 4880] Reset pricetick [SPD SM009&SM102][2.000]
[2020-11-23 16:46:12 715 4880] Reset pricetick [SPD SM009&SM103][2.000]
[2020-11-23 16:46:12 715 4880] Reset pricetick [SPD SM009&SM104][2.000]
[2020-11-23 16:46:12 715 4880] Reset pricetick [SPD SM009&SM105][2.000]
[2020-11-23 16:46:12 715 4880] Reset pricetick [SPD SM010&SM011][2.000]
[2020-11-23 16:46:12 715 4880] Reset pricetick [SPD SM010&SM012][2.000]
[2020-11-23 16:46:12 715 4880] Reset pricetick [SPD SM010&SM101][2.000]
[2020-11-23 16:46:12 715 4880] Reset pricetick [SPD SM010&SM102][2.000]
[2020-11-23 16:46:12 715 4880] Reset pricetick [SPD SM010&SM103][2.000]
[2020-11-23 16:46:12 715 4880] Reset pricetick [SPD SM010&SM104][2.000]
[2020-11-23 16:46:12 715 4880] Reset pricetick [SPD SM010&SM105][2.000]
[2020-11-23 16:46:12 715 4880] Reset pricetick [SPD SM011&SM012][2.000]
[2020-11-23 16:46:12 715 4880] Reset pricetick [SPD SM011&SM101][2.000]
[2020-11-23 16:46:12 715 4880] Reset pricetick [SPD SM011&SM102][2.000]
[2020-11-23 16:46:12 715 4880] Reset pricetick [SPD SM011&SM103][2.000]
[2020-11-23 16:46:12 715 4880] Reset pricetick [SPD SM011&SM104][2.000]
[2020-11-23 16:46:12 715 4880] Reset pricetick [SPD SM011&SM105][2.000]
[2020-11-23 16:46:12 716 4880] Reset pricetick [SPD SM012&SM101][2.000]
[2020-11-23 16:46:12 716 4880] Reset pricetick [SPD SM012&SM102][2.000]
[2020-11-23 16:46:12 716 4880] Reset pricetick [SPD SM012&SM103][2.000]
[2020-11-23 16:46:12 716 4880] Reset pricetick [SPD SM012&SM104][2.000]
[2020-11-23 16:46:12 716 4880] Reset pricetick [SPD SM012&SM105][2.000]
[2020-11-23 16:46:12 716 4880] Reset pricetick [SPD SM101&SM102][2.000]
[2020-11-23 16:46:12 716 4880] Reset pricetick [SPD SM101&SM103][2.000]
[2020-11-23 16:46:12 716 4880] Reset pricetick [SPD SM101&SM104][2.000]
[2020-11-23 16:46:12 716 4880] Reset pricetick [SPD SM101&SM105][2.000]
[2020-11-23 16:46:12 716 4880] Reset pricetick [SPD SM102&SM103][2.000]
[2020-11-23 16:46:12 716 4880] Reset pricetick [SPD SM102&SM104][2.000]
[2020-11-23 16:46:12 716 4880] Reset pricetick [SPD SM102&SM105][2.000]
[2020-11-23 16:46:12 716 4880] Reset pricetick [SPD SM103&SM104][2.000]
[2020-11-23 16:46:12 716 4880] Reset pricetick [SPD SM103&SM105][2.000]
[2020-11-23 16:46:12 716 4880] Reset pricetick [SPD SM104&SM105][2.000]
[2020-11-23 16:46:12 790 4880] [DataSet] Load main code from DB [AP][AP101]
[2020-11-23 16:46:12 790 4880] [DataSet] Load main code from DB [CF][CF101]
[2020-11-23 16:46:12 790 4880] [DataSet] Load main code from DB [CJ][CJ101]
[2020-11-23 16:46:12 790 4880] [DataSet] Load main code from DB [CY][CY101]
[2020-11-23 16:46:12 790 4880] [DataSet] Load main code from DB [FG][FG101]
[2020-11-23 16:46:12 790 4880] [DataSet] Load main code from DB [IC][IC2012]
[2020-11-23 16:46:12 790 4880] [DataSet] Load main code from DB [IF][IF2012]
[2020-11-23 16:46:12 790 4880] [DataSet] Load main code from DB [IH][IH2012]
[2020-11-23 16:46:12 790 4880] [DataSet] Load main code from DB [IO][IO2008-C-4800]
[2020-11-23 16:46:12 790 4880] [DataSet] Load main code from DB [JR][JR101]
[2020-11-23 16:46:12 790 4880] [DataSet] Load main code from DB [LR][LR011]
[2020-11-23 16:46:12 790 4880] [DataSet] Load main code from DB [MA][MA101]
[2020-11-23 16:46:12 790 4880] [DataSet] Load main code from DB [OI][OI101]
[2020-11-23 16:46:12 790 4880] [DataSet] Load main code from DB [PF][PF105]
[2020-11-23 16:46:12 790 4880] [DataSet] Load main code from DB [PM][PM107]
[2020-11-23 16:46:12 790 4880] [DataSet] Load main code from DB [RI][RI101]
[2020-11-23 16:46:12 790 4880] [DataSet] Load main code from DB [RM][RM101]
[2020-11-23 16:46:12 790 4880] [DataSet] Load main code from DB [RS][RS107]
[2020-11-23 16:46:12 790 4880] [DataSet] Load main code from DB [SA][SA101]
[2020-11-23 16:46:12 790 4880] [DataSet] Load main code from DB [SF][SF101]
[2020-11-23 16:46:12 790 4880] [DataSet] Load main code from DB [SM][SM101]
[2020-11-23 16:46:12 790 4880] [DataSet] Load main code from DB [SR][SR101]
[2020-11-23 16:46:12 790 4880] [DataSet] Load main code from DB [T][T2103]
[2020-11-23 16:46:12 790 4880] [DataSet] Load main code from DB [TA][TA101]
[2020-11-23 16:46:12 790 4880] [DataSet] Load main code from DB [TF][TF2103]
[2020-11-23 16:46:12 790 4880] [DataSet] Load main code from DB [TS][TS2012]
[2020-11-23 16:46:12 790 4880] [DataSet] Load main code from DB [UR][UR101]
[2020-11-23 16:46:12 790 4880] [DataSet] Load main code from DB [WH][WH101]
[2020-11-23 16:46:12 790 4880] [DataSet] Load main code from DB [ZC][ZC101]
[2020-11-23 16:46:12 790 4880] [DataSet] Load main code from DB [a][a2101]
[2020-11-23 16:46:12 790 4880] [DataSet] Load main code from DB [ag][ag2012]
[2020-11-23 16:46:12 790 4880] [DataSet] Load main code from DB [al][al2012]
[2020-11-23 16:46:12 790 4880] [DataSet] Load main code from DB [au][au2012]
[2020-11-23 16:46:12 790 4880] [DataSet] Load main code from DB [b][b2102]
[2020-11-23 16:46:12 790 4880] [DataSet] Load main code from DB [bb][bb2012]
[2020-11-23 16:46:12 790 4880] [DataSet] Load main code from DB [bc][bc2103]
[2020-11-23 16:46:12 790 4880] [DataSet] Load main code from DB [bu][bu2012]
[2020-11-23 16:46:12 790 4880] [DataSet] Load main code from DB [c][c2101]
[2020-11-23 16:46:12 790 4880] [DataSet] Load main code from DB [cs][cs2101]
[2020-11-23 16:46:12 790 4880] [DataSet] Load main code from DB [cu][cu2101]
[2020-11-23 16:46:12 790 4880] [DataSet] Load main code from DB [eb][eb2101]
[2020-11-23 16:46:12 790 4880] [DataSet] Load main code from DB [eg][eg2101]
[2020-11-23 16:46:12 790 4880] [DataSet] Load main code from DB [fb][fb2101]
[2020-11-23 16:46:12 790 4880] [DataSet] Load main code from DB [fu][fu2101]
[2020-11-23 16:46:12 790 4880] [DataSet] Load main code from DB [hc][hc2101]
[2020-11-23 16:46:12 790 4880] [DataSet] Load main code from DB [i][i2101]
[2020-11-23 16:46:12 790 4880] [DataSet] Load main code from DB [j][j2101]
[2020-11-23 16:46:12 790 4880] [DataSet] Load main code from DB [jd][jd2101]
[2020-11-23 16:46:12 790 4880] [DataSet] Load main code from DB [jm][jm2101]
[2020-11-23 16:46:12 790 4880] [DataSet] Load main code from DB [l][l2101]
[2020-11-23 16:46:12 790 4880] [DataSet] Load main code from DB [lu][lu2101]
[2020-11-23 16:46:12 790 4880] [DataSet] Load main code from DB [m][m2105]
[2020-11-23 16:46:12 790 4880] [DataSet] Load main code from DB [ni][ni2102]
[2020-11-23 16:46:12 790 4880] [DataSet] Load main code from DB [nr][nr2101]
[2020-11-23 16:46:12 790 4880] [DataSet] Load main code from DB [p][p2101]
[2020-11-23 16:46:12 790 4880] [DataSet] Load main code from DB [pb][pb2101]
[2020-11-23 16:46:12 790 4880] [DataSet] Load main code from DB [pg][pg2101]
[2020-11-23 16:46:12 790 4880] [DataSet] Load main code from DB [pp][pp2101]
[2020-11-23 16:46:12 790 4880] [DataSet] Load main code from DB [rb][rb2101]
[2020-11-23 16:46:12 790 4880] [DataSet] Load main code from DB [rr][rr2103]
[2020-11-23 16:46:12 790 4880] [DataSet] Load main code from DB [ru][ru2101]
[2020-11-23 16:46:12 790 4880] [DataSet] Load main code from DB [sc][sc2101]
[2020-11-23 16:46:12 790 4880] [DataSet] Load main code from DB [sn][sn2101]
[2020-11-23 16:46:12 790 4880] [DataSet] Load main code from DB [sp][sp2101]
[2020-11-23 16:46:12 790 4880] [DataSet] Load main code from DB [ss][ss2101]
[2020-11-23 16:46:12 790 4880] [DataSet] Load main code from DB [v][v2101]
[2020-11-23 16:46:12 790 4880] [DataSet] Load main code from DB [wr][wr2101]
[2020-11-23 16:46:12 790 4880] [DataSet] Load main code from DB [y][y2101]
[2020-11-23 16:46:12 790 4880] [DataSet] Load main code from DB [zn][zn2012]
[2020-11-23 16:46:12 790 4e68] End Read DataSet
[2020-11-23 16:46:12 790 4e68] [PreQry] Instrument finish
[2020-11-23 16:46:12 800 4e68] <error> no find instrument of maintrade instrument [IO2008-C-4800]
[2020-11-23 16:46:12 800 4e68] <error> no find instrument of maintrade instrument [LR011]
[2020-11-23 16:46:12 800 4e68] <error> no find instrument of maintrade instrument [PF105]
[2020-11-23 16:46:12 800 4e68] <error> no find instrument of maintrade instrument [PM107]
[2020-11-23 16:46:12 800 4e68] <error> no find instrument of maintrade instrument [RS107]
[2020-11-23 16:46:12 800 4e68] <error> no find instrument of maintrade instrument [T2103]
[2020-11-23 16:46:12 800 4e68] <error> no find instrument of maintrade instrument [TF2103]
[2020-11-23 16:46:12 800 4e68] <error> no find instrument of maintrade instrument [bc2103]
[2020-11-23 16:46:12 800 4e68] <error> no find instrument of maintrade instrument [lu2101]
[2020-11-23 16:46:12 801 4e68] [0x00000002]Send ReqQryBigLegRule to Queue!
[2020-11-23 16:46:12 801 4e68] [0x00000003] Send ReqQryExchange to Queue!
[2020-11-23 16:46:12 801 4e68] [0x00000004] Send ReqQryTradingAccount to Queue
[2020-11-23 16:46:12 801 4e68] [0x00000005] Send ReqQryInvestorPositionDetail to Queue!
[2020-11-23 16:46:12 801 4e68] [0x00000006] Send ReqQryInvestor to Queue
[2020-11-23 16:46:12 801 4e68] [PreQry] BankAccount finish
[2020-11-23 16:46:12 801 4e68] [PreQry] Need Finish:[Exchange/Investor/TradingAccount/ContractBank/PosDet/AllOrder/Trader/CmbPosDet/ConOrder/ExeOrder/TerminateOrder/ParkOrder/Hadge/BigLegRule/TradeTimecfg]
[2020-11-23 16:46:12 801 4e68] [PreQry] ContractBank finish
[2020-11-23 16:46:12 801 4e68] [PreQry] Need Finish:[Exchange/Investor/TradingAccount/PosDet/AllOrder/Trader/CmbPosDet/ConOrder/ExeOrder/TerminateOrder/ParkOrder/Hadge/BigLegRule/TradeTimecfg]
[2020-11-23 16:46:13 742 3fb0] [0x00000004] Call API Func-ReqQryTradingAccount
[2020-11-23 16:46:13 743 45d4] [QRYACC] 0.00 0.00 0.00 0.00 0.00 0.00 0.00 0.00 0.00 0.00 0.00 0.00 0.00 0.00 0.00 0.00 0.00 0.00 0.00 0.00 0.00 0.00 0.00 0.00 0.00 0.00 [MarketValueEquity:0.00] 20201123
[2020-11-23 16:46:13 743 4e68] [PreQry] TradingAccount finish
[2020-11-23 16:46:13 743 4e68] [PreQry] Need Finish:[Exchange/Investor/PosDet/AllOrder/Trader/CmbPosDet/ConOrder/ExeOrder/TerminateOrder/ParkOrder/Hadge/BigLegRule/TradeTimecfg]
[2020-11-23 16:46:13 744 4e68] [PreQry] Need Finish:[Exchange/Investor/PosDet/AllOrder/Trader/CmbPosDet/ConOrder/ExeOrder/TerminateOrder/ParkOrder/Hadge/BigLegRule/TradeTimecfg]
[2020-11-23 16:46:14 736 45d4] [Info] DisConnect
[2020-11-23 16:46:14 736 4e68] [PreQry]<error> info connect fail. will set finish
[2020-11-23 16:46:14 736 4e68] [PreQry] Need Finish:[Exchange/Investor/PosDet/AllOrder/Trader/CmbPosDet/ConOrder/ExeOrder/TerminateOrder/ParkOrder/Hadge/BigLegRule/]
[2020-11-23 16:46:14 858 3fb0] [0x00000002] CALL API Func-ReqQryBigLegRule
[2020-11-23 16:46:14 858 45d4] [0x00000002] [QryBigLegRule] [Exc:SHFE][Pro:][Type:3][Day:0]
[2020-11-23 16:46:14 858 45d4] [0x00000002] [QryBigLegRule] [Exc:CFFEX][Pro:][Type:3][Day:0]
[2020-11-23 16:46:14 859 45d4] [0x00000002] [QryBigLegRule] [Exc:INE][Pro:][Type:3][Day:0]
[2020-11-23 16:46:14 859 45d4] [0x00000002] OnRspQryBigLegRule-Finished!
[2020-11-23 16:46:14 859 4e68] [PreQry] BigLegRule finish
[2020-11-23 16:46:14 859 4e68] [PreQry] Need Finish:[Exchange/Investor/PosDet/AllOrder/Trader/CmbPosDet/ConOrder/ExeOrder/TerminateOrder/ParkOrder/Hadge/]
[2020-11-23 16:46:15 960 3fb0] [0x00000003] Call API Func-ReqQryExchange
[2020-11-23 16:46:15 961 45d4] [0x00000003] OnRspQryExchange-[中国金融交易所][CFFEX][a]
[2020-11-23 16:46:15 961 45d4] [0x00000003] OnRspQryExchange-Finished!
[2020-11-23 16:46:15 961 4e68] [qrydlg] exchange:[CFFEX] use single.
[2020-11-23 16:46:15 961 4e68] [PreQry] Exchange finish
[2020-11-23 16:46:16 108 4e68] [PreQry] Need Finish:[Investor/PosDet/AllOrder/Trader/CmbPosDet/ConOrder/ExeOrder/TerminateOrder/ParkOrder/Hadge/]
[2020-11-23 16:46:17 072 3fb0] [0x00000005] Call API Func-ReqQryInvestorPositionDetail
[2020-11-23 16:46:17 075 45d4] [0x00000005] <Error> OnRspQryInvestorPositionDetail,ErrCode[-1:没有持仓明细]
[2020-11-23 16:46:17 075 45d4] [0x00000005] OnRspQryInvestorPositionDetail-Finished!
[2020-11-23 16:46:17 075 4e68] [0x00000009] Send ReqQryOrder to Queue [1]
[2020-11-23 16:46:17 075 4e68] [0x0000000a] Send QryExeOrder to Queue!
[2020-11-23 16:46:17 075 4e68] [0x0000000b]Send ReqQryTrade to Queue!
[2020-11-23 16:46:17 075 4e68] [0x0000000c] Send ReqQryCombPositionDetail to Queue!
[2020-11-23 16:46:17 075 4e68] [0x0000000d]Send ReqQryConditionOrder to Queue!
[2020-11-23 16:46:17 075 4e68] [0x0000000e]Send ReqQryTerminateOrder to Queue!
[2020-11-23 16:46:17 075 4e68] [0x0000000f]Send ReqQryParkedOrder to Queue!
[2020-11-23 16:46:17 075 4e68] [PreQry] Need Finish:[Investor/PosDet/AllOrder/Trader/CmbPosDet/ConOrder/ExeOrder/TerminateOrder/ParkOrder/]
[2020-11-23 16:46:17 075 4e68] [PreQry] PosDetail finish
[2020-11-23 16:46:17 075 4e68] [PreQry] Need Finish:[Investor/AllOrder/Trader/CmbPosDet/ConOrder/ExeOrder/TerminateOrder/ParkOrder/]
[2020-11-23 16:46:17 250 4e40] [警告] !!!!!!!线程[0x000024c8:CheckUpdateThread] 10 秒无响应,状态：运行 !!!!!!!
[2020-11-23 16:46:18 183 3fb0] [0x0000000f] CALL API Func-ReqQryParkedOrder
[2020-11-23 16:46:18 185 45d4] [0x0000000f] [QryPark] [ref:][ordersysid:][][offset:][Hedge:][Direct:''][Vol:0][Price:0.000][triger:''][status:'']
[2020-11-23 16:46:18 185 45d4] [0x0000000f] OnRspQryParkedOrder-Finished!
[2020-11-23 16:46:18 185 4e68] [PreQry] parkorder finish
[2020-11-23 16:46:18 185 4e68] [PreQry] Need Finish:[Investor/AllOrder/Trader/CmbPosDet/ConOrder/ExeOrder/TerminateOrder/]
[2020-11-23 16:46:19 294 3fb0] [0x0000000e] CALL API Func-ReqQryTerminateOrder
[2020-11-23 16:46:19 296 45d4] [0x0000000e] OnRspQryTerminateOrder-[][Dir:''][offset:''][vol:0][status:'']Terminate[0 '','',0.0000]Order['',0.0000,0]Ensure[0][0][0][0] Inner[0,0.0000,0.0000] EndData[] [][]
[2020-11-23 16:46:19 296 45d4] [0x0000000e] <Error> OnRspQryTerminateOrder ErrCode[-1:没有服务器止盈止损单记录]
[2020-11-23 16:46:19 296 45d4] [0x0000000e] OnRspQryTerminateOrder-Finished!
[2020-11-23 16:46:19 296 4e68] [PreQry] TerminateOrder finish
[2020-11-23 16:46:19 296 4e68] [PreQry] Need Finish:[Investor/AllOrder/Trader/CmbPosDet/ConOrder/ExeOrder/]
[2020-11-23 16:46:19 751 45d4] [Info] DisConnect
[2020-11-23 16:46:19 751 4e68] [PreQry]<error> info connect fail. will set finish
[2020-11-23 16:46:19 751 4e68] [PreQry] Need Finish:[Investor/AllOrder/Trader/CmbPosDet/ConOrder/ExeOrder/]
[2020-11-23 16:46:20 401 3fb0] [0x0000000a] CALL API Func-ReqQryExecOrder
[2020-11-23 16:46:20 403 45d4] [QryExeOrd] finish
[2020-11-23 16:46:20 403 4e68] [PreQry] ExeOrder finish
[2020-11-23 16:46:20 403 4e68] [PreQry] Need Finish:[Investor/AllOrder/Trader/CmbPosDet/ConOrder/]
[2020-11-23 16:46:21 515 3fb0] [0x00000006] Call API Func-ReqQryInvestor
[2020-11-23 16:46:21 516 45d4] [QryInvestor] [123456][李秋维]
[2020-11-23 16:46:21 516 4e68] [PreQry] Investor finish
[2020-11-23 16:46:21 516 4e68] [PreQry] Need Finish:[AllOrder/Trader/CmbPosDet/ConOrder/]
[2020-11-23 16:46:22 626 3fb0] [0x00000009] Call API Func-ReqQryOrder
[2020-11-23 16:46:22 629 45d4] [0x00000009] <Warning> OnRspQryOrder Error!
[2020-11-23 16:46:22 629 45d4] [0x00000009] OnRspQryOrder-Finished!
[2020-11-23 16:46:22 629 4e68] [PreQry] AllOrder finish
[2020-11-23 16:46:22 629 4e68] [PreQry] Need Finish:[Trader/CmbPosDet/ConOrder/]
[2020-11-23 16:46:23 725 3fb0] [0x0000000b] Call API Func-ReqQryTrade
[2020-11-23 16:46:23 727 45d4] [0x0000000b] <Error> OnRspQryTrade ErrCode[-1:没有成交记录]
[2020-11-23 16:46:23 727 45d4] [0x0000000b] OnRspQryTrade-Finished!
[2020-11-23 16:46:23 728 4e68] [PreQry] QryTrade finish
[2020-11-23 16:46:23 728 4e68] [PreQry] Need Finish:[CmbPosDet/ConOrder/]
[2020-11-23 16:46:24 779 45d4] [Info] DisConnect
[2020-11-23 16:46:24 779 4e68] [PreQry]<error> info connect fail. will set finish
[2020-11-23 16:46:24 779 4e68] [PreQry] Need Finish:[CmbPosDet/ConOrder/]
[2020-11-23 16:46:24 837 3fb0] [0x0000000c] CALL API Func-ReqQryCombPosDetail
[2020-11-23 16:46:24 839 45d4] <error> OnRspQryInvestorPositionCombineDetail
[2020-11-23 16:46:24 839 45d4] [-1][没有组合持仓明细]
[2020-11-23 16:46:24 839 45d4] [0x0000000c] OnRspQryInvestorPositionCombineDetail-Finished!
[2020-11-23 16:46:24 839 4e68] [PreQry] CmbDetail finish
[2020-11-23 16:46:24 839 4e68] [PreQry] Need Finish:[ConOrder/]
[2020-11-23 16:46:25 505 4e68] ~CLoginDlg
[2020-11-23 16:46:25 505 4e68] ExitInstance()!
[2020-11-23 16:46:25 505 4e68] Release preload!
[2020-11-23 16:46:25 505 4e68] Release TradeApi!
[2020-11-23 16:46:25 505 4e68] TradeAPI Release 
[2020-11-23 16:46:25 505 4e68] Release MDAPI!
[2020-11-23 16:46:25 518 4c14] THREAD[0x4c14:15516](RohonMarket) exit.
[2020-11-23 16:46:25 518 4e68] thread[4c14](RohonMarket) state=-1 WaitFor(end) return 0.
[2020-11-23 16:46:25 518 4e68] !!ClearTimer(identify=0x2) 失败,对象不匹配,real id=0x1!!
[2020-11-23 16:46:25 518 4e68] thread[4c14](RohonMarket) state=-1 WaitFor return 0.
[2020-11-23 16:46:25 518 4e68] Thread[0x4e68] kill thread(0x4c14)
[2020-11-23 16:46:25 518 4e68] Release DB!
[2020-11-23 16:46:25 519 4e68] Release Ar DB!
[2020-11-23 16:46:25 519 4e68] Release TraderConfig!
[2020-11-23 16:46:25 519 4e68] Release Dataset!
[2020-11-23 16:46:25 522 4e68] Release Public!
[2020-11-23 16:46:25 522 4e68] Release DefaultFont!
[2020-11-23 16:46:25 522 4e68] Release Log!
[2020-11-23 16:46:35 691 4e30] <app>version: 5.31.70.7
[2020-11-23 16:46:35 691 4e30] orderfee: 1.00
[2020-11-23 16:46:35 691 4e30] <app><tradeDir>: D:\PyCharm 2020.2.3\pythonProject\Rohon_managementplatform_web\demo\trader\FUT_RHA
[2020-11-23 16:46:35 959 4e30] Thread(MP_TimerThread(Rohon_TimerManager))[0x23b0] create by thread[0x4e30] suspend
[2020-11-23 16:46:35 959 4e30] <app><TraderDllType>[1699][version:5]
[2020-11-23 16:46:35 959 23b0] [0x0150ebc0]create THREAD[23b0:20108](MP_TimerThread(Rohon_TimerManager))
[2020-11-23 16:46:35 959 23b0] THREAD[0x23b0:20108](MP_TimerThread(Rohon_TimerManager)) runing
[2020-11-23 16:46:35 960 4e30] <app><MDDllType>[1788][version:5]
[2020-11-23 16:46:35 969 4e30] Thread(CheckUpdateThread)[0x3564] create by thread[0x4e30] suspend
[2020-11-23 16:46:35 969 3564] [0x01513450]create THREAD[3564:20108](CheckUpdateThread)
[2020-11-23 16:46:35 969 3564] THREAD[0x3564:20108](CheckUpdateThread) runing
[2020-11-23 16:46:35 969 4e30] Thread(SockTranferWorkThread)[0x4d8c] create by thread[0x4e30] suspend
[2020-11-23 16:46:35 969 4e30] Thread(SockConnectWorkThread)[0xbf0] create by thread[0x4e30] suspend
[2020-11-23 16:46:35 970 4d8c] [0x01514b70]create THREAD[4d8c:20108](SockTranferWorkThread)
[2020-11-23 16:46:35 970 4d8c] THREAD[0x4d8c:20108](SockTranferWorkThread) runing
[2020-11-23 16:46:35 970 0bf0] [0x01514a60]create THREAD[bf0:20108](SockConnectWorkThread)
[2020-11-23 16:46:35 970 0bf0] THREAD[0xbf0:20108](SockConnectWorkThread) runing
[2020-11-23 16:46:36 067 4e30] <debug>init loginDlg over
[2020-11-23 16:46:38 482 3564] <error>Connect server[-210.22.96.59] fail!
[2020-11-23 16:46:38 482 3564] <error>Fail to get the update server info.
[2020-11-23 16:46:38 582 3564] thread[3564](CheckUpdateThread) WaitFor self.
[2020-11-23 16:46:38 582 3564] THREAD[0x3564:20108](CheckUpdateThread) exit.
[2020-11-23 16:46:38 602 4e30] LoginDlg - BnClickedLogin
[2020-11-23 16:46:38 602 4e30] style error !
[2020-11-23 16:46:38 680 4e30] <app><MdBrokerID>[Rohon]
[2020-11-23 16:46:38 680 4e30] On _Init one
[2020-11-23 16:46:38 681 4e30] Thread(RohonMarket)[0x48b0] create by thread[0x4e30] suspend
[2020-11-23 16:46:38 681 4e30] 成功分配第1个定时资源组(每组256个资源)
[2020-11-23 16:46:38 681 48b0] [0x015153e0]create THREAD[48b0:20108](RohonMarket)
[2020-11-23 16:46:38 681 48b0] THREAD[0x48b0:20108](RohonMarket) runing
[2020-11-23 16:46:38 681 4e30] [CTP]MDRegisterSpi
[2020-11-23 16:46:38 681 4e30] [Init] [tcp://120.136.169.26:41215]
[2020-11-23 16:46:38 681 4e30] [CTP]MD Init
[2020-11-23 16:46:38 681 4e30] [CTP]MD Init completed!
[2020-11-23 16:46:38 681 4e30] <app><TradeBrokerID>[Rohon]
[2020-11-23 16:46:38 681 4e30] [version] RHTrader [5] [1699]
[2020-11-23 16:46:38 709 4910] [CTP] On MDFrontConnected
[2020-11-23 16:46:38 709 4910] [CTP] MD ReqUserLogin
[2020-11-23 16:46:38 713 4910] On MDRspUserLogin()
[2020-11-23 16:46:38 713 4910] MD Front[0] LoginTime=,SHFETime=
[2020-11-23 16:46:38 713 4910] unsub all
[2020-11-23 16:46:38 713 4910] sub all
[2020-11-23 16:46:41 093 4e30] [Init] [tcp://192.168.1.50:10001]
[2020-11-23 16:46:41 113 4d8c] OnFrontConnected
[2020-11-23 16:46:41 113 4e30] [0x00000001] ReqUserLogin
[2020-11-23 16:46:41 115 4d8c] [RSPLOG][0x00000001] [] [] [0] [0] [ ]
[2020-11-23 16:46:41 115 4d8c] [0x00000001] <Error> OnRspUserLogin,ErrorCode[-1:登录失败,密码错误]
[2020-11-23 16:46:45 764 4d7c] [警告] !!!!!!!线程[0x00003564:CheckUpdateThread] 10 秒无响应,状态：运行 !!!!!!!
[2020-11-23 16:46:55 837 4d7c] [警告] !!!!!!!线程[0x00003564:CheckUpdateThread] 20 秒无响应,状态：运行 !!!!!!!
[2020-11-23 16:47:05 910 4d7c] [警告] !!!!!!!线程[0x00003564:CheckUpdateThread] 30 秒无响应,状态：运行 !!!!!!!
[2020-11-23 16:47:09 163 4e30] ~CLoginDlg
[2020-11-23 16:47:09 163 4e30] ExitInstance()!
[2020-11-23 16:47:09 163 4e30] Release preload!
[2020-11-23 16:47:09 163 4e30] Release TradeApi!
[2020-11-23 16:47:09 163 4e30] TradeAPI Release 
[2020-11-23 16:47:09 163 4e30] Release MDAPI!
[2020-11-23 16:47:09 173 48b0] THREAD[0x48b0:20108](RohonMarket) exit.
[2020-11-23 16:47:09 173 4e30] thread[48b0](RohonMarket) state=-1 WaitFor(end) return 0.
[2020-11-23 16:47:09 173 4e30] !!ClearTimer(identify=0x2) 失败,对象不匹配,real id=0x1!!
[2020-11-23 16:47:09 173 4e30] thread[48b0](RohonMarket) state=-1 WaitFor return 0.
[2020-11-23 16:47:09 173 4e30] Thread[0x4e30] kill thread(0x48b0)
[2020-11-23 16:47:09 173 4e30] Release DB!
[2020-11-23 16:47:09 173 4e30] Release Ar DB!
[2020-11-23 16:47:09 173 4e30] Release TraderConfig!
[2020-11-23 16:47:09 173 4e30] Release Public!
[2020-11-23 16:47:09 173 4e30] Release DefaultFont!
[2020-11-23 16:47:09 173 4e30] Release Log!
[2020-11-23 16:47:18 464 4c04] <app>version: 5.31.70.7
[2020-11-23 16:47:18 465 4c04] orderfee: 1.00
[2020-11-23 16:47:18 465 4c04] <app><tradeDir>: D:\PyCharm 2020.2.3\pythonProject\Rohon_managementplatform_web\demo\trader\FUT_RHA
[2020-11-23 16:47:18 745 4c04] Thread(MP_TimerThread(Rohon_TimerManager))[0x3fc8] create by thread[0x4c04] suspend
[2020-11-23 16:47:18 745 4c04] <app><TraderDllType>[1699][version:5]
[2020-11-23 16:47:18 745 3fc8] [0x015aebc0]create THREAD[3fc8:19868](MP_TimerThread(Rohon_TimerManager))
[2020-11-23 16:47:18 745 3fc8] THREAD[0x3fc8:19868](MP_TimerThread(Rohon_TimerManager)) runing
[2020-11-23 16:47:18 746 4c04] <app><MDDllType>[1788][version:5]
[2020-11-23 16:47:18 755 4c04] Thread(CheckUpdateThread)[0x4618] create by thread[0x4c04] suspend
[2020-11-23 16:47:18 755 4618] [0x015b3450]create THREAD[4618:19868](CheckUpdateThread)
[2020-11-23 16:47:18 755 4618] THREAD[0x4618:19868](CheckUpdateThread) runing
[2020-11-23 16:47:18 755 4c04] Thread(SockTranferWorkThread)[0x40bc] create by thread[0x4c04] suspend
[2020-11-23 16:47:18 756 4c04] Thread(SockConnectWorkThread)[0x4ad4] create by thread[0x4c04] suspend
[2020-11-23 16:47:18 756 40bc] [0x015b4b70]create THREAD[40bc:19868](SockTranferWorkThread)
[2020-11-23 16:47:18 756 40bc] THREAD[0x40bc:19868](SockTranferWorkThread) runing
[2020-11-23 16:47:18 756 4ad4] [0x015b4a60]create THREAD[4ad4:19868](SockConnectWorkThread)
[2020-11-23 16:47:18 756 4ad4] THREAD[0x4ad4:19868](SockConnectWorkThread) runing
[2020-11-23 16:47:18 847 4c04] <debug>init loginDlg over
[2020-11-23 16:47:20 765 4618] <error>Connect server[-210.22.96.59] fail!
[2020-11-23 16:47:20 765 4618] <error>Fail to get the update server info.
[2020-11-23 16:47:20 866 4618] thread[4618](CheckUpdateThread) WaitFor self.
[2020-11-23 16:47:20 866 4618] THREAD[0x4618:19868](CheckUpdateThread) exit.
[2020-11-23 16:47:21 369 4c04] LoginDlg - BnClickedLogin
[2020-11-23 16:47:21 369 4c04] style error !
[2020-11-23 16:47:21 436 4c04] <app><MdBrokerID>[Rohon]
[2020-11-23 16:47:21 436 4c04] On _Init one
[2020-11-23 16:47:21 436 4c04] Thread(RohonMarket)[0x4e18] create by thread[0x4c04] suspend
[2020-11-23 16:47:21 436 4c04] 成功分配第1个定时资源组(每组256个资源)
[2020-11-23 16:47:21 436 4e18] [0x015b53f0]create THREAD[4e18:19868](RohonMarket)
[2020-11-23 16:47:21 436 4e18] THREAD[0x4e18:19868](RohonMarket) runing
[2020-11-23 16:47:21 436 4c04] [CTP]MDRegisterSpi
[2020-11-23 16:47:21 436 4c04] [Init] [tcp://120.136.169.26:41215]
[2020-11-23 16:47:21 436 4c04] [CTP]MD Init
[2020-11-23 16:47:21 436 4c04] [CTP]MD Init completed!
[2020-11-23 16:47:21 436 4c04] <app><TradeBrokerID>[Rohon]
[2020-11-23 16:47:21 436 4c04] [version] RHTrader [5] [1699]
[2020-11-23 16:47:21 464 2bf4] [CTP] On MDFrontConnected
[2020-11-23 16:47:21 464 2bf4] [CTP] MD ReqUserLogin
[2020-11-23 16:47:21 468 2bf4] On MDRspUserLogin()
[2020-11-23 16:47:21 468 2bf4] MD Front[0] LoginTime=,SHFETime=
[2020-11-23 16:47:21 468 2bf4] unsub all
[2020-11-23 16:47:21 468 2bf4] sub all
[2020-11-23 16:47:23 824 4c04] [Init] [tcp://192.168.1.50:10001]
[2020-11-23 16:47:23 883 40bc] OnFrontConnected
[2020-11-23 16:47:23 883 4c04] [0x00000001] ReqUserLogin
[2020-11-23 16:47:23 885 40bc] [RSPLOG][0x00000001] [] [] [0] [0] [ ]
[2020-11-23 16:47:23 885 40bc] [0x00000001] <Error> OnRspUserLogin,ErrorCode[-1:登录失败,密码错误]
[2020-11-23 16:47:28 538 48c0] [警告] !!!!!!!线程[0x00004618:CheckUpdateThread] 10 秒无响应,状态：运行 !!!!!!!
[2020-11-23 16:47:38 612 48c0] [警告] !!!!!!!线程[0x00004618:CheckUpdateThread] 20 秒无响应,状态：运行 !!!!!!!
[2020-11-23 16:47:48 685 48c0] [警告] !!!!!!!线程[0x00004618:CheckUpdateThread] 30 秒无响应,状态：运行 !!!!!!!
[2020-11-23 16:47:58 758 48c0] [警告] !!!!!!!线程[0x00004618:CheckUpdateThread] 40 秒无响应,状态：运行 !!!!!!!
[2020-11-23 16:48:08 831 48c0] [警告] !!!!!!!线程[0x00004618:CheckUpdateThread] 50 秒无响应,状态：运行 !!!!!!!
[2020-11-23 16:48:18 904 48c0] [警告] !!!!!!!线程[0x00004618:CheckUpdateThread] 60 秒无响应,状态：运行 !!!!!!!
[2020-11-23 16:48:28 977 48c0] [警告] !!!!!!!线程[0x00004618:CheckUpdateThread] 70 秒无响应,状态：运行 !!!!!!!
[2020-11-23 16:48:39 050 48c0] [警告] !!!!!!!线程[0x00004618:CheckUpdateThread] 81 秒无响应,状态：运行 !!!!!!!
[2020-11-23 16:48:49 123 48c0] [警告] !!!!!!!线程[0x00004618:CheckUpdateThread] 91 秒无响应,状态：运行 !!!!!!!
[2020-11-23 16:48:56 825 4c04] ~CLoginDlg
[2020-11-23 16:48:56 825 4c04] ExitInstance()!
[2020-11-23 16:48:56 825 4c04] Release preload!
[2020-11-23 16:48:56 825 4c04] Release TradeApi!
[2020-11-23 16:48:56 825 4c04] TradeAPI Release 
[2020-11-23 16:48:56 825 4c04] Release MDAPI!
[2020-11-23 16:48:56 838 4e18] THREAD[0x4e18:19868](RohonMarket) exit.
[2020-11-23 16:48:56 838 4c04] thread[4e18](RohonMarket) state=-1 WaitFor(end) return 0.
[2020-11-23 16:48:56 838 4c04] !!ClearTimer(identify=0x2) 失败,对象不匹配,real id=0x1!!
[2020-11-23 16:48:56 838 4c04] thread[4e18](RohonMarket) state=-1 WaitFor return 0.
[2020-11-23 16:48:56 838 4c04] Thread[0x4c04] kill thread(0x4e18)
[2020-11-23 16:48:56 838 4c04] Release DB!
[2020-11-23 16:48:56 838 4c04] Release Ar DB!
[2020-11-23 16:48:56 838 4c04] Release TraderConfig!
[2020-11-23 16:48:56 838 4c04] Release Public!
[2020-11-23 16:48:56 838 4c04] Release DefaultFont!
[2020-11-23 16:48:56 838 4c04] Release Log!
