[2020-11-23 16:17:23 639 3eb4] <app>version: 5.31.70.7
[2020-11-23 16:17:23 639 3eb4] orderfee: 1.00
[2020-11-23 16:17:23 639 3eb4] <app><tradeDir>: D:\PyCharm 2020.2.3\pythonProject\Rohon_managementplatform_web\demo\trader\FUT_RHA
[2020-11-23 16:17:23 881 3eb4] Thread(MP_TimerThread(Rohon_TimerManager))[0x451c] create by thread[0x3eb4] suspend
[2020-11-23 16:17:23 881 3eb4] <app><TraderDllType>[1699][version:5]
[2020-11-23 16:17:23 881 451c] [0x0163ebc0]create THREAD[451c:15620](MP_TimerThread(Rohon_TimerManager))
[2020-11-23 16:17:23 881 451c] THREAD[0x451c:15620](MP_TimerThread(Rohon_TimerManager)) runing
[2020-11-23 16:17:23 883 3eb4] <app><MDDllType>[1788][version:5]
[2020-11-23 16:17:23 888 3eb4] Thread(CheckUpdateThread)[0x4758] create by thread[0x3eb4] suspend
[2020-11-23 16:17:23 888 4758] [0x01643450]create THREAD[4758:15620](CheckUpdateThread)
[2020-11-23 16:17:23 888 4758] THREAD[0x4758:15620](CheckUpdateThread) runing
[2020-11-23 16:17:23 888 3eb4] Thread(SockTranferWorkThread)[0x468c] create by thread[0x3eb4] suspend
[2020-11-23 16:17:23 888 3eb4] Thread(SockConnectWorkThread)[0x16fc] create by thread[0x3eb4] suspend
[2020-11-23 16:17:23 888 468c] [0x01644b70]create THREAD[468c:15620](SockTranferWorkThread)
[2020-11-23 16:17:23 888 468c] THREAD[0x468c:15620](SockTranferWorkThread) runing
[2020-11-23 16:17:23 888 16fc] [0x01644a60]create THREAD[16fc:15620](SockConnectWorkThread)
[2020-11-23 16:17:23 888 16fc] THREAD[0x16fc:15620](SockConnectWorkThread) runing
[2020-11-23 16:17:23 958 3eb4] <debug>init loginDlg over
[2020-11-23 16:17:25 900 4758] <error>Connect server[-210.22.96.59] fail!
[2020-11-23 16:17:25 900 4758] <error>Fail to get the update server info.
[2020-11-23 16:17:26 001 4758] thread[4758](CheckUpdateThread) WaitFor self.
[2020-11-23 16:17:26 001 4758] THREAD[0x4758:15620](CheckUpdateThread) exit.
[2020-11-23 16:17:26 166 3eb4] LoginDlg - BnClickedLogin
[2020-11-23 16:17:33 712 3f14] [警告] !!!!!!!线程[0x00004758:CheckUpdateThread] 10 秒无响应,状态：运行 !!!!!!!
[2020-11-23 16:17:43 785 3f14] [警告] !!!!!!!线程[0x00004758:CheckUpdateThread] 20 秒无响应,状态：运行 !!!!!!!
[2020-11-23 16:17:53 859 3f14] [警告] !!!!!!!线程[0x00004758:CheckUpdateThread] 30 秒无响应,状态：运行 !!!!!!!
[2020-11-23 16:17:57 203 3eb4] ~CLoginDlg
[2020-11-23 16:17:57 204 3eb4] ExitInstance()!
[2020-11-23 16:17:57 204 3eb4] Release preload!
[2020-11-23 16:17:57 204 3eb4] Release TradeApi!
[2020-11-23 16:17:57 204 3eb4] Release MDAPI!
[2020-11-23 16:17:57 204 3eb4] Release DB!
[2020-11-23 16:17:57 204 3eb4] Release Ar DB!
[2020-11-23 16:17:57 204 3eb4] Release TraderConfig!
[2020-11-23 16:17:57 204 3eb4] Release Public!
[2020-11-23 16:17:57 204 3eb4] Release DefaultFont!
[2020-11-23 16:17:57 204 3eb4] Release Log!
[2020-11-23 16:17:58 914 49a0] <app>version: 5.31.70.7
[2020-11-23 16:17:58 915 49a0] orderfee: 1.00
[2020-11-23 16:17:58 915 49a0] <app><tradeDir>: D:\PyCharm 2020.2.3\pythonProject\Rohon_managementplatform_web\demo\trader\FUT_RHA
[2020-11-23 16:17:59 167 49a0] Thread(MP_TimerThread(Rohon_TimerManager))[0x2a04] create by thread[0x49a0] suspend
[2020-11-23 16:17:59 167 49a0] <app><TraderDllType>[1699][version:5]
[2020-11-23 16:17:59 167 2a04] [0x0154ebc0]create THREAD[2a04:14992](MP_TimerThread(Rohon_TimerManager))
[2020-11-23 16:17:59 167 2a04] THREAD[0x2a04:14992](MP_TimerThread(Rohon_TimerManager)) runing
[2020-11-23 16:17:59 168 49a0] <app><MDDllType>[1788][version:5]
[2020-11-23 16:17:59 173 49a0] Thread(CheckUpdateThread)[0x3f18] create by thread[0x49a0] suspend
[2020-11-23 16:17:59 173 3f18] [0x01553450]create THREAD[3f18:14992](CheckUpdateThread)
[2020-11-23 16:17:59 173 3f18] THREAD[0x3f18:14992](CheckUpdateThread) runing
[2020-11-23 16:17:59 173 49a0] Thread(SockTranferWorkThread)[0x4ac0] create by thread[0x49a0] suspend
[2020-11-23 16:17:59 173 49a0] Thread(SockConnectWorkThread)[0x2f8c] create by thread[0x49a0] suspend
[2020-11-23 16:17:59 173 4ac0] [0x01554b70]create THREAD[4ac0:14992](SockTranferWorkThread)
[2020-11-23 16:17:59 173 4ac0] THREAD[0x4ac0:14992](SockTranferWorkThread) runing
[2020-11-23 16:17:59 173 2f8c] [0x01554a60]create THREAD[2f8c:14992](SockConnectWorkThread)
[2020-11-23 16:17:59 173 2f8c] THREAD[0x2f8c:14992](SockConnectWorkThread) runing
[2020-11-23 16:17:59 239 49a0] <debug>init loginDlg over
[2020-11-23 16:18:01 572 49a0] LoginDlg - BnClickedLogin
[2020-11-23 16:18:08 988 4ad4] [警告] !!!!!!!线程[0x00003f18:CheckUpdateThread] 9 秒无响应,状态：运行 !!!!!!!
[2020-11-23 16:18:09 183 3f18] <error>Connect server[-210.22.96.59] fail!
[2020-11-23 16:18:09 183 3f18] <error>Fail to get the update server info.
[2020-11-23 16:18:09 284 3f18] thread[3f18](CheckUpdateThread) WaitFor self.
[2020-11-23 16:18:09 284 3f18] THREAD[0x3f18:14992](CheckUpdateThread) exit.
[2020-11-23 16:18:16 828 49a0] ~CLoginDlg
[2020-11-23 16:18:16 828 49a0] ExitInstance()!
[2020-11-23 16:18:16 828 49a0] Release preload!
[2020-11-23 16:18:16 828 49a0] Release TradeApi!
[2020-11-23 16:18:16 828 49a0] Release MDAPI!
[2020-11-23 16:18:16 828 49a0] Release DB!
[2020-11-23 16:18:16 828 49a0] Release Ar DB!
[2020-11-23 16:18:16 828 49a0] Release TraderConfig!
[2020-11-23 16:18:16 828 49a0] Release Public!
[2020-11-23 16:18:16 828 49a0] Release DefaultFont!
[2020-11-23 16:18:16 828 49a0] Release Log!
[2020-11-23 16:18:18 369 47b0] <app>version: 5.31.70.7
[2020-11-23 16:18:18 369 47b0] orderfee: 1.00
[2020-11-23 16:18:18 369 47b0] <app><tradeDir>: D:\PyCharm 2020.2.3\pythonProject\Rohon_managementplatform_web\demo\trader\FUT_RHA
[2020-11-23 16:18:18 606 47b0] Thread(MP_TimerThread(Rohon_TimerManager))[0x2488] create by thread[0x47b0] suspend
[2020-11-23 16:18:18 606 47b0] <app><TraderDllType>[1699][version:5]
[2020-11-23 16:18:18 607 2488] [0x0151ebc0]create THREAD[2488:2392](MP_TimerThread(Rohon_TimerManager))
[2020-11-23 16:18:18 607 2488] THREAD[0x2488:2392](MP_TimerThread(Rohon_TimerManager)) runing
[2020-11-23 16:18:18 608 47b0] <app><MDDllType>[1788][version:5]
[2020-11-23 16:18:18 612 47b0] Thread(CheckUpdateThread)[0x4ab4] create by thread[0x47b0] suspend
[2020-11-23 16:18:18 613 4ab4] [0x01523450]create THREAD[4ab4:2392](CheckUpdateThread)
[2020-11-23 16:18:18 613 4ab4] THREAD[0x4ab4:2392](CheckUpdateThread) runing
[2020-11-23 16:18:18 613 47b0] Thread(SockTranferWorkThread)[0x449c] create by thread[0x47b0] suspend
[2020-11-23 16:18:18 613 47b0] Thread(SockConnectWorkThread)[0x231c] create by thread[0x47b0] suspend
[2020-11-23 16:18:18 613 449c] [0x01524b70]create THREAD[449c:2392](SockTranferWorkThread)
[2020-11-23 16:18:18 613 449c] THREAD[0x449c:2392](SockTranferWorkThread) runing
[2020-11-23 16:18:18 613 231c] [0x01524a60]create THREAD[231c:2392](SockConnectWorkThread)
[2020-11-23 16:18:18 613 231c] THREAD[0x231c:2392](SockConnectWorkThread) runing
[2020-11-23 16:18:18 675 47b0] <debug>init loginDlg over
[2020-11-23 16:18:20 629 4ab4] <error>Connect server[-210.22.96.59] fail!
[2020-11-23 16:18:20 630 4ab4] <error>Fail to get the update server info.
[2020-11-23 16:18:20 731 4ab4] thread[4ab4](CheckUpdateThread) WaitFor self.
[2020-11-23 16:18:20 731 4ab4] THREAD[0x4ab4:2392](CheckUpdateThread) exit.
[2020-11-23 16:18:20 833 47b0] LoginDlg - BnClickedLogin
[2020-11-23 16:18:25 452 47b0] ~CLoginDlg
[2020-11-23 16:18:25 453 47b0] ExitInstance()!
[2020-11-23 16:18:25 453 47b0] Release preload!
[2020-11-23 16:18:25 453 47b0] Release TradeApi!
[2020-11-23 16:18:25 453 47b0] Release MDAPI!
[2020-11-23 16:18:25 453 47b0] Release DB!
[2020-11-23 16:18:25 453 47b0] Release Ar DB!
[2020-11-23 16:18:25 453 47b0] Release TraderConfig!
[2020-11-23 16:18:25 453 47b0] Release Public!
[2020-11-23 16:18:25 453 47b0] Release DefaultFont!
[2020-11-23 16:18:25 453 47b0] Release Log!
[2020-11-23 16:19:02 095 4aac] <app>version: 5.31.70.7
[2020-11-23 16:19:02 095 4aac] orderfee: 1.00
[2020-11-23 16:19:02 095 4aac] <app><tradeDir>: D:\PyCharm 2020.2.3\pythonProject\Rohon_managementplatform_web\demo\trader\FUT_RHA
[2020-11-23 16:19:02 344 4aac] Thread(MP_TimerThread(Rohon_TimerManager))[0x2a94] create by thread[0x4aac] suspend
[2020-11-23 16:19:02 344 4aac] <app><TraderDllType>[1699][version:5]
[2020-11-23 16:19:02 344 2a94] [0x015eebc0]create THREAD[2a94:18540](MP_TimerThread(Rohon_TimerManager))
[2020-11-23 16:19:02 344 2a94] THREAD[0x2a94:18540](MP_TimerThread(Rohon_TimerManager)) runing
[2020-11-23 16:19:02 346 4aac] <app><MDDllType>[1788][version:5]
[2020-11-23 16:19:02 350 4aac] Thread(CheckUpdateThread)[0x4af8] create by thread[0x4aac] suspend
[2020-11-23 16:19:02 350 4af8] [0x015f3450]create THREAD[4af8:18540](CheckUpdateThread)
[2020-11-23 16:19:02 350 4af8] THREAD[0x4af8:18540](CheckUpdateThread) runing
[2020-11-23 16:19:02 350 4aac] Thread(SockTranferWorkThread)[0x1574] create by thread[0x4aac] suspend
[2020-11-23 16:19:02 350 4aac] Thread(SockConnectWorkThread)[0x2c14] create by thread[0x4aac] suspend
[2020-11-23 16:19:02 351 1574] [0x015f4b70]create THREAD[1574:18540](SockTranferWorkThread)
[2020-11-23 16:19:02 351 1574] THREAD[0x1574:18540](SockTranferWorkThread) runing
[2020-11-23 16:19:02 351 2c14] [0x015f4a60]create THREAD[2c14:18540](SockConnectWorkThread)
[2020-11-23 16:19:02 351 2c14] THREAD[0x2c14:18540](SockConnectWorkThread) runing
[2020-11-23 16:19:02 416 4aac] <debug>init loginDlg over
[2020-11-23 16:19:04 549 4aac] LoginDlg - BnClickedLogin
[2020-11-23 16:19:07 428 4aac] ~CLoginDlg
[2020-11-23 16:19:07 429 4aac] ExitInstance()!
[2020-11-23 16:19:07 429 4aac] Release preload!
[2020-11-23 16:19:07 429 4aac] Release TradeApi!
[2020-11-23 16:19:07 429 4aac] Release MDAPI!
[2020-11-23 16:19:07 429 4aac] Release DB!
[2020-11-23 16:19:07 429 4aac] Release Ar DB!
[2020-11-23 16:19:07 429 4aac] Release TraderConfig!
[2020-11-23 16:19:07 429 4aac] Release Public!
[2020-11-23 16:19:07 429 4aac] Release DefaultFont!
[2020-11-23 16:19:07 429 4aac] Release Log!
[2020-11-23 16:19:13 098 3d3c] <app>version: 5.31.70.7
[2020-11-23 16:19:13 099 3d3c] orderfee: 1.00
[2020-11-23 16:19:13 099 3d3c] <app><tradeDir>: D:\PyCharm 2020.2.3\pythonProject\Rohon_managementplatform_web\demo\trader\FUT_RHA
[2020-11-23 16:19:13 328 3d3c] Thread(MP_TimerThread(Rohon_TimerManager))[0x2914] create by thread[0x3d3c] suspend
[2020-11-23 16:19:13 328 3d3c] <app><TraderDllType>[1699][version:5]
[2020-11-23 16:19:13 328 2914] [0x0163ebc0]create THREAD[2914:10232](MP_TimerThread(Rohon_TimerManager))
[2020-11-23 16:19:13 328 2914] THREAD[0x2914:10232](MP_TimerThread(Rohon_TimerManager)) runing
[2020-11-23 16:19:13 330 3d3c] <app><MDDllType>[1788][version:5]
[2020-11-23 16:19:13 334 3d3c] Thread(CheckUpdateThread)[0x3c7c] create by thread[0x3d3c] suspend
[2020-11-23 16:19:13 334 3c7c] [0x01643450]create THREAD[3c7c:10232](CheckUpdateThread)
[2020-11-23 16:19:13 334 3c7c] THREAD[0x3c7c:10232](CheckUpdateThread) runing
[2020-11-23 16:19:13 334 3d3c] Thread(SockTranferWorkThread)[0x3628] create by thread[0x3d3c] suspend
[2020-11-23 16:19:13 334 3d3c] Thread(SockConnectWorkThread)[0x46ec] create by thread[0x3d3c] suspend
[2020-11-23 16:19:13 335 3628] [0x01644b70]create THREAD[3628:10232](SockTranferWorkThread)
[2020-11-23 16:19:13 335 3628] THREAD[0x3628:10232](SockTranferWorkThread) runing
[2020-11-23 16:19:13 335 46ec] [0x01644a60]create THREAD[46ec:10232](SockConnectWorkThread)
[2020-11-23 16:19:13 335 46ec] THREAD[0x46ec:10232](SockConnectWorkThread) runing
[2020-11-23 16:19:13 396 3d3c] <debug>init loginDlg over
[2020-11-23 16:19:15 345 3c7c] <error>Connect server[-210.22.96.59] fail!
[2020-11-23 16:19:15 345 3c7c] <error>Fail to get the update server info.
[2020-11-23 16:19:15 446 3c7c] thread[3c7c](CheckUpdateThread) WaitFor self.
[2020-11-23 16:19:15 446 3c7c] THREAD[0x3c7c:10232](CheckUpdateThread) exit.
[2020-11-23 16:19:15 617 3d3c] LoginDlg - BnClickedLogin
[2020-11-23 16:19:23 171 289c] [警告] !!!!!!!线程[0x00003c7c:CheckUpdateThread] 10 秒无响应,状态：运行 !!!!!!!
[2020-11-23 16:19:33 245 289c] [警告] !!!!!!!线程[0x00003c7c:CheckUpdateThread] 20 秒无响应,状态：运行 !!!!!!!
[2020-11-23 16:19:43 322 289c] [警告] !!!!!!!线程[0x00003c7c:CheckUpdateThread] 30 秒无响应,状态：运行 !!!!!!!
[2020-11-23 16:19:45 809 3d3c] ~CLoginDlg
[2020-11-23 16:19:45 809 3d3c] ExitInstance()!
[2020-11-23 16:19:45 809 3d3c] Release preload!
[2020-11-23 16:19:45 809 3d3c] Release TradeApi!
[2020-11-23 16:19:45 809 3d3c] Release MDAPI!
[2020-11-23 16:19:45 809 3d3c] Release DB!
[2020-11-23 16:19:45 809 3d3c] Release Ar DB!
[2020-11-23 16:19:45 809 3d3c] Release TraderConfig!
[2020-11-23 16:19:45 809 3d3c] Release Public!
[2020-11-23 16:19:45 809 3d3c] Release DefaultFont!
[2020-11-23 16:19:45 809 3d3c] Release Log!
[2020-11-23 16:19:47 828 49d0] <app>version: 5.31.70.7
[2020-11-23 16:19:47 830 49d0] orderfee: 1.00
[2020-11-23 16:19:47 830 49d0] <app><tradeDir>: D:\PyCharm 2020.2.3\pythonProject\Rohon_managementplatform_web\demo\trader\FUT_RHA
[2020-11-23 16:19:48 066 49d0] Thread(MP_TimerThread(Rohon_TimerManager))[0x2930] create by thread[0x49d0] suspend
[2020-11-23 16:19:48 066 49d0] <app><TraderDllType>[1699][version:5]
[2020-11-23 16:19:48 066 2930] [0x0151ebc0]create THREAD[2930:19060](MP_TimerThread(Rohon_TimerManager))
[2020-11-23 16:19:48 066 2930] THREAD[0x2930:19060](MP_TimerThread(Rohon_TimerManager)) runing
[2020-11-23 16:19:48 068 49d0] <app><MDDllType>[1788][version:5]
[2020-11-23 16:19:48 072 49d0] Thread(CheckUpdateThread)[0x48a8] create by thread[0x49d0] suspend
[2020-11-23 16:19:48 072 48a8] [0x01523450]create THREAD[48a8:19060](CheckUpdateThread)
[2020-11-23 16:19:48 072 48a8] THREAD[0x48a8:19060](CheckUpdateThread) runing
[2020-11-23 16:19:48 072 49d0] Thread(SockTranferWorkThread)[0x3ed8] create by thread[0x49d0] suspend
[2020-11-23 16:19:48 072 49d0] Thread(SockConnectWorkThread)[0x4a28] create by thread[0x49d0] suspend
[2020-11-23 16:19:48 073 3ed8] [0x01524b70]create THREAD[3ed8:19060](SockTranferWorkThread)
[2020-11-23 16:19:48 073 3ed8] THREAD[0x3ed8:19060](SockTranferWorkThread) runing
[2020-11-23 16:19:48 073 4a28] [0x01524a60]create THREAD[4a28:19060](SockConnectWorkThread)
[2020-11-23 16:19:48 073 4a28] THREAD[0x4a28:19060](SockConnectWorkThread) runing
[2020-11-23 16:19:48 137 49d0] <debug>init loginDlg over
[2020-11-23 16:19:50 316 49d0] LoginDlg - BnClickedLogin
[2020-11-23 16:19:56 951 49d0] ~CLoginDlg
[2020-11-23 16:19:56 952 49d0] ExitInstance()!
[2020-11-23 16:19:56 952 49d0] Release preload!
[2020-11-23 16:19:56 952 49d0] Release TradeApi!
[2020-11-23 16:19:56 952 49d0] Release MDAPI!
[2020-11-23 16:19:56 952 49d0] Release DB!
[2020-11-23 16:19:56 952 49d0] Release Ar DB!
[2020-11-23 16:19:56 952 49d0] Release TraderConfig!
[2020-11-23 16:19:56 952 49d0] Release Public!
[2020-11-23 16:19:56 952 49d0] Release DefaultFont!
[2020-11-23 16:19:56 952 49d0] Release Log!
[2020-11-23 16:19:58 533 3048] <app>version: 5.31.70.7
[2020-11-23 16:19:58 533 3048] orderfee: 1.00
[2020-11-23 16:19:58 534 3048] <app><tradeDir>: D:\PyCharm 2020.2.3\pythonProject\Rohon_managementplatform_web\demo\trader\FUT_RHA
[2020-11-23 16:19:58 765 3048] Thread(MP_TimerThread(Rohon_TimerManager))[0x49fc] create by thread[0x3048] suspend
[2020-11-23 16:19:58 765 3048] <app><TraderDllType>[1699][version:5]
[2020-11-23 16:19:58 765 49fc] [0x0162ebc0]create THREAD[49fc:14296](MP_TimerThread(Rohon_TimerManager))
[2020-11-23 16:19:58 765 49fc] THREAD[0x49fc:14296](MP_TimerThread(Rohon_TimerManager)) runing
[2020-11-23 16:19:58 766 3048] <app><MDDllType>[1788][version:5]
[2020-11-23 16:19:58 771 3048] Thread(CheckUpdateThread)[0x15ec] create by thread[0x3048] suspend
[2020-11-23 16:19:58 771 15ec] [0x01633450]create THREAD[15ec:14296](CheckUpdateThread)
[2020-11-23 16:19:58 771 15ec] THREAD[0x15ec:14296](CheckUpdateThread) runing
[2020-11-23 16:19:58 771 3048] Thread(SockTranferWorkThread)[0x3c94] create by thread[0x3048] suspend
[2020-11-23 16:19:58 771 3048] Thread(SockConnectWorkThread)[0x49a0] create by thread[0x3048] suspend
[2020-11-23 16:19:58 772 3c94] [0x01634b70]create THREAD[3c94:14296](SockTranferWorkThread)
[2020-11-23 16:19:58 772 3c94] THREAD[0x3c94:14296](SockTranferWorkThread) runing
[2020-11-23 16:19:58 772 49a0] [0x01634a60]create THREAD[49a0:14296](SockConnectWorkThread)
[2020-11-23 16:19:58 772 49a0] THREAD[0x49a0:14296](SockConnectWorkThread) runing
[2020-11-23 16:19:58 835 3048] <debug>init loginDlg over
[2020-11-23 16:20:00 787 15ec] <error>Connect server[-210.22.96.59] fail!
[2020-11-23 16:20:00 787 15ec] <error>Fail to get the update server info.
[2020-11-23 16:20:00 888 15ec] thread[15ec](CheckUpdateThread) WaitFor self.
[2020-11-23 16:20:00 888 15ec] THREAD[0x15ec:14296](CheckUpdateThread) exit.
[2020-11-23 16:20:00 966 3048] LoginDlg - BnClickedLogin
[2020-11-23 16:20:08 606 044c] [警告] !!!!!!!线程[0x000015ec:CheckUpdateThread] 10 秒无响应,状态：运行 !!!!!!!
[2020-11-23 16:20:18 679 044c] [警告] !!!!!!!线程[0x000015ec:CheckUpdateThread] 20 秒无响应,状态：运行 !!!!!!!
[2020-11-23 16:20:28 752 044c] [警告] !!!!!!!线程[0x000015ec:CheckUpdateThread] 30 秒无响应,状态：运行 !!!!!!!
[2020-11-23 16:20:31 952 3048] ~CLoginDlg
[2020-11-23 16:20:31 952 3048] ExitInstance()!
[2020-11-23 16:20:31 952 3048] Release preload!
[2020-11-23 16:20:31 952 3048] Release TradeApi!
[2020-11-23 16:20:31 952 3048] Release MDAPI!
[2020-11-23 16:20:31 952 3048] Release DB!
[2020-11-23 16:20:31 952 3048] Release Ar DB!
[2020-11-23 16:20:31 952 3048] Release TraderConfig!
[2020-11-23 16:20:31 952 3048] Release Public!
[2020-11-23 16:20:31 952 3048] Release DefaultFont!
[2020-11-23 16:20:31 952 3048] Release Log!
[2020-11-23 16:20:33 883 4544] <app>version: 5.31.70.7
[2020-11-23 16:20:33 883 4544] orderfee: 1.00
[2020-11-23 16:20:33 883 4544] <app><tradeDir>: D:\PyCharm 2020.2.3\pythonProject\Rohon_managementplatform_web\demo\trader\FUT_RHA
[2020-11-23 16:20:34 125 4544] Thread(MP_TimerThread(Rohon_TimerManager))[0x1618] create by thread[0x4544] suspend
[2020-11-23 16:20:34 126 4544] <app><TraderDllType>[1699][version:5]
[2020-11-23 16:20:34 126 1618] [0x0157ebc0]create THREAD[1618:18664](MP_TimerThread(Rohon_TimerManager))
[2020-11-23 16:20:34 126 1618] THREAD[0x1618:18664](MP_TimerThread(Rohon_TimerManager)) runing
[2020-11-23 16:20:34 127 4544] <app><MDDllType>[1788][version:5]
[2020-11-23 16:20:34 132 4544] Thread(CheckUpdateThread)[0x41a8] create by thread[0x4544] suspend
[2020-11-23 16:20:34 132 41a8] [0x01583450]create THREAD[41a8:18664](CheckUpdateThread)
[2020-11-23 16:20:34 132 41a8] THREAD[0x41a8:18664](CheckUpdateThread) runing
[2020-11-23 16:20:34 132 4544] Thread(SockTranferWorkThread)[0x21b8] create by thread[0x4544] suspend
[2020-11-23 16:20:34 132 4544] Thread(SockConnectWorkThread)[0x4abc] create by thread[0x4544] suspend
[2020-11-23 16:20:34 132 21b8] [0x01584b70]create THREAD[21b8:18664](SockTranferWorkThread)
[2020-11-23 16:20:34 132 21b8] THREAD[0x21b8:18664](SockTranferWorkThread) runing
[2020-11-23 16:20:34 132 4abc] [0x01584a60]create THREAD[4abc:18664](SockConnectWorkThread)
[2020-11-23 16:20:34 132 4abc] THREAD[0x4abc:18664](SockConnectWorkThread) runing
[2020-11-23 16:20:34 195 4544] <debug>init loginDlg over
[2020-11-23 16:20:36 350 4544] LoginDlg - BnClickedLogin
[2020-11-23 16:20:36 643 41a8] <error>Connect server[-210.22.96.59] fail!
[2020-11-23 16:20:36 643 41a8] <error>Fail to get the update server info.
[2020-11-23 16:20:36 744 41a8] thread[41a8](CheckUpdateThread) WaitFor self.
[2020-11-23 16:20:36 744 41a8] THREAD[0x41a8:18664](CheckUpdateThread) exit.
[2020-11-23 16:20:43 957 4ab0] [警告] !!!!!!!线程[0x000041a8:CheckUpdateThread] 9 秒无响应,状态：运行 !!!!!!!
[2020-11-23 16:20:54 030 4ab0] [警告] !!!!!!!线程[0x000041a8:CheckUpdateThread] 20 秒无响应,状态：运行 !!!!!!!
[2020-11-23 16:20:54 498 4544] ~CLoginDlg
[2020-11-23 16:20:54 498 4544] ExitInstance()!
[2020-11-23 16:20:54 498 4544] Release preload!
[2020-11-23 16:20:54 498 4544] Release TradeApi!
[2020-11-23 16:20:54 498 4544] Release MDAPI!
[2020-11-23 16:20:54 498 4544] Release DB!
[2020-11-23 16:20:54 499 4544] Release Ar DB!
[2020-11-23 16:20:54 499 4544] Release TraderConfig!
[2020-11-23 16:20:54 499 4544] Release Public!
[2020-11-23 16:20:54 499 4544] Release DefaultFont!
[2020-11-23 16:20:54 499 4544] Release Log!
[2020-11-23 16:20:56 634 42cc] <app>version: 5.31.70.7
[2020-11-23 16:20:56 634 42cc] orderfee: 1.00
[2020-11-23 16:20:56 634 42cc] <app><tradeDir>: D:\PyCharm 2020.2.3\pythonProject\Rohon_managementplatform_web\demo\trader\FUT_RHA
[2020-11-23 16:20:56 875 42cc] Thread(MP_TimerThread(Rohon_TimerManager))[0x3a74] create by thread[0x42cc] suspend
[2020-11-23 16:20:56 875 42cc] <app><TraderDllType>[1699][version:5]
[2020-11-23 16:20:56 875 3a74] [0x0160ebc0]create THREAD[3a74:8400](MP_TimerThread(Rohon_TimerManager))
[2020-11-23 16:20:56 875 3a74] THREAD[0x3a74:8400](MP_TimerThread(Rohon_TimerManager)) runing
[2020-11-23 16:20:56 877 42cc] <app><MDDllType>[1788][version:5]
[2020-11-23 16:20:56 881 42cc] Thread(CheckUpdateThread)[0x1d78] create by thread[0x42cc] suspend
[2020-11-23 16:20:56 881 1d78] [0x01613450]create THREAD[1d78:8400](CheckUpdateThread)
[2020-11-23 16:20:56 881 1d78] THREAD[0x1d78:8400](CheckUpdateThread) runing
[2020-11-23 16:20:56 882 42cc] Thread(SockTranferWorkThread)[0x3c88] create by thread[0x42cc] suspend
[2020-11-23 16:20:56 882 42cc] Thread(SockConnectWorkThread)[0x215c] create by thread[0x42cc] suspend
[2020-11-23 16:20:56 882 3c88] [0x01614b70]create THREAD[3c88:8400](SockTranferWorkThread)
[2020-11-23 16:20:56 882 3c88] THREAD[0x3c88:8400](SockTranferWorkThread) runing
[2020-11-23 16:20:56 882 215c] [0x01614a60]create THREAD[215c:8400](SockConnectWorkThread)
[2020-11-23 16:20:56 882 215c] THREAD[0x215c:8400](SockConnectWorkThread) runing
[2020-11-23 16:20:56 943 42cc] <debug>init loginDlg over
[2020-11-23 16:20:59 083 42cc] LoginDlg - BnClickedLogin
[2020-11-23 16:21:00 398 1d78] <error>Connect server[-210.22.96.59] fail!
[2020-11-23 16:21:00 398 1d78] <error>Fail to get the update server info.
[2020-11-23 16:21:00 498 1d78] thread[1d78](CheckUpdateThread) WaitFor self.
[2020-11-23 16:21:00 498 1d78] THREAD[0x1d78:8400](CheckUpdateThread) exit.
[2020-11-23 16:21:06 707 467c] [警告] !!!!!!!线程[0x00001d78:CheckUpdateThread] 10 秒无响应,状态：运行 !!!!!!!
[2020-11-23 16:21:16 780 467c] [警告] !!!!!!!线程[0x00001d78:CheckUpdateThread] 20 秒无响应,状态：运行 !!!!!!!
[2020-11-23 16:21:26 854 467c] [警告] !!!!!!!线程[0x00001d78:CheckUpdateThread] 30 秒无响应,状态：运行 !!!!!!!
[2020-11-23 16:21:36 926 467c] [警告] !!!!!!!线程[0x00001d78:CheckUpdateThread] 40 秒无响应,状态：运行 !!!!!!!
[2020-11-23 16:21:39 539 42cc] ~CLoginDlg
[2020-11-23 16:21:39 540 42cc] ExitInstance()!
[2020-11-23 16:21:39 540 42cc] Release preload!
[2020-11-23 16:21:39 540 42cc] Release TradeApi!
[2020-11-23 16:21:39 540 42cc] Release MDAPI!
[2020-11-23 16:21:39 540 42cc] Release DB!
[2020-11-23 16:21:39 540 42cc] Release Ar DB!
[2020-11-23 16:21:39 540 42cc] Release TraderConfig!
[2020-11-23 16:21:39 540 42cc] Release Public!
[2020-11-23 16:21:39 540 42cc] Release DefaultFont!
[2020-11-23 16:21:39 540 42cc] Release Log!
[2020-11-23 16:21:42 005 1e00] <app>version: 5.31.70.7
[2020-11-23 16:21:42 006 1e00] orderfee: 1.00
[2020-11-23 16:21:42 006 1e00] <app><tradeDir>: D:\PyCharm 2020.2.3\pythonProject\Rohon_managementplatform_web\demo\trader\FUT_RHA
[2020-11-23 16:21:42 259 1e00] Thread(MP_TimerThread(Rohon_TimerManager))[0x4b38] create by thread[0x1e00] suspend
[2020-11-23 16:21:42 259 1e00] <app><TraderDllType>[1699][version:5]
[2020-11-23 16:21:42 259 4b38] [0x0150ebc0]create THREAD[4b38:18604](MP_TimerThread(Rohon_TimerManager))
[2020-11-23 16:21:42 259 4b38] THREAD[0x4b38:18604](MP_TimerThread(Rohon_TimerManager)) runing
[2020-11-23 16:21:42 261 1e00] <app><MDDllType>[1788][version:5]
[2020-11-23 16:21:42 266 1e00] Thread(CheckUpdateThread)[0x4adc] create by thread[0x1e00] suspend
[2020-11-23 16:21:42 266 4adc] [0x01513450]create THREAD[4adc:18604](CheckUpdateThread)
[2020-11-23 16:21:42 266 4adc] THREAD[0x4adc:18604](CheckUpdateThread) runing
[2020-11-23 16:21:42 266 1e00] Thread(SockTranferWorkThread)[0x2068] create by thread[0x1e00] suspend
[2020-11-23 16:21:42 266 1e00] Thread(SockConnectWorkThread)[0x4acc] create by thread[0x1e00] suspend
[2020-11-23 16:21:42 267 2068] [0x01514b70]create THREAD[2068:18604](SockTranferWorkThread)
[2020-11-23 16:21:42 267 2068] THREAD[0x2068:18604](SockTranferWorkThread) runing
[2020-11-23 16:21:42 267 4acc] [0x01514a60]create THREAD[4acc:18604](SockConnectWorkThread)
[2020-11-23 16:21:42 267 4acc] THREAD[0x4acc:18604](SockConnectWorkThread) runing
[2020-11-23 16:21:42 331 1e00] <debug>init loginDlg over
[2020-11-23 16:21:44 450 1e00] LoginDlg - BnClickedLogin
[2020-11-23 16:21:44 776 4adc] <error>Connect server[-210.22.96.59] fail!
[2020-11-23 16:21:44 776 4adc] <error>Fail to get the update server info.
[2020-11-23 16:21:44 876 4adc] thread[4adc](CheckUpdateThread) WaitFor self.
[2020-11-23 16:21:44 876 4adc] THREAD[0x4adc:18604](CheckUpdateThread) exit.
[2020-11-23 16:21:52 079 13cc] [警告] !!!!!!!线程[0x00004adc:CheckUpdateThread] 10 秒无响应,状态：运行 !!!!!!!
[2020-11-23 16:22:02 154 13cc] [警告] !!!!!!!线程[0x00004adc:CheckUpdateThread] 20 秒无响应,状态：运行 !!!!!!!
[2020-11-23 16:22:12 227 13cc] [警告] !!!!!!!线程[0x00004adc:CheckUpdateThread] 30 秒无响应,状态：运行 !!!!!!!
[2020-11-23 16:22:22 300 13cc] [警告] !!!!!!!线程[0x00004adc:CheckUpdateThread] 40 秒无响应,状态：运行 !!!!!!!
[2020-11-23 16:22:32 373 13cc] [警告] !!!!!!!线程[0x00004adc:CheckUpdateThread] 50 秒无响应,状态：运行 !!!!!!!
[2020-11-23 16:22:42 446 13cc] [警告] !!!!!!!线程[0x00004adc:CheckUpdateThread] 60 秒无响应,状态：运行 !!!!!!!
[2020-11-23 16:22:52 520 13cc] [警告] !!!!!!!线程[0x00004adc:CheckUpdateThread] 70 秒无响应,状态：运行 !!!!!!!
[2020-11-23 16:23:02 593 13cc] [警告] !!!!!!!线程[0x00004adc:CheckUpdateThread] 80 秒无响应,状态：运行 !!!!!!!
[2020-11-23 16:23:12 666 13cc] [警告] !!!!!!!线程[0x00004adc:CheckUpdateThread] 90 秒无响应,状态：运行 !!!!!!!
[2020-11-23 16:23:22 739 13cc] [警告] !!!!!!!线程[0x00004adc:CheckUpdateThread] 100 秒无响应,状态：运行 !!!!!!!
[2020-11-23 16:23:31 097 1e00] ~CLoginDlg
[2020-11-23 16:23:31 098 1e00] ExitInstance()!
[2020-11-23 16:23:31 098 1e00] Release preload!
[2020-11-23 16:23:31 098 1e00] Release TradeApi!
[2020-11-23 16:23:31 098 1e00] Release MDAPI!
[2020-11-23 16:23:31 098 1e00] Release DB!
[2020-11-23 16:23:31 099 1e00] Release Ar DB!
[2020-11-23 16:23:31 099 1e00] Release TraderConfig!
[2020-11-23 16:23:31 099 1e00] Release Public!
[2020-11-23 16:23:31 099 1e00] Release DefaultFont!
[2020-11-23 16:23:31 099 1e00] Release Log!
[2020-11-23 16:26:18 401 4814] <app>version: 5.31.70.7
[2020-11-23 16:26:18 401 4814] orderfee: 1.00
[2020-11-23 16:26:18 401 4814] <app><tradeDir>: D:\PyCharm 2020.2.3\pythonProject\Rohon_managementplatform_web\demo\trader\FUT_RHA
[2020-11-23 16:26:18 638 4814] Thread(MP_TimerThread(Rohon_TimerManager))[0x463c] create by thread[0x4814] suspend
[2020-11-23 16:26:18 638 4814] <app><TraderDllType>[1699][version:5]
[2020-11-23 16:26:18 638 463c] [0x0160ebc0]create THREAD[463c:16264](MP_TimerThread(Rohon_TimerManager))
[2020-11-23 16:26:18 638 463c] THREAD[0x463c:16264](MP_TimerThread(Rohon_TimerManager)) runing
[2020-11-23 16:26:18 640 4814] <app><MDDllType>[1788][version:5]
[2020-11-23 16:26:18 644 4814] Thread(CheckUpdateThread)[0x4958] create by thread[0x4814] suspend
[2020-11-23 16:26:18 644 4958] [0x01613450]create THREAD[4958:16264](CheckUpdateThread)
[2020-11-23 16:26:18 644 4958] THREAD[0x4958:16264](CheckUpdateThread) runing
[2020-11-23 16:26:18 644 4814] Thread(SockTranferWorkThread)[0x3ff0] create by thread[0x4814] suspend
[2020-11-23 16:26:18 644 4814] Thread(SockConnectWorkThread)[0x27f0] create by thread[0x4814] suspend
[2020-11-23 16:26:18 645 3ff0] [0x01614b70]create THREAD[3ff0:16264](SockTranferWorkThread)
[2020-11-23 16:26:18 645 3ff0] THREAD[0x3ff0:16264](SockTranferWorkThread) runing
[2020-11-23 16:26:18 645 27f0] [0x01614a60]create THREAD[27f0:16264](SockConnectWorkThread)
[2020-11-23 16:26:18 645 27f0] THREAD[0x27f0:16264](SockConnectWorkThread) runing
[2020-11-23 16:26:18 709 4814] <debug>init loginDlg over
[2020-11-23 16:26:20 887 4814] LoginDlg - BnClickedLogin
[2020-11-23 16:26:27 081 4814] ~CLoginDlg
[2020-11-23 16:26:27 081 4814] ExitInstance()!
[2020-11-23 16:26:27 081 4814] Release preload!
[2020-11-23 16:26:27 081 4814] Release TradeApi!
[2020-11-23 16:26:27 081 4814] Release MDAPI!
[2020-11-23 16:26:27 081 4814] Release DB!
[2020-11-23 16:26:27 081 4814] Release Ar DB!
[2020-11-23 16:26:27 081 4814] Release TraderConfig!
[2020-11-23 16:26:27 081 4814] Release Public!
[2020-11-23 16:26:27 081 4814] Release DefaultFont!
[2020-11-23 16:26:27 081 4814] Release Log!
