[2020-11-23 16:46:07 484 4e68] <app> - rh_api_init 20201123:163222
[2020-11-23 16:46:10 160 4e68] <app>[    TradeApi] - [IP:192.168.1.61][MAC:E4-54-E8-E0-B4-DE]
[2020-11-23 16:46:10 160 4e68] <app>[    TradeApi] - [IP:0.0.0.0][MAC:E8-6F-38-C8-8D-BA]
[2020-11-23 16:46:10 160 4e68] <app>[    TradeApi] - [IP:192.168.19.1][MAC:00-50-56-C0-00-01]
[2020-11-23 16:46:10 160 4e68] <app>[    TradeApi] - [IP:192.168.91.1][MAC:00-50-56-C0-00-08]
[2020-11-23 16:46:10 160 4e68] <app>[    TradeApi] - [IP:0.0.0.0][MAC:E8-6F-38-C8-8D-B9]
[2020-11-23 16:46:10 160 4e68] <app>[    TradeApi] - [IP:0.0.0.0][MAC:1A-6F-38-C8-8D-B9]
[2020-11-23 16:46:10 160 4e68] <app>[    TradeApi] - [IP:0.0.0.0][MAC:2A-6F-38-C8-8D-B9]
[2020-11-23 16:46:10 161 4e68] Load RohonHardDriver.dll failed 126
[2020-11-23 16:46:10 161 4e68] Load FemasDLL failed 126
[2020-11-23 16:46:12 574 4e68] <app>[RohonTraderApi] - size=264
[2020-11-23 16:46:12 574 4e68] <app>[ CreateRHApi] - CreateRHTraderApi client version 1.4.2.9
[2020-11-23 16:46:12 574 4e68] <app>[    TradeApi] - RegisterSpi [0x01e28f58]
[2020-11-23 16:46:12 574 4e68] <app>[    TradeApi] - SubscribePrivateTopic
[2020-11-23 16:46:12 574 4e68] <app>[    TradeApi] - SubscribePublicTopic
[2020-11-23 16:46:12 574 4e68] <app>[    TradeApi] - RegisterFront tcp://192.168.1.50:10001
[2020-11-23 16:46:12 574 4e68] <app>[    TradeApi] - Init
[2020-11-23 16:46:12 632 45d4] <app>[  TcpHandler] - OnConnectOk begin
[2020-11-23 16:46:12 632 45d4] <app>[  TcpHandler] - OnConnectOk end
[2020-11-23 16:46:12 632 4e68] <app>[    TradeApi] - ReqUserLogin
[2020-11-23 16:46:12 632 4e68] <app>[    TradeApi] - ReqUserLogin [123456] [192.168.1.61] [E4-54-E8-E0-B4-DE]
[2020-11-23 16:46:12 633 45d4] <app>[  TcpHandler] - HandleMessage begin
[2020-11-23 16:46:12 633 45d4] <app>[  TcpHandler] - RspUserLogin
[2020-11-23 16:46:12 633 45d4] <app>[  TcpHandler] - Login success, [123456][Rohon][20201123][16:46:09][ÈÚº½¹ñÌ¨ÏµÍ³] 1606118751 15[0] [16:46:09][16:46:09][16:46:09][16:46:09][16:46:09]
[2020-11-23 16:46:12 644 45d4] <app>[  TcpHandler] - Login success, Update user system information
[2020-11-23 16:46:12 644 45d4] <app>[  TcpHandler] - Login success Rohon_RHTrade_5.20, kingstar SubmitKingStarUserSystemInfo.
[2020-11-23 16:46:12 644 45d4] <app>[  TcpHandler] - Login success Rohon_RHTrade_5.20, HS SubmitHSUserSystemInfo
[2020-11-23 16:46:12 644 45d4] <app>[  TcpHandler] - HandleMessage end
[2020-11-23 16:46:12 644 45d4] <app>[  TcpHandler] - HandleMessage begin
[2020-11-23 16:46:12 644 45d4] <app>[  TcpHandler] - OnRtnInstrumentStatus [SHFE][]['2'][]
[2020-11-23 16:46:12 644 45d4] <app>[  TcpHandler] - HandleMessage end
[2020-11-23 16:46:12 644 45d4] <app>[  TcpHandler] - HandleMessage begin
[2020-11-23 16:46:12 644 45d4] <app>[  TcpHandler] - OnRtnInstrumentStatus [CFFEX][]['2'][]
[2020-11-23 16:46:12 644 45d4] <app>[  TcpHandler] - HandleMessage end
[2020-11-23 16:46:12 644 45d4] <app>[  TcpHandler] - HandleMessage begin
[2020-11-23 16:46:12 644 45d4] <app>[  TcpHandler] - OnRtnInstrumentStatus [DCE][]['2'][]
[2020-11-23 16:46:12 644 45d4] <app>[  TcpHandler] - HandleMessage end
[2020-11-23 16:46:12 644 45d4] <app>[  TcpHandler] - HandleMessage begin
[2020-11-23 16:46:12 644 45d4] <app>[  TcpHandler] - OnRtnInstrumentStatus [CZCE][]['2'][]
[2020-11-23 16:46:12 644 45d4] <app>[  TcpHandler] - HandleMessage end
[2020-11-23 16:46:12 644 45d4] <app>[  TcpHandler] - HandleMessage begin
[2020-11-23 16:46:12 644 45d4] <app>[  TcpHandler] - OnRtnInstrumentStatus [INE][]['
[2020-11-23 16:46:12 644 45d4] <app>[  TcpHandler] - HandleMessage end
[2020-11-23 16:46:12 644 45d4] <app>[  TcpHandler] - HandleMessage begin
[2020-11-23 16:46:12 644 45d4] <app>[  TcpHandler] - OnRtnTradingNotice
[2020-11-23 16:46:13 742 3fb0] <app>[    TradeApi] - ReqQryTradingAccount
[2020-11-23 16:46:13 743 45d4] <app>[  TcpHandler] - HandleMessage begin
[2020-11-23 16:46:13 743 45d4] <app>[  TcpHandler] - OnRspQryTradingAccount - [Rohon][123456] 0.00 0.00 0.00  0.00 0.00 0.00 0.00 0.00  0.00 0.00 0.00 0.00 0.00  0.00 0.00 0.00 0.00 0.00  0.00 0.00 0.00 [20201123] 0  0.00 0.00 0.00 0.00 0.00
[2020-11-23 16:46:13 743 45d4] <app>[  TcpHandler] - HandleMessage end
[2020-11-23 16:46:14 858 3fb0] <app>[    RohonApi] - ReqQryBigLegRule
[2020-11-23 16:46:14 858 45d4] <app>[  TcpHandler] - HandleMessage begin
[2020-11-23 16:46:14 858 45d4] <app>[  TcpHandler] - OnRspQryBigLegRule
[2020-11-23 16:46:14 858 45d4] <app>[  TcpHandler] - HandleMessage end
[2020-11-23 16:46:14 858 45d4] <app>[  TcpHandler] - HandleMessage begin
[2020-11-23 16:46:14 858 45d4] <app>[  TcpHandler] - OnRspQryBigLegRule
[2020-11-23 16:46:14 858 45d4] <app>[  TcpHandler] - HandleMessage end
[2020-11-23 16:46:14 858 45d4] <app>[  TcpHandler] - HandleMessage begin
[2020-11-23 16:46:14 859 45d4] <app>[  TcpHandler] - OnRspQryBigLegRule
[2020-11-23 16:46:14 859 45d4] <app>[  TcpHandler] - HandleMessage end
[2020-11-23 16:46:15 960 3fb0] <app>[    TradeApi] - ReqQryExchange
[2020-11-23 16:46:15 961 45d4] <app>[  TcpHandler] - HandleMessage begin
[2020-11-23 16:46:15 961 45d4] <app>[  TcpHandler] - OnRspQryExchange
[2020-11-23 16:46:15 961 45d4] <app>[  TcpHandler] - HandleMessage end
[2020-11-23 16:46:17 072 3fb0] <app>[    TradeApi] - ReqQryInvestorPositionDetail
[2020-11-23 16:46:17 074 45d4] <app>[  TcpHandler] - HandleMessage begin
[2020-11-23 16:46:17 074 45d4] <app>[  TcpHandler] - OnRspQryInvestorPositionDetail
[2020-11-23 16:46:17 074 45d4] <app>[  TcpHandler] - OnRspQryInvestorPositionDetail -- [][][]'
[2020-11-23 16:46:17 075 45d4] <app>[  TcpHandler] - HandleMessage end
[2020-11-23 16:46:18 185 45d4] <app>[  TcpHandler] - HandleMessage begin
[2020-11-23 16:46:18 185 45d4] <app>[  TcpHandler] - OnRspQryParkedOrder
[2020-11-23 16:46:18 185 45d4] <app>[  TcpHandler] - HandleMessage end
[2020-11-23 16:46:19 296 45d4] <app>[  TcpHandler] - HandleMessage begin
[2020-11-23 16:46:19 296 45d4] <app>[  TcpHandler] - OnRspQryTerminateOrder
[2020-11-23 16:46:19 296 45d4] <app>[  TcpHandler] - HandleMessage end
[2020-11-23 16:46:20 403 45d4] <app>[  TcpHandler] - HandleMessage begin
[2020-11-23 16:46:20 403 45d4] <app>[  TcpHandler] - HandleMessage end
[2020-11-23 16:46:21 515 3fb0] <app>[    TradeApi] - ReqQryInvestor
[2020-11-23 16:46:21 516 45d4] <app>[  TcpHandler] - HandleMessage begin
[2020-11-23 16:46:21 516 45d4] <app>[  TcpHandler] - OnRspQryInvestor
[2020-11-23 16:46:21 516 45d4] <app>[  TcpHandler] - HandleMessage end
[2020-11-23 16:46:22 626 3fb0] <app>[    TradeApi] - ReqQryOrder
[2020-11-23 16:46:22 629 45d4] <app>[  TcpHandler] - HandleMessage begin
[2020-11-23 16:46:22 629 45d4] <app>[  TcpHandler] - OnRspQryOrder
[2020-11-23 16:46:22 629 45d4] <app>[  TcpHandler] - HandleMessage end
[2020-11-23 16:46:23 725 3fb0] <app>[    TradeApi] - ReqQryTrade
[2020-11-23 16:46:23 727 45d4] <app>[  TcpHandler] - HandleMessage begin
[2020-11-23 16:46:23 727 45d4] <app>[  TcpHandler] - OnRspQryTrade
[2020-11-23 16:46:23 727 45d4] <app>[  TcpHandler] - HandleMessage end
[2020-11-23 16:46:24 837 3fb0] <app>[    TradeApi] - ReqQryInvestorPositionCombineDetail
[2020-11-23 16:46:24 839 45d4] <app>[  TcpHandler] - HandleMessage begin
[2020-11-23 16:46:24 839 45d4] <app>[  TcpHandler] - OnRspQryInvestorPositionCombineDetail
[2020-11-23 16:46:24 839 45d4] <app>[  TcpHandler] - HandleMessage end
[2020-11-23 16:46:25 505 4e68] <app>[    TradeApi] - Release-->
[2020-11-23 16:46:25 505 4e68] <app>[    TradeApi] - Release<--
[2020-11-23 16:46:35 958 4e30] <app> - rh_api_init 20201123:163222
[2020-11-23 16:46:38 683 4e30] <app>[    TradeApi] - [IP:192.168.1.61][MAC:E4-54-E8-E0-B4-DE]
[2020-11-23 16:46:38 683 4e30] <app>[    TradeApi] - [IP:0.0.0.0][MAC:E8-6F-38-C8-8D-BA]
[2020-11-23 16:46:38 683 4e30] <app>[    TradeApi] - [IP:192.168.19.1][MAC:00-50-56-C0-00-01]
[2020-11-23 16:46:38 683 4e30] <app>[    TradeApi] - [IP:192.168.91.1][MAC:00-50-56-C0-00-08]
[2020-11-23 16:46:38 683 4e30] <app>[    TradeApi] - [IP:0.0.0.0][MAC:E8-6F-38-C8-8D-B9]
[2020-11-23 16:46:38 683 4e30] <app>[    TradeApi] - [IP:0.0.0.0][MAC:1A-6F-38-C8-8D-B9]
[2020-11-23 16:46:38 683 4e30] <app>[    TradeApi] - [IP:0.0.0.0][MAC:2A-6F-38-C8-8D-B9]
[2020-11-23 16:46:38 683 4e30] Load RohonHardDriver.dll failed 126
[2020-11-23 16:46:38 683 4e30] Load FemasDLL failed 126
[2020-11-23 16:46:41 093 4e30] <app>[RohonTraderApi] - size=264
[2020-11-23 16:46:41 093 4e30] <app>[ CreateRHApi] - CreateRHTraderApi client version 1.4.2.9
[2020-11-23 16:46:41 093 4e30] <app>[    TradeApi] - RegisterSpi [0x01cf8f58]
[2020-11-23 16:46:41 093 4e30] <app>[    TradeApi] - SubscribePrivateTopic
[2020-11-23 16:46:41 093 4e30] <app>[    TradeApi] - SubscribePublicTopic
[2020-11-23 16:46:41 093 4e30] <app>[    TradeApi] - RegisterFront tcp://192.168.1.50:10001
[2020-11-23 16:46:41 093 4e30] <app>[    TradeApi] - Init
[2020-11-23 16:46:41 113 4d8c] <app>[  TcpHandler] - OnConnectOk begin
[2020-11-23 16:46:41 113 4d8c] <app>[  TcpHandler] - OnConnectOk end
[2020-11-23 16:46:41 113 4e30] <app>[    TradeApi] - ReqUserLogin
[2020-11-23 16:46:41 113 4e30] <app>[    TradeApi] - ReqUserLogin [123456] [192.168.1.61] [E4-54-E8-E0-B4-DE]
[2020-11-23 16:46:41 115 4d8c] <app>[  TcpHandler] - HandleMessage begin
[2020-11-23 16:46:41 115 4d8c] <app>[  TcpHandler] - RspUserLogin
[2020-11-23 16:46:41 115 4d8c] <app>[  TcpHandler] - HandleMessage end
[2020-11-23 16:46:53 107 23b0] <app>[   HeartBeat] - OnTimer begin
[2020-11-23 16:46:53 107 23b0] <app>[   HeartBeat] - Send HeartBeat
[2020-11-23 16:46:53 107 23b0] <app>[   HeartBeat] - OnTimer end
[2020-11-23 16:46:53 109 4d8c] <app>[  TcpHandler] - receive HeartBeat
[2020-11-23 16:46:53 109 4d8c] <app>[   HeartBeat] - Set HeartBeat Timer 0x00050006
[2020-11-23 16:47:05 110 23b0] <app>[   HeartBeat] - OnTimer begin
[2020-11-23 16:47:05 110 23b0] <app>[   HeartBeat] - Send HeartBeat
[2020-11-23 16:47:05 110 23b0] <app>[   HeartBeat] - OnTimer end
[2020-11-23 16:47:05 110 4d8c] <app>[  TcpHandler] - receive HeartBeat
[2020-11-23 16:47:05 110 4d8c] <app>[   HeartBeat] - Set HeartBeat Timer 0x00070008
[2020-11-23 16:47:09 163 4e30] <app>[    TradeApi] - Release-->
[2020-11-23 16:47:09 163 4e30] <app>[    TradeApi] - Release<--
[2020-11-23 16:47:18 744 4c04] <app> - rh_api_init 20201123:163222
[2020-11-23 16:47:21 438 4c04] <app>[    TradeApi] - [IP:192.168.1.61][MAC:E4-54-E8-E0-B4-DE]
[2020-11-23 16:47:21 438 4c04] <app>[    TradeApi] - [IP:0.0.0.0][MAC:E8-6F-38-C8-8D-BA]
[2020-11-23 16:47:21 438 4c04] <app>[    TradeApi] - [IP:192.168.19.1][MAC:00-50-56-C0-00-01]
[2020-11-23 16:47:21 438 4c04] <app>[    TradeApi] - [IP:192.168.91.1][MAC:00-50-56-C0-00-08]
[2020-11-23 16:47:21 438 4c04] <app>[    TradeApi] - [IP:0.0.0.0][MAC:E8-6F-38-C8-8D-B9]
[2020-11-23 16:47:21 438 4c04] <app>[    TradeApi] - [IP:0.0.0.0][MAC:1A-6F-38-C8-8D-B9]
[2020-11-23 16:47:21 438 4c04] <app>[    TradeApi] - [IP:0.0.0.0][MAC:2A-6F-38-C8-8D-B9]
[2020-11-23 16:47:21 438 4c04] Load RohonHardDriver.dll failed 126
[2020-11-23 16:47:21 438 4c04] Load FemasDLL failed 126
[2020-11-23 16:47:23 824 4c04] <app>[RohonTraderApi] - size=264
[2020-11-23 16:47:23 824 4c04] <app>[ CreateRHApi] - CreateRHTraderApi client version 1.4.2.9
[2020-11-23 16:47:23 824 4c04] <app>[    TradeApi] - RegisterSpi [0x01b08f58]
[2020-11-23 16:47:23 824 4c04] <app>[    TradeApi] - SubscribePrivateTopic
[2020-11-23 16:47:23 824 4c04] <app>[    TradeApi] - SubscribePublicTopic
[2020-11-23 16:47:23 824 4c04] <app>[    TradeApi] - RegisterFront tcp://192.168.1.50:10001
[2020-11-23 16:47:23 824 4c04] <app>[    TradeApi] - Init
[2020-11-23 16:47:23 883 40bc] <app>[  TcpHandler] - OnConnectOk begin
[2020-11-23 16:47:23 883 40bc] <app>[  TcpHandler] - OnConnectOk end
[2020-11-23 16:47:23 884 4c04] <app>[    TradeApi] - ReqUserLogin
[2020-11-23 16:47:23 884 4c04] <app>[    TradeApi] - ReqUserLogin [123456] [192.168.1.61] [E4-54-E8-E0-B4-DE]
[2020-11-23 16:47:23 885 40bc] <app>[  TcpHandler] - HandleMessage begin
[2020-11-23 16:47:23 885 40bc] <app>[  TcpHandler] - RspUserLogin
[2020-11-23 16:47:23 885 40bc] <app>[  TcpHandler] - HandleMessage end
[2020-11-23 16:47:35 890 3fc8] <app>[   HeartBeat] - OnTimer begin
[2020-11-23 16:47:35 890 3fc8] <app>[   HeartBeat] - Send HeartBeat
[2020-11-23 16:47:35 890 3fc8] <app>[   HeartBeat] - OnTimer end
[2020-11-23 16:47:35 890 40bc] <app>[  TcpHandler] - receive HeartBeat
[2020-11-23 16:47:35 890 40bc] <app>[   HeartBeat] - Set HeartBeat Timer 0x00050006
[2020-11-23 16:47:47 884 3fc8] <app>[   HeartBeat] - OnTimer begin
[2020-11-23 16:47:47 884 3fc8] <app>[   HeartBeat] - Send HeartBeat
[2020-11-23 16:47:47 884 3fc8] <app>[   HeartBeat] - OnTimer end
[2020-11-23 16:47:47 885 40bc] <app>[  TcpHandler] - receive HeartBeat
[2020-11-23 16:47:47 885 40bc] <app>[   HeartBeat] - Set HeartBeat Timer 0x00070008
[2020-11-23 16:47:59 883 3fc8] <app>[   HeartBeat] - OnTimer begin
[2020-11-23 16:47:59 883 3fc8] <app>[   HeartBeat] - Send HeartBeat
[2020-11-23 16:47:59 883 3fc8] <app>[   HeartBeat] - OnTimer end
[2020-11-23 16:47:59 883 40bc] <app>[  TcpHandler] - receive HeartBeat
[2020-11-23 16:47:59 883 40bc] <app>[   HeartBeat] - Set HeartBeat Timer 0x0009000a
[2020-11-23 16:48:11 887 3fc8] <app>[   HeartBeat] - OnTimer begin
[2020-11-23 16:48:11 887 3fc8] <app>[   HeartBeat] - Send HeartBeat
[2020-11-23 16:48:11 887 3fc8] <app>[   HeartBeat] - OnTimer end
[2020-11-23 16:48:11 887 40bc] <app>[  TcpHandler] - receive HeartBeat
[2020-11-23 16:48:11 887 40bc] <app>[   HeartBeat] - Set HeartBeat Timer 0x000b000c
[2020-11-23 16:48:23 891 3fc8] <app>[   HeartBeat] - OnTimer begin
[2020-11-23 16:48:23 891 3fc8] <app>[   HeartBeat] - Send HeartBeat
[2020-11-23 16:48:23 891 3fc8] <app>[   HeartBeat] - OnTimer end
[2020-11-23 16:48:23 891 40bc] <app>[  TcpHandler] - receive HeartBeat
[2020-11-23 16:48:23 891 40bc] <app>[   HeartBeat] - Set HeartBeat Timer 0x000d000e
[2020-11-23 16:48:35 891 3fc8] <app>[   HeartBeat] - OnTimer begin
[2020-11-23 16:48:35 891 3fc8] <app>[   HeartBeat] - Send HeartBeat
[2020-11-23 16:48:35 891 3fc8] <app>[   HeartBeat] - OnTimer end
[2020-11-23 16:48:35 892 40bc] <app>[  TcpHandler] - receive HeartBeat
[2020-11-23 16:48:35 892 40bc] <app>[   HeartBeat] - Set HeartBeat Timer 0x000f0010
[2020-11-23 16:48:47 883 3fc8] <app>[   HeartBeat] - OnTimer begin
[2020-11-23 16:48:47 883 3fc8] <app>[   HeartBeat] - Send HeartBeat
[2020-11-23 16:48:47 883 3fc8] <app>[   HeartBeat] - OnTimer end
[2020-11-23 16:48:47 884 40bc] <app>[  TcpHandler] - receive HeartBeat
[2020-11-23 16:48:47 884 40bc] <app>[   HeartBeat] - Set HeartBeat Timer 0x00110012
[2020-11-23 16:48:56 825 4c04] <app>[    TradeApi] - Release-->
[2020-11-23 16:48:56 825 4c04] <app>[    TradeApi] - Release<--
