[2020-12-02 14:58:44 447 1e28] <app>[   RHMDApi][     InitApi] - CreateFtdcMdApi static Version Foreign 29.4.1.1
[2020-12-02 14:58:44 447 1e28] <app>[   RHMDApi][      RegSpi] - RegisterSpi [0x04485e24]
[2020-12-02 14:58:44 447 1e28] <app>[   RHMDApi][    RegFront] - RegisterFront : tcp://192.168.1.37:21222
[2020-12-02 14:58:44 447 1e28] <app>[   RHMDApi][        Init] - Init version:2.0.0.1--->
[2020-12-02 14:58:44 447 1e28] <app>[   RHMDApi][        Init] - Init <---
[2020-12-02 14:58:44 522 27d8] <app>[   RHMDApi][ OnConnectOk] - OnConnectOk begin
[2020-12-02 14:58:44 522 27d8] <app>[   RHMDApi][ OnConnectOk] - OnConnectOk end
[2020-12-02 14:58:44 522 27d8] <dbg>[   RHMDApi][      HNDMSG] - [HandleMessage]
[2020-12-02 14:58:56 526 11bc] <app>[   RHMDApi][   HeartBeat] - OnTimer begin
[2020-12-02 14:58:56 526 11bc] <app>[   RHMDApi][   HeartBeat] - Send HeartBeat
[2020-12-02 14:58:56 526 11bc] <app>[   RHMDApi][   HeartBeat] - OnTimer end
[2020-12-02 14:58:56 527 27d8] <app>[   RHMDApi][      DataOK] - receive HeartBeat
[2020-12-02 14:58:56 527 27d8] <app>[   RHMDApi][   HeartBeat] - Set HeartBeat Timer 0x00040005
[2020-12-02 14:59:08 520 11bc] <app>[   RHMDApi][   HeartBeat] - OnTimer begin
[2020-12-02 14:59:08 520 11bc] <app>[   RHMDApi][   HeartBeat] - Send HeartBeat
[2020-12-02 14:59:08 520 11bc] <app>[   RHMDApi][   HeartBeat] - OnTimer end
[2020-12-02 14:59:08 521 27d8] <app>[   RHMDApi][      DataOK] - receive HeartBeat
[2020-12-02 14:59:08 521 27d8] <app>[   RHMDApi][   HeartBeat] - Set HeartBeat Timer 0x00060007
[2020-12-02 14:59:20 518 11bc] <app>[   RHMDApi][   HeartBeat] - OnTimer begin
[2020-12-02 14:59:20 518 11bc] <app>[   RHMDApi][   HeartBeat] - Send HeartBeat
[2020-12-02 14:59:20 518 11bc] <app>[   RHMDApi][   HeartBeat] - OnTimer end
[2020-12-02 14:59:20 518 27d8] <app>[   RHMDApi][      DataOK] - receive HeartBeat
[2020-12-02 14:59:20 518 27d8] <app>[   RHMDApi][   HeartBeat] - Set HeartBeat Timer 0x00080009
[2020-12-02 14:59:32 526 11bc] <app>[   RHMDApi][   HeartBeat] - OnTimer begin
[2020-12-02 14:59:32 526 11bc] <app>[   RHMDApi][   HeartBeat] - Send HeartBeat
[2020-12-02 14:59:32 526 11bc] <app>[   RHMDApi][   HeartBeat] - OnTimer end
[2020-12-02 14:59:32 527 27d8] <app>[   RHMDApi][      DataOK] - receive HeartBeat
[2020-12-02 14:59:32 527 27d8] <app>[   RHMDApi][   HeartBeat] - Set HeartBeat Timer 0x000a000b
[2020-12-02 14:59:44 520 11bc] <app>[   RHMDApi][   HeartBeat] - OnTimer begin
[2020-12-02 14:59:44 520 11bc] <app>[   RHMDApi][   HeartBeat] - Send HeartBeat
[2020-12-02 14:59:44 520 11bc] <app>[   RHMDApi][   HeartBeat] - OnTimer end
[2020-12-02 14:59:44 520 27d8] <app>[   RHMDApi][      DataOK] - receive HeartBeat
[2020-12-02 14:59:44 520 27d8] <app>[   RHMDApi][   HeartBeat] - Set HeartBeat Timer 0x000c000d
[2020-12-02 14:59:56 526 11bc] <app>[   RHMDApi][   HeartBeat] - OnTimer begin
[2020-12-02 14:59:56 526 11bc] <app>[   RHMDApi][   HeartBeat] - Send HeartBeat
[2020-12-02 14:59:56 526 11bc] <app>[   RHMDApi][   HeartBeat] - OnTimer end
[2020-12-02 14:59:56 526 27d8] <app>[   RHMDApi][      DataOK] - receive HeartBeat
[2020-12-02 14:59:56 527 27d8] <app>[   RHMDApi][   HeartBeat] - Set HeartBeat Timer 0x000e000f
[2020-12-02 15:00:08 525 11bc] <app>[   RHMDApi][   HeartBeat] - OnTimer begin
[2020-12-02 15:00:08 525 11bc] <app>[   RHMDApi][   HeartBeat] - Send HeartBeat
[2020-12-02 15:00:08 525 11bc] <app>[   RHMDApi][   HeartBeat] - OnTimer end
[2020-12-02 15:00:08 846 27d8] <app>[   RHMDApi][      DataOK] - receive HeartBeat
[2020-12-02 15:00:08 846 27d8] <app>[   RHMDApi][   HeartBeat] - Set HeartBeat Timer 0x00100011
