[2020-11-24 09:23:48 429 5470] <app>version: 5.31.70.7
[2020-11-24 09:23:48 430 5470] orderfee: 1.00
[2020-11-24 09:23:48 430 5470] <app><tradeDir>: D:\PyCharm 2020.2.3\pythonProject\Rohon_managementplatform_web\demo\trader\FUT_RHA
[2020-11-24 09:23:49 797 5470] Thread(MP_TimerThread(Rohon_TimerManager))[0x3f8c] create by thread[0x5470] suspend
[2020-11-24 09:23:49 797 5470] <app><TraderDllType>[1699][version:5]
[2020-11-24 09:23:49 797 3f8c] [0x0151eb10]create THREAD[3f8c:348](MP_TimerThread(Rohon_TimerManager))
[2020-11-24 09:23:49 797 3f8c] THREAD[0x3f8c:348](MP_TimerThread(Rohon_TimerManager)) runing
[2020-11-24 09:23:49 799 5470] <app><MDDllType>[1788][version:5]
[2020-11-24 09:23:49 842 5470] Thread(CheckUpdateThread)[0x5728] create by thread[0x5470] suspend
[2020-11-24 09:23:49 842 5728] [0x015233b0]create THREAD[5728:348](CheckUpdateThread)
[2020-11-24 09:23:49 842 5728] THREAD[0x5728:348](CheckUpdateThread) runing
[2020-11-24 09:23:49 842 5470] Thread(SockTranferWorkThread)[0x3638] create by thread[0x5470] suspend
[2020-11-24 09:23:49 842 5470] Thread(SockConnectWorkThread)[0x4aa4] create by thread[0x5470] suspend
[2020-11-24 09:23:49 843 3638] [0x01524ad0]create THREAD[3638:348](SockTranferWorkThread)
[2020-11-24 09:23:49 843 3638] THREAD[0x3638:348](SockTranferWorkThread) runing
[2020-11-24 09:23:49 843 4aa4] [0x015249c0]create THREAD[4aa4:348](SockConnectWorkThread)
[2020-11-24 09:23:49 843 4aa4] THREAD[0x4aa4:348](SockConnectWorkThread) runing
[2020-11-24 09:23:50 156 5470] <debug>init loginDlg over
[2020-11-24 09:23:58 502 1618] [警告] !!!!!!!线程[0x00005728:CheckUpdateThread] 9 秒无响应,状态：运行 !!!!!!!
[2020-11-24 09:23:59 353 5728] <error>Connect server[-210.22.96.59] fail!
[2020-11-24 09:23:59 353 5728] <error>Fail to get the update server info.
[2020-11-24 09:23:59 454 5728] thread[5728](CheckUpdateThread) WaitFor self.
[2020-11-24 09:23:59 454 5728] THREAD[0x5728:348](CheckUpdateThread) exit.
[2020-11-24 09:24:08 570 1618] [警告] !!!!!!!线程[0x00005728:CheckUpdateThread] 19 秒无响应,状态：运行 !!!!!!!
[2020-11-24 09:24:18 629 1618] [警告] !!!!!!!线程[0x00005728:CheckUpdateThread] 29 秒无响应,状态：运行 !!!!!!!
[2020-11-24 09:24:28 694 1618] [警告] !!!!!!!线程[0x00005728:CheckUpdateThread] 39 秒无响应,状态：运行 !!!!!!!
[2020-11-24 09:24:38 769 1618] [警告] !!!!!!!线程[0x00005728:CheckUpdateThread] 49 秒无响应,状态：运行 !!!!!!!
[2020-11-24 09:24:48 835 1618] [警告] !!!!!!!线程[0x00005728:CheckUpdateThread] 59 秒无响应,状态：运行 !!!!!!!
[2020-11-24 09:24:58 896 1618] [警告] !!!!!!!线程[0x00005728:CheckUpdateThread] 69 秒无响应,状态：运行 !!!!!!!
[2020-11-24 09:25:08 961 1618] [警告] !!!!!!!线程[0x00005728:CheckUpdateThread] 79 秒无响应,状态：运行 !!!!!!!
[2020-11-24 09:25:19 027 1618] [警告] !!!!!!!线程[0x00005728:CheckUpdateThread] 90 秒无响应,状态：运行 !!!!!!!
[2020-11-24 09:25:29 079 1618] [警告] !!!!!!!线程[0x00005728:CheckUpdateThread] 100 秒无响应,状态：运行 !!!!!!!
[2020-11-24 09:25:39 143 1618] [警告] !!!!!!!线程[0x00005728:CheckUpdateThread] 110 秒无响应,状态：运行 !!!!!!!
[2020-11-24 09:25:49 206 1618] [警告] !!!!!!!线程[0x00005728:CheckUpdateThread] 120 秒无响应,状态：运行 !!!!!!!
[2020-11-24 09:25:59 279 1618] [警告] !!!!!!!线程[0x00005728:CheckUpdateThread] 130 秒无响应,状态：运行 !!!!!!!
[2020-11-24 09:26:09 352 1618] [警告] !!!!!!!线程[0x00005728:CheckUpdateThread] 140 秒无响应,状态：运行 !!!!!!!
[2020-11-24 09:26:19 425 1618] [警告] !!!!!!!线程[0x00005728:CheckUpdateThread] 150 秒无响应,状态：运行 !!!!!!!
[2020-11-24 09:26:29 498 1618] [警告] !!!!!!!线程[0x00005728:CheckUpdateThread] 160 秒无响应,状态：运行 !!!!!!!
[2020-11-24 09:26:39 571 1618] [警告] !!!!!!!线程[0x00005728:CheckUpdateThread] 170 秒无响应,状态：运行 !!!!!!!
[2020-11-24 09:26:49 645 1618] [警告] !!!!!!!线程[0x00005728:CheckUpdateThread] 180 秒无响应,状态：运行 !!!!!!!
[2020-11-24 09:26:59 718 1618] [警告] !!!!!!!线程[0x00005728:CheckUpdateThread] 190 秒无响应,状态：运行 !!!!!!!
[2020-11-24 09:27:09 793 1618] [警告] !!!!!!!线程[0x00005728:CheckUpdateThread] 200 秒无响应,状态：运行 !!!!!!!
[2020-11-24 09:27:19 867 1618] [警告] !!!!!!!线程[0x00005728:CheckUpdateThread] 210 秒无响应,状态：运行 !!!!!!!
[2020-11-24 09:27:29 940 1618] [警告] !!!!!!!线程[0x00005728:CheckUpdateThread] 220 秒无响应,状态：运行 !!!!!!!
[2020-11-24 09:27:40 013 1618] [警告] !!!!!!!线程[0x00005728:CheckUpdateThread] 231 秒无响应,状态：运行 !!!!!!!
[2020-11-24 09:27:50 086 1618] [警告] !!!!!!!线程[0x00005728:CheckUpdateThread] 241 秒无响应,状态：运行 !!!!!!!
[2020-11-24 09:28:00 159 1618] [警告] !!!!!!!线程[0x00005728:CheckUpdateThread] 251 秒无响应,状态：运行 !!!!!!!
[2020-11-24 09:28:10 232 1618] [警告] !!!!!!!线程[0x00005728:CheckUpdateThread] 261 秒无响应,状态：运行 !!!!!!!
[2020-11-24 09:28:20 305 1618] [警告] !!!!!!!线程[0x00005728:CheckUpdateThread] 271 秒无响应,状态：运行 !!!!!!!
[2020-11-24 09:28:30 378 1618] [警告] !!!!!!!线程[0x00005728:CheckUpdateThread] 281 秒无响应,状态：运行 !!!!!!!
[2020-11-24 09:28:40 451 1618] [警告] !!!!!!!线程[0x00005728:CheckUpdateThread] 291 秒无响应,状态：运行 !!!!!!!
[2020-11-24 09:28:42 072 5470] LoginDlg - BnClickedLogin
[2020-11-24 09:28:50 524 1618] [警告] !!!!!!!线程[0x00005728:CheckUpdateThread] 301 秒无响应,状态：运行 !!!!!!!
[2020-11-24 09:29:00 600 1618] [警告] !!!!!!!线程[0x00005728:CheckUpdateThread] 311 秒无响应,状态：运行 !!!!!!!
[2020-11-24 09:29:10 664 1618] [警告] !!!!!!!线程[0x00005728:CheckUpdateThread] 321 秒无响应,状态：运行 !!!!!!!
[2020-11-24 09:29:20 723 1618] [警告] !!!!!!!线程[0x00005728:CheckUpdateThread] 331 秒无响应,状态：运行 !!!!!!!
[2020-11-24 09:29:28 770 5470] ~CLoginDlg
[2020-11-24 09:29:28 840 5470] ExitInstance()!
[2020-11-24 09:29:28 840 5470] Release preload!
[2020-11-24 09:29:28 840 5470] Release TradeApi!
[2020-11-24 09:29:28 840 5470] Release MDAPI!
[2020-11-24 09:29:28 840 5470] Release DB!
[2020-11-24 09:29:28 840 5470] Release Ar DB!
[2020-11-24 09:29:28 844 5470] Release TraderConfig!
[2020-11-24 09:29:28 844 5470] Release Public!
[2020-11-24 09:29:28 844 5470] Release DefaultFont!
[2020-11-24 09:29:28 844 5470] Release Log!
[2020-11-24 09:29:36 917 5264] <app>version: 5.31.70.7
[2020-11-24 09:29:36 918 5264] orderfee: 1.00
[2020-11-24 09:29:36 918 5264] <app><tradeDir>: D:\PyCharm 2020.2.3\pythonProject\Rohon_managementplatform_web\demo\trader\FUT_RHA
[2020-11-24 09:29:37 357 5264] Thread(MP_TimerThread(Rohon_TimerManager))[0x2524] create by thread[0x5264] suspend
[2020-11-24 09:29:37 357 5264] <app><TraderDllType>[1699][version:5]
[2020-11-24 09:29:37 357 2524] [0x0150ebc0]create THREAD[2524:17824](MP_TimerThread(Rohon_TimerManager))
[2020-11-24 09:29:37 357 2524] THREAD[0x2524:17824](MP_TimerThread(Rohon_TimerManager)) runing
[2020-11-24 09:29:37 359 5264] <app><MDDllType>[1788][version:5]
[2020-11-24 09:29:37 389 5264] Thread(CheckUpdateThread)[0x4f48] create by thread[0x5264] suspend
[2020-11-24 09:29:37 389 4f48] [0x01513450]create THREAD[4f48:17824](CheckUpdateThread)
[2020-11-24 09:29:37 389 4f48] THREAD[0x4f48:17824](CheckUpdateThread) runing
[2020-11-24 09:29:37 389 5264] Thread(SockTranferWorkThread)[0x5450] create by thread[0x5264] suspend
[2020-11-24 09:29:37 389 5264] Thread(SockConnectWorkThread)[0x5238] create by thread[0x5264] suspend
[2020-11-24 09:29:37 389 5450] [0x01514b70]create THREAD[5450:17824](SockTranferWorkThread)
[2020-11-24 09:29:37 389 5450] THREAD[0x5450:17824](SockTranferWorkThread) runing
[2020-11-24 09:29:37 389 5238] [0x01514a60]create THREAD[5238:17824](SockConnectWorkThread)
[2020-11-24 09:29:37 390 5238] THREAD[0x5238:17824](SockConnectWorkThread) runing
[2020-11-24 09:29:37 588 5264] <debug>init loginDlg over
[2020-11-24 09:29:39 399 4f48] <error>Connect server[-210.22.96.59] fail!
[2020-11-24 09:29:39 399 4f48] <error>Fail to get the update server info.
[2020-11-24 09:29:39 501 4f48] thread[4f48](CheckUpdateThread) WaitFor self.
[2020-11-24 09:29:39 501 4f48] THREAD[0x4f48:17824](CheckUpdateThread) exit.
[2020-11-24 09:29:42 322 5264] LoginDlg - BnClickedLogin
[2020-11-24 09:29:42 322 5264] style error !
[2020-11-24 09:29:42 409 5264] <app><MdBrokerID>[Rohon]
[2020-11-24 09:29:42 409 5264] On _Init one
[2020-11-24 09:29:42 409 5264] Thread(RohonMarket)[0x543c] create by thread[0x5264] suspend
[2020-11-24 09:29:42 409 5264] 成功分配第1个定时资源组(每组256个资源)
[2020-11-24 09:29:42 409 543c] [0x015153f0]create THREAD[543c:17824](RohonMarket)
[2020-11-24 09:29:42 409 543c] THREAD[0x543c:17824](RohonMarket) runing
[2020-11-24 09:29:42 409 5264] [CTP]MDRegisterSpi
[2020-11-24 09:29:42 409 5264] [Init] [tcp://120.136.169.26:41215]
[2020-11-24 09:29:42 409 5264] [CTP]MD Init
[2020-11-24 09:29:42 410 5264] [CTP]MD Init completed!
[2020-11-24 09:29:42 410 5264] <app><TradeBrokerID>[Rohon]
[2020-11-24 09:29:42 410 5264] [version] RHTrader [5] [1699]
[2020-11-24 09:29:42 442 51a4] [CTP] On MDFrontConnected
[2020-11-24 09:29:42 442 51a4] [CTP] MD ReqUserLogin
[2020-11-24 09:29:42 446 51a4] On MDRspUserLogin()
[2020-11-24 09:29:42 446 51a4] MD Front[0] LoginTime=,SHFETime=
[2020-11-24 09:29:42 446 51a4] unsub all
[2020-11-24 09:29:42 446 51a4] sub all
[2020-11-24 09:29:44 918 5264] [Init] [tcp://192.168.1.50:10001]
[2020-11-24 09:29:44 939 5450] OnFrontConnected
[2020-11-24 09:29:44 940 5264] [0x00000001] ReqUserLogin
[2020-11-24 09:29:44 942 5450] [RSPLOG][0x00000001] [] [] [0] [0] [ ]
[2020-11-24 09:29:44 942 5450] [0x00000001] <Error> OnRspUserLogin,ErrorCode[-1:登录失败,密码错误]
[2020-11-24 09:29:46 976 5500] [警告] !!!!!!!线程[0x00004f48:CheckUpdateThread] 9 秒无响应,状态：运行 !!!!!!!
[2020-11-24 09:29:57 040 5500] [警告] !!!!!!!线程[0x00004f48:CheckUpdateThread] 20 秒无响应,状态：运行 !!!!!!!
[2020-11-24 09:30:07 099 5500] [警告] !!!!!!!线程[0x00004f48:CheckUpdateThread] 30 秒无响应,状态：运行 !!!!!!!
[2020-11-24 09:30:15 443 5264] ~CLoginDlg
[2020-11-24 09:30:15 443 5264] ExitInstance()!
[2020-11-24 09:30:15 443 5264] Release preload!
[2020-11-24 09:30:15 443 5264] Release TradeApi!
[2020-11-24 09:30:15 443 5264] TradeAPI Release 
[2020-11-24 09:30:15 444 5264] Release MDAPI!
[2020-11-24 09:30:15 452 543c] THREAD[0x543c:17824](RohonMarket) exit.
[2020-11-24 09:30:15 452 5264] thread[543c](RohonMarket) state=-1 WaitFor(end) return 0.
[2020-11-24 09:30:15 452 5264] !!ClearTimer(identify=0x2) 失败,对象不匹配,real id=0x1!!
[2020-11-24 09:30:15 452 5264] thread[543c](RohonMarket) state=-1 WaitFor return 0.
[2020-11-24 09:30:15 452 5264] Thread[0x5264] kill thread(0x543c)
[2020-11-24 09:30:15 452 5264] Release DB!
[2020-11-24 09:30:15 452 5264] Release Ar DB!
[2020-11-24 09:30:15 452 5264] Release TraderConfig!
[2020-11-24 09:30:15 452 5264] Release Public!
[2020-11-24 09:30:15 452 5264] Release DefaultFont!
[2020-11-24 09:30:15 452 5264] Release Log!
